This is pdfTeX, Version 3.1415926-1.40.11 (TeX Live 2010) (format=pdflatex 2010.7.21)  26 JUN 2012 16:25
entering extended mode
 \write18 enabled.
 file:line:error style messages enabled.
 %&-line parsing enabled.
**ch5.tex
(./ch5.tex
LaTeX2e <2009/09/24>
Babel <v3.8l> and hyphenation patterns for english, dumylang, nohyphenation, ge
rman-x-2009-06-19, ngerman-x-2009-06-19, ancientgreek, ibycus, arabic, armenian
, basque, bulgarian, catalan, pinyin, coptic, croatian, czech, danish, dutch, u
kenglish, usenglishmax, esperanto, estonian, farsi, finnish, french, galician, 
german, ngerman, swissgerman, monogreek, greek, hungarian, icelandic, assamese,
 bengali, gujarati, hindi, kannada, malayalam, marathi, oriya, panjabi, tamil, 
telugu, indonesian, interlingua, irish, italian, kurmanji, lao, latin, latvian,
 lithuanian, mongolian, mongolianlmc, bokmal, nynorsk, polish, portuguese, roma
nian, russian, sanskrit, serbian, slovak, slovenian, spanish, swedish, turkish,
 turkmen, ukrainian, uppersorbian, welsh, loaded.
(/Users/rachelyohay/Library/texmf/tex/latex/subfiles/subfiles.cls
Document Class: subfiles 2002/06/08 Federico Garcia
(/usr/local/texlive/2010/texmf-dist/tex/latex/tools/verbatim.sty
Package: verbatim 2003/08/22 v1.5q LaTeX2e package for verbatim enhancements
\every@verbatim=\toks14
\verbatim@line=\toks15
\verbatim@in@stream=\read1
)
Preamble taken from file `dissertation.tex'
(./dissertation.tex
(/usr/local/texlive/2010/texmf-dist/tex/latex/base/report.cls
Document Class: report 2007/10/19 v1.4h Standard LaTeX document class
(/usr/local/texlive/2010/texmf-dist/tex/latex/base/size12.clo
File: size12.clo 2007/10/19 v1.4h Standard LaTeX file (size option)
)
\c@part=\count79
\c@chapter=\count80
\c@section=\count81
\c@subsection=\count82
\c@subsubsection=\count83
\c@paragraph=\count84
\c@subparagraph=\count85
\c@figure=\count86
\c@table=\count87
\abovecaptionskip=\skip41
\belowcaptionskip=\skip42
\bibindent=\dimen102
)
(/usr/local/texlive/2010/texmf-dist/tex/latex/graphics/graphicx.sty
Package: graphicx 1999/02/16 v1.0f Enhanced LaTeX Graphics (DPC,SPQR)

(/usr/local/texlive/2010/texmf-dist/tex/latex/graphics/keyval.sty
Package: keyval 1999/03/16 v1.13 key=value parser (DPC)
\KV@toks@=\toks16
)
(/usr/local/texlive/2010/texmf-dist/tex/latex/graphics/graphics.sty
Package: graphics 2009/02/05 v1.0o Standard LaTeX Graphics (DPC,SPQR)

(/usr/local/texlive/2010/texmf-dist/tex/latex/graphics/trig.sty
Package: trig 1999/03/16 v1.09 sin cos tan (DPC)
)
(/usr/local/texlive/2010/texmf-dist/tex/latex/latexconfig/graphics.cfg
File: graphics.cfg 2010/04/23 v1.9 graphics configuration of TeX Live
)
Package graphics Info: Driver file: pdftex.def on input line 91.

(/usr/local/texlive/2010/texmf-dist/tex/latex/pdftex-def/pdftex.def
File: pdftex.def 2010/02/14 v0.04n Graphics/color for pdfTeX
\Gread@gobject=\count88
))
\Gin@req@height=\dimen103
\Gin@req@width=\dimen104
)
(/usr/local/texlive/2010/texmf-dist/tex/latex/oberdiek/epstopdf.sty
Package: epstopdf 2010/02/09 v2.5 Conversion with epstopdf on the fly (HO)

(/usr/local/texlive/2010/texmf-dist/tex/latex/oberdiek/epstopdf-base.sty
Package: epstopdf-base 2010/02/09 v2.5 Base part for package epstopdf

(/usr/local/texlive/2010/texmf-dist/tex/generic/oberdiek/infwarerr.sty
Package: infwarerr 2010/04/08 v1.3 Providing info/warning/message (HO)
)
(/usr/local/texlive/2010/texmf-dist/tex/latex/oberdiek/grfext.sty
Package: grfext 2007/09/30 v1.0 Managing graphics extensions (HO)
)
(/usr/local/texlive/2010/texmf-dist/tex/latex/oberdiek/kvoptions.sty
Package: kvoptions 2010/02/22 v3.7 Keyval support for LaTeX options (HO)

(/usr/local/texlive/2010/texmf-dist/tex/generic/oberdiek/kvsetkeys.sty
Package: kvsetkeys 2010/03/01 v1.9 Key value parser (HO)

(/usr/local/texlive/2010/texmf-dist/tex/generic/oberdiek/etexcmds.sty
Package: etexcmds 2010/01/28 v1.3 Prefix for e-TeX command names (HO)
Package etexcmds Info: Could not find \expanded.
(etexcmds)             That can mean that you are not using pdfTeX 1.50 or
(etexcmds)             that some package has redefined \expanded.
(etexcmds)             In the latter case, load this package earlier.
)))
(/usr/local/texlive/2010/texmf-dist/tex/generic/oberdiek/pdftexcmds.sty
Package: pdftexcmds 2010/04/01 v0.9 Utility functions of pdfTeX for LuaTeX (HO)


(/usr/local/texlive/2010/texmf-dist/tex/generic/oberdiek/ifluatex.sty
Package: ifluatex 2010/03/01 v1.3 Provides the ifluatex switch (HO)
Package ifluatex Info: LuaTeX not detected.
)
(/usr/local/texlive/2010/texmf-dist/tex/generic/oberdiek/ltxcmds.sty
Package: ltxcmds 2010/04/26 v1.7 LaTeX kernel commands for general use (HO)
)
Package pdftexcmds Info: LuaTeX not detected.
Package pdftexcmds Info: \pdf@primitive is available.
Package pdftexcmds Info: \pdf@ifprimitive is available.
)
Package grfext Info: Graphics extension search list:
(grfext)             [.png,.pdf,.jpg,.mps,.jpeg,.jbig2,.jb2,.PNG,.PDF,.JPG,.JPE
G,.JBIG2,.JB2,.eps]
(grfext)             \AppendGraphicsExtensions on input line 436.

(/usr/local/texlive/2010/texmf-dist/tex/latex/latexconfig/epstopdf-sys.cfg
File: epstopdf-sys.cfg 2010/07/13 v1.3 Configuration of (r)epstopdf for TeX Liv
e
)))
(/usr/local/texlive/2010/texmf-dist/tex/latex/subfig/subfig.sty
Package: subfig 2005/06/28 ver: 1.3 subfig package

(/usr/local/texlive/2010/texmf-dist/tex/latex/caption/caption.sty
Package: caption 2010/01/09 v3.1m Customizing captions (AR)

(/usr/local/texlive/2010/texmf-dist/tex/latex/caption/caption3.sty
Package: caption3 2010/01/14 v3.1m caption3 kernel (AR)
\captionmargin=\dimen105
\captionmargin@=\dimen106
\captionwidth=\dimen107
\caption@indent=\dimen108
\caption@parindent=\dimen109
\caption@hangindent=\dimen110
)
\c@ContinuedFloat=\count89
)
\c@KVtest=\count90
\sf@farskip=\skip43
\sf@captopadj=\dimen111
\sf@capskip=\skip44
\sf@nearskip=\skip45
\c@subfigure=\count91
\c@subfigure@save=\count92
\c@lofdepth=\count93
\c@subtable=\count94
\c@subtable@save=\count95
\c@lotdepth=\count96
\sf@top=\skip46
\sf@bottom=\skip47
)
(/usr/local/texlive/2010/texmf-dist/tex/latex/tools/array.sty
Package: array 2008/09/09 v2.4c Tabular extension package (FMi)
\col@sep=\dimen112
\extrarowheight=\dimen113
\NC@list=\toks17
\extratabsurround=\skip48
\backup@length=\skip49
)
(/usr/local/texlive/2010/texmf-dist/tex/latex/url/url.sty
\Urlmuskip=\muskip10
Package: url 2006/04/12  ver 3.3  Verb mode for urls, etc.
)
(/usr/local/texlive/2010/texmf-dist/tex/latex/graphics/color.sty
Package: color 2005/11/14 v1.0j Standard LaTeX Color (DPC)

(/usr/local/texlive/2010/texmf-dist/tex/latex/latexconfig/color.cfg
File: color.cfg 2007/01/18 v1.5 color configuration of teTeX/TeXLive
)
Package color Info: Driver file: pdftex.def on input line 130.
)
(/usr/local/texlive/2010/texmf-dist/tex/latex/amsfonts/amssymb.sty
Package: amssymb 2009/06/22 v3.00

(/usr/local/texlive/2010/texmf-dist/tex/latex/amsfonts/amsfonts.sty
Package: amsfonts 2009/06/22 v3.00 Basic AMSFonts support
\@emptytoks=\toks18
\symAMSa=\mathgroup4
\symAMSb=\mathgroup5
LaTeX Font Info:    Overwriting math alphabet `\mathfrak' in version `bold'
(Font)                  U/euf/m/n --> U/euf/b/n on input line 96.
))
(/usr/local/texlive/2010/texmf-dist/tex/latex/mh/mathtools.sty
Package: mathtools 2010/07/11 v1.08 mathematical typesetting tools (MH)

(/usr/local/texlive/2010/texmf-dist/tex/latex/tools/calc.sty
Package: calc 2007/08/22 v4.3 Infix arithmetic (KKT,FJ)
\calc@Acount=\count97
\calc@Bcount=\count98
\calc@Adimen=\dimen114
\calc@Bdimen=\dimen115
\calc@Askip=\skip50
\calc@Bskip=\skip51
LaTeX Info: Redefining \setlength on input line 76.
LaTeX Info: Redefining \addtolength on input line 77.
\calc@Ccount=\count99
\calc@Cskip=\skip52
)
(/usr/local/texlive/2010/texmf-dist/tex/latex/mh/mhsetup.sty
Package: mhsetup 2010/01/21 v1.2a programming setup (MH)
)
(/usr/local/texlive/2010/texmf-dist/tex/latex/amsmath/amsmath.sty
Package: amsmath 2000/07/18 v2.13 AMS math features
\@mathmargin=\skip53

For additional information on amsmath, use the `?' option.
(/usr/local/texlive/2010/texmf-dist/tex/latex/amsmath/amstext.sty
Package: amstext 2000/06/29 v2.01

(/usr/local/texlive/2010/texmf-dist/tex/latex/amsmath/amsgen.sty
File: amsgen.sty 1999/11/30 v2.0
\@emptytoks=\toks19
\ex@=\dimen116
))
(/usr/local/texlive/2010/texmf-dist/tex/latex/amsmath/amsbsy.sty
Package: amsbsy 1999/11/29 v1.2d
\pmbraise@=\dimen117
)
(/usr/local/texlive/2010/texmf-dist/tex/latex/amsmath/amsopn.sty
Package: amsopn 1999/12/14 v2.01 operator names
)
\inf@bad=\count100
LaTeX Info: Redefining \frac on input line 211.
\uproot@=\count101
\leftroot@=\count102
LaTeX Info: Redefining \overline on input line 307.
\classnum@=\count103
\DOTSCASE@=\count104
LaTeX Info: Redefining \ldots on input line 379.
LaTeX Info: Redefining \dots on input line 382.
LaTeX Info: Redefining \cdots on input line 467.
\Mathstrutbox@=\box26
\strutbox@=\box27
\big@size=\dimen118
LaTeX Font Info:    Redeclaring font encoding OML on input line 567.
LaTeX Font Info:    Redeclaring font encoding OMS on input line 568.
\macc@depth=\count105
\c@MaxMatrixCols=\count106
\dotsspace@=\muskip11
\c@parentequation=\count107
\dspbrk@lvl=\count108
\tag@help=\toks20
\row@=\count109
\column@=\count110
\maxfields@=\count111
\andhelp@=\toks21
\eqnshift@=\dimen119
\alignsep@=\dimen120
\tagshift@=\dimen121
\tagwidth@=\dimen122
\totwidth@=\dimen123
\lineht@=\dimen124
\@envbody=\toks22
\multlinegap=\skip54
\multlinetaggap=\skip55
\mathdisplay@stack=\toks23
LaTeX Info: Redefining \[ on input line 2666.
LaTeX Info: Redefining \] on input line 2667.
)
\g_MT_multlinerow_int=\count112
\l_MT_multwidth_dim=\dimen125
)
(/Users/rachelyohay/Library/texmf/tex/latex/subfiles/subfiles.sty
Package: subfiles 2002/06/08 Federico Garcia
)
(/usr/local/texlive/2010/texmf-dist/tex/latex/geometry/geometry.sty
Package: geometry 2010/07/13 v5.5 Page Geometry

(/usr/local/texlive/2010/texmf-dist/tex/generic/oberdiek/ifpdf.sty
Package: ifpdf 2010/01/28 v2.1 Provides the ifpdf switch (HO)
Package ifpdf Info: pdfTeX in pdf mode detected.
)
(/usr/local/texlive/2010/texmf-dist/tex/generic/oberdiek/ifvtex.sty
Package: ifvtex 2010/03/01 v1.5 Switches for detecting VTeX and its modes (HO)
Package ifvtex Info: VTeX not detected.
)
\Gm@cnth=\count113
\Gm@cntv=\count114
\c@Gm@tempcnt=\count115
\Gm@bindingoffset=\dimen126
\Gm@wd@mp=\dimen127
\Gm@odd@mp=\dimen128
\Gm@even@mp=\dimen129
\Gm@layoutwidth=\dimen130
\Gm@layoutheight=\dimen131
\Gm@layouthoffset=\dimen132
\Gm@layoutvoffset=\dimen133
\Gm@dimlist=\toks24
)
(/usr/local/texlive/2010/texmf-dist/tex/latex/setspace/setspace.sty
Package: setspace 2000/12/01 6.7 Contributed and Supported LaTeX2e package

Package: `setspace' 6.7 <2000/12/01>
) (/usr/local/texlive/2010/texmf-dist/tex/latex/multirow/multirow.sty
\bigstrutjot=\dimen134
)
(/usr/local/texlive/2010/texmf-dist/tex/latex/hyperref/hyperref.sty
Package: hyperref 2010/06/18 v6.81g Hypertext links for LaTeX

(/usr/local/texlive/2010/texmf-dist/tex/generic/oberdiek/pdfescape.sty
Package: pdfescape 2010/03/01 v1.9 Provides hex, PDF name and string conversion
s (HO)
)
(/usr/local/texlive/2010/texmf-dist/tex/generic/ifxetex/ifxetex.sty
Package: ifxetex 2009/01/23 v0.5 Provides ifxetex conditional
)
(/usr/local/texlive/2010/texmf-dist/tex/latex/oberdiek/hycolor.sty
Package: hycolor 2009/12/12 v1.6 Color options of hyperref/bookmark (HO)

(/usr/local/texlive/2010/texmf-dist/tex/latex/oberdiek/xcolor-patch.sty
Package: xcolor-patch 2009/12/12 xcolor patch
))
(/usr/local/texlive/2010/texmf-dist/tex/latex/oberdiek/letltxmacro.sty
Package: letltxmacro 2008/06/24 v1.3 Let assignment for LaTeX macros (HO)
)
\@linkdim=\dimen135
\Hy@linkcounter=\count116
\Hy@pagecounter=\count117

(/usr/local/texlive/2010/texmf-dist/tex/latex/hyperref/pd1enc.def
File: pd1enc.def 2010/06/18 v6.81g Hyperref: PDFDocEncoding definition (HO)
)
(/usr/local/texlive/2010/texmf-dist/tex/generic/oberdiek/intcalc.sty
Package: intcalc 2007/09/27 v1.1 Expandable integer calculations (HO)
)
(/usr/local/texlive/2010/texmf-dist/tex/latex/latexconfig/hyperref.cfg
File: hyperref.cfg 2002/06/06 v1.2 hyperref configuration of TeXLive
)
Package hyperref Info: Hyper figures OFF on input line 3658.
Package hyperref Info: Link nesting OFF on input line 3663.
Package hyperref Info: Hyper index ON on input line 3666.
Package hyperref Info: Plain pages OFF on input line 3673.
Package hyperref Info: Backreferencing OFF on input line 3678.

Implicit mode ON; LaTeX internals redefined
Package hyperref Info: Bookmarks ON on input line 3874.
LaTeX Info: Redefining \url on input line 4159.
(/usr/local/texlive/2010/texmf-dist/tex/generic/oberdiek/bitset.sty
Package: bitset 2007/09/28 v1.0 Data type bit set (HO)

(/usr/local/texlive/2010/texmf-dist/tex/generic/oberdiek/bigintcalc.sty
Package: bigintcalc 2007/11/11 v1.1 Expandable big integer calculations (HO)
))
\Fld@menulength=\count118
\Field@Width=\dimen136
\Fld@charsize=\dimen137
\Field@toks=\toks25
Package hyperref Info: Hyper figures OFF on input line 5137.
Package hyperref Info: Link nesting OFF on input line 5142.
Package hyperref Info: Hyper index ON on input line 5145.
Package hyperref Info: backreferencing OFF on input line 5152.
Package hyperref Info: Link coloring OFF on input line 5157.
Package hyperref Info: Link coloring with OCG OFF on input line 5162.
Package hyperref Info: PDF/A mode OFF on input line 5167.
LaTeX Info: Redefining \ref on input line 5207.
LaTeX Info: Redefining \pageref on input line 5211.

(/usr/local/texlive/2010/texmf-dist/tex/generic/oberdiek/atbegshi.sty
Package: atbegshi 2010/03/25 v1.12 At begin shipout hook (HO)
)
\Hy@abspage=\count119
\c@Item=\count120
\c@Hfootnote=\count121
)
* hyperref using default driver hpdftex *
(/usr/local/texlive/2010/texmf-dist/tex/latex/hyperref/hpdftex.def
File: hpdftex.def 2010/06/18 v6.81g Hyperref driver for pdfTeX

(/usr/local/texlive/2010/texmf-dist/tex/latex/oberdiek/atveryend.sty
Package: atveryend 2010/03/24 v1.5 Hooks at very end of document (HO)
)
\Fld@listcount=\count122
\c@bookmark@seq@number=\count123

(/usr/local/texlive/2010/texmf-dist/tex/latex/oberdiek/rerunfilecheck.sty
Package: rerunfilecheck 2010/03/16 v1.6 Rerun checks for auxiliary files (HO)

(/usr/local/texlive/2010/texmf-dist/tex/generic/oberdiek/uniquecounter.sty
Package: uniquecounter 2009/12/18 v1.1 Provides unlimited unique counter (HO)
)
Package uniquecounter Info: New unique counter `rerunfilecheck' on input line 2
71.
)
\Hy@SectionHShift=\skip56
)
(/usr/local/texlive/2010/texmf-dist/tex/latex/natbib/natbib.sty
Package: natbib 2010/09/13 8.31b (PWD, AO)
\bibhang=\skip57
\bibsep=\skip58
LaTeX Info: Redefining \cite on input line 694.
\c@NAT@ctr=\count124
)
(/usr/local/texlive/2010/texmf-dist/tex/latex/notoccite/notoccite.sty
Package: notoccite 2000/07/20
)
(/usr/local/texlive/2010/texmf-dist/tex/latex/lineno/lineno.sty
Package: lineno 2005/11/02 line numbers on paragraphs v4.41
\linenopenalty=\count125
\output=\toks26
\linenoprevgraf=\count126
\linenumbersep=\dimen138
\linenumberwidth=\dimen139
\c@linenumber=\count127
\c@pagewiselinenumber=\count128
\c@LN@truepage=\count129
\c@internallinenumber=\count130
\c@internallinenumbers=\count131
\quotelinenumbersep=\dimen140
\bframerule=\dimen141
\bframesep=\dimen142
\bframebox=\box28
LaTeX Info: Redefining \\ on input line 3056.
)
(/usr/local/texlive/2010/texmf-dist/tex/latex/pdfpages/pdfpages.sty
Package: pdfpages 2010/01/12 v0.4j Insert pages of external PDF documents (AM)

(/usr/local/texlive/2010/texmf-dist/tex/latex/base/ifthen.sty
Package: ifthen 2001/05/26 v1.1c Standard LaTeX ifthen package (DPC)
)
(/usr/local/texlive/2010/texmf-dist/tex/latex/eso-pic/eso-pic.sty
Package: eso-pic 2010/06/08 v2.0b eso-pic (RN)
)
(/usr/local/texlive/2010/texmf-dist/tex/latex/pdfpages/pppdftex.def
File: pppdftex.def 2010/01/12 v0.4j Pdfpages driver for pdfTeX (AM)
)
\AM@pagebox=\box29
\AM@toc@title=\toks27
\c@AM@survey=\count132
\AM@templatesizebox=\box30
)
Package grfext Info: Graphics extension search list:
(grfext)             [.png,.pdf,.jpg,.mps,.jpeg,.jbig2,.jb2,.PNG,.PDF,.JPG,.JPE
G,.JBIG2,.JB2,.eps,.gif]
(grfext)             \AppendGraphicsExtensions on input line 47.
))
(./ch5.aux)
\openout1 = `ch5.aux'.

LaTeX Font Info:    Checking defaults for OML/cmm/m/it on input line 2.
LaTeX Font Info:    ... okay on input line 2.
LaTeX Font Info:    Checking defaults for T1/cmr/m/n on input line 2.
LaTeX Font Info:    ... okay on input line 2.
LaTeX Font Info:    Checking defaults for OT1/cmr/m/n on input line 2.
LaTeX Font Info:    ... okay on input line 2.
LaTeX Font Info:    Checking defaults for OMS/cmsy/m/n on input line 2.
LaTeX Font Info:    ... okay on input line 2.
LaTeX Font Info:    Checking defaults for OMX/cmex/m/n on input line 2.
LaTeX Font Info:    ... okay on input line 2.
LaTeX Font Info:    Checking defaults for U/cmr/m/n on input line 2.
LaTeX Font Info:    ... okay on input line 2.
LaTeX Font Info:    Checking defaults for PD1/pdf/m/n on input line 2.
LaTeX Font Info:    ... okay on input line 2.
 (/usr/local/texlive/2010/texmf-dist/tex/context/base/supp-pdf.mkii
[Loading MPS to PDF converter (version 2006.09.02).]
\scratchcounter=\count133
\scratchdimen=\dimen143
\scratchbox=\box31
\nofMPsegments=\count134
\nofMParguments=\count135
\everyMPshowfont=\toks28
\MPscratchCnt=\count136
\MPscratchDim=\dimen144
\MPnumerator=\count137
\everyMPtoPDFconversion=\toks29
)
Package caption Info: Begin \AtBeginDocument code.
Package caption3 Info: subfig package 1.2 or 1.3 is loaded.
LaTeX Info: Redefining \subref on input line 2.
Package caption Info: hyperref package is loaded.
Package caption Info: End \AtBeginDocument code.

*geometry* driver: auto-detecting
*geometry* detected driver: pdftex
*geometry* verbose mode - [ preamble ] result:
* driver: pdftex
* paper: <default>
* layout: <same size as paper>
* layoutoffset:(h,v)=(0.0pt,0.0pt)
* modes: 
* h-part:(L,W,R)=(108.405pt, 433.62001pt, 72.26999pt)
* v-part:(T,H,B)=(72.26999pt, 650.43001pt, 72.26999pt)
* \paperwidth=614.295pt
* \paperheight=794.96999pt
* \textwidth=433.62001pt
* \textheight=650.43001pt
* \oddsidemargin=36.13501pt
* \evensidemargin=36.13501pt
* \topmargin=-37.0pt
* \headheight=12.0pt
* \headsep=25.0pt
* \topskip=12.0pt
* \footskip=30.0pt
* \marginparwidth=44.0pt
* \marginparsep=10.0pt
* \columnsep=10.0pt
* \skip\footins=10.8pt plus 4.0pt minus 2.0pt
* \hoffset=0.0pt
* \voffset=0.0pt
* \mag=1000
* \@twocolumnfalse
* \@twosidefalse
* \@mparswitchfalse
* \@reversemarginfalse
* (1in=72.27pt=25.4mm, 1cm=28.453pt)

\AtBeginShipoutBox=\box32
Package hyperref Info: Link coloring OFF on input line 2.
(/usr/local/texlive/2010/texmf-dist/tex/latex/hyperref/nameref.sty
Package: nameref 2010/04/30 v2.40 Cross-referencing by name of section

(/usr/local/texlive/2010/texmf-dist/tex/latex/oberdiek/refcount.sty
Package: refcount 2008/08/11 v3.1 Data extraction from references (HO)
)
(/usr/local/texlive/2010/texmf-dist/tex/generic/oberdiek/gettitlestring.sty
Package: gettitlestring 2009/12/18 v1.3 Cleanup title references (HO)
)
\c@section@level=\count138
)
LaTeX Info: Redefining \ref on input line 2.
LaTeX Info: Redefining \pageref on input line 2.
LaTeX Info: Redefining \nameref on input line 2.

(./ch5.out) (./ch5.out)
\@outlinefile=\write3
\openout3 = `ch5.out'.


Chapter 1.
LaTeX Font Info:    Try loading font information for U+msa on input line 10.
(/usr/local/texlive/2010/texmf-dist/tex/latex/amsfonts/umsa.fd
File: umsa.fd 2009/06/22 v3.00 AMS symbols A
)
LaTeX Font Info:    Try loading font information for U+msb on input line 10.

(/usr/local/texlive/2010/texmf-dist/tex/latex/amsfonts/umsb.fd
File: umsb.fd 2009/06/22 v3.00 AMS symbols B
) [1{/usr/local/texlive/2010/texmf-var/fonts/map/pdftex/updmap/pdftex.map}


]
<CMS_coordinate_system.pdf, id=56, 1027.84pt x 770.88pt>
File: CMS_coordinate_system.pdf Graphic file (type pdf)

<use CMS_coordinate_system.pdf>
Overfull \hbox (80.29874pt too wide) in paragraph at lines 16--17
 [][] 
 []


Package natbib Warning: Citation `1748-0221-3-08-S08004' on page 2 undefined on
 input line 21.


Package natbib Warning: Citation `1748-0221-3-08-S08004' on page 2 undefined on
 input line 21.

[2 <./CMS_coordinate_system.pdf>]
<CMS_cutaway.pdf, id=86, 394.78969pt x 293.29022pt>
File: CMS_cutaway.pdf Graphic file (type pdf)
 <use CMS_cutaway.pdf>

Package natbib Warning: Citation `1748-0221-3-08-S08004' on page 3 undefined on
 input line 26.


Package natbib Warning: Citation `1748-0221-3-08-S08004' on page 3 undefined on
 input line 26.


Package natbib Warning: Citation `1748-0221-3-08-S08004' on page 3 undefined on
 input line 30.


Package natbib Warning: Citation `1748-0221-3-08-S08004' on page 3 undefined on
 input line 32.


Package natbib Warning: Citation `1748-0221-3-08-S08004' on page 3 undefined on
 input line 32.

[3 <./CMS_cutaway.pdf>]

Package natbib Warning: Citation `1748-0221-3-08-S08004' on page 4 undefined on
 input line 34.


Package natbib Warning: Citation `1748-0221-3-08-S08004' on page 4 undefined on
 input line 36.


Package natbib Warning: Citation `1748-0221-3-08-S08004' on page 4 undefined on
 input line 38.


Package natbib Warning: Citation `1748-0221-3-08-S08004' on page 4 undefined on
 input line 38.

[4] <CMS_longitudinal_xsec.pdf, id=158, 650.43pt x 359.3425pt>
File: CMS_longitudinal_xsec.pdf Graphic file (type pdf)

<use CMS_longitudinal_xsec.pdf>

Package natbib Warning: Citation `Bayatian:922757' on page 5 undefined on input
 line 43.


Package natbib Warning: Citation `Bayatian:922757' on page 5 undefined on input
 line 43.

[5 <./CMS_longitudinal_xsec.pdf>]
<pixel_longitudinal_quarter_view.pdf, id=177, 208.35713pt x 104.1786pt>
File: pixel_longitudinal_quarter_view.pdf Graphic file (type pdf)

<use pixel_longitudinal_quarter_view.pdf>

Package natbib Warning: Citation `1748-0221-3-08-S08004' on page 6 undefined on
 input line 67.


Package natbib Warning: Citation `1748-0221-3-08-S08004' on page 6 undefined on
 input line 67.

<BPix_mechanics.pdf, id=178, 335.0609pt x 240.26775pt>
File: BPix_mechanics.pdf Graphic file (type pdf)

<use BPix_mechanics.pdf>

Package natbib Warning: Citation `1748-0221-3-08-S08004' on page 6 undefined on
 input line 73.


Package natbib Warning: Citation `1748-0221-3-08-S08004' on page 6 undefined on
 input line 73.

<FPix_mechanics.pdf, id=179, 223.37392pt x 255.28444pt>
File: FPix_mechanics.pdf Graphic file (type pdf)

<use FPix_mechanics.pdf>

Package natbib Warning: Citation `1748-0221-3-08-S08004' on page 6 undefined on
 input line 75.


Package natbib Warning: Citation `1748-0221-3-08-S08004' on page 6 undefined on
 input line 75.


Underfull \hbox (badness 1655) in paragraph at lines 75--75
[]\OT1/cmr/m/n/10 (b) |Half-disk of the foward
 []


Underfull \hbox (badness 3364) in paragraph at lines 75--75
\OT1/cmr/m/n/10 pixel de-tec-tor, show-ing the
 []


Package natbib Warning: Citation `Ivova' on page 6 undefined on input line 80.

[6] [7 <./pixel_longitudinal_quarter_view.pdf> <./BPix_mechanics.pdf> <./FPix_m
echanics.pdf>]

Package natbib Warning: Citation `Bolla2001182' on page 8 undefined on input li
ne 82.

<pixel_readout.pdf, id=331, 326.61394pt x 268.42403pt>
File: pixel_readout.pdf Graphic file (type pdf)
 <use pixel_readout.pdf>

Package natbib Warning: Citation `1748-0221-3-08-S08004' on page 8 undefined on
 input line 89.


Package natbib Warning: Citation `1748-0221-3-08-S08004' on page 8 undefined on
 input line 89.

[8] <pixel_results_rphi_res.png, id=337, 614.295pt x 795.4518pt>
File: pixel_results_rphi_res.png Graphic file (type png)

<use pixel_results_rphi_res.png>

Package natbib Warning: Citation `pixel_DPG_Twiki_rphi_res' on page 9 undefined
 on input line 97.


Package natbib Warning: Citation `pixel_DPG_Twiki_rphi_res' on page 9 undefined
 on input line 97.

<pixel_results_z_res.pdf, id=338, 614.295pt x 795.4518pt>
File: pixel_results_z_res.pdf Graphic file (type pdf)

<use pixel_results_z_res.pdf>

Package natbib Warning: Citation `pixel_DPG_Twiki_z_res' on page 9 undefined on
 input line 99.


Package natbib Warning: Citation `pixel_DPG_Twiki_z_res' on page 9 undefined on
 input line 99.

<pixel_results_eff.pdf, id=339, 648.4225pt x 576.1525pt>
File: pixel_results_eff.pdf Graphic file (type pdf)

<use pixel_results_eff.pdf>

Package natbib Warning: Citation `pixel_DPG_Twiki_eff' on page 9 undefined on i
nput line 101.


Package natbib Warning: Citation `pixel_DPG_Twiki_eff' on page 9 undefined on i
nput line 101.

[9 <./pixel_readout.pdf>] [10 <./pixel_results_rphi_res.png (PNG copy)> <./pixe
l_results_z_res.pdf (PNG copy)> <./pixel_results_eff.pdf (PNG copy)>]
<strip_longitudinal_xsec.pdf, id=396, 401.69754pt x 192.40181pt>
File: strip_longitudinal_xsec.pdf Graphic file (type pdf)

<use strip_longitudinal_xsec.pdf>

Package natbib Warning: Citation `1748-0221-3-08-S08004' on page 11 undefined o
n input line 114.


Package natbib Warning: Citation `1748-0221-3-08-S08004' on page 11 undefined o
n input line 114.

<tracker_TEC.pdf, id=397, 209.29575pt x 191.4633pt>
File: tracker_TEC.pdf Graphic file (type pdf)
 <use tracker_TEC.pdf>

Package natbib Warning: Citation `1748-0221-3-08-S08004' on page 11 undefined o
n input line 121.


Package natbib Warning: Citation `1748-0221-3-08-S08004' on page 11 undefined o
n input line 121.

[11 <./strip_longitudinal_xsec.pdf>]
<tracker_module.pdf, id=466, 178.32368pt x 117.31819pt>
File: tracker_module.pdf Graphic file (type pdf)

<use tracker_module.pdf>

Package natbib Warning: Citation `1748-0221-3-08-S08004' on page 12 undefined o
n input line 134.


Package natbib Warning: Citation `1748-0221-3-08-S08004' on page 12 undefined o
n input line 134.

<tracker_readout.pdf, id=467, 220.55821pt x 251.53021pt>
File: tracker_readout.pdf Graphic file (type pdf)

<use tracker_readout.pdf>

Package natbib Warning: Citation `1748-0221-3-08-S08004' on page 12 undefined o
n input line 141.


Package natbib Warning: Citation `1748-0221-3-08-S08004' on page 12 undefined o
n input line 141.


LaTeX Warning: Reference `sec:Particle Flow' on page 12 undefined on input line
 145.

[12 <./tracker_TEC.pdf>] [13 <./tracker_module.pdf> <./tracker_readout.pdf>]
Package epstopdf Info: Source file: <tracker_results_TIB_SNR.gif>
(epstopdf)                    date: 2012-05-31 15:48:19
(epstopdf)                    size: 8272 bytes
(epstopdf)             Output file: <tracker_results_TIB_SNR-gif-converted-to.p
ng>
(epstopdf)                    date: 2012-05-31 15:55:20
(epstopdf)                    size: 12303 bytes
(epstopdf)             Command: <convert gif:tracker_results_TIB_SNR.gif png:tr
acker_results_TIB_SNR-gif-converted-to.png>
(epstopdf)             \includegraphics on input line 149.
Package epstopdf Info: Output file is already uptodate.

<tracker_results_TIB_SNR-gif-converted-to.png, id=600, 503.8825pt x 479.7925pt>
File: tracker_results_TIB_SNR-gif-converted-to.png Graphic file (type png)
<use tracker_results_TIB_SNR-gif-converted-to.png>

Package natbib Warning: Citation `tracker_DPG_Twiki_TIB_SNR' on page 14 undefin
ed on input line 149.


Package natbib Warning: Citation `tracker_DPG_Twiki_TIB_SNR' on page 14 undefin
ed on input line 149.

Package epstopdf Info: Source file: <tracker_results_res.gif>
(epstopdf)                    date: 2012-05-31 15:55:49
(epstopdf)                    size: 13320 bytes
(epstopdf)             Output file: <tracker_results_res-gif-converted-to.png>
(epstopdf)                    date: 2012-05-31 15:56:12
(epstopdf)                    size: 21270 bytes
(epstopdf)             Command: <convert gif:tracker_results_res.gif png:tracke
r_results_res-gif-converted-to.png>
(epstopdf)             \includegraphics on input line 151.
Package epstopdf Info: Output file is already uptodate.
<tracker_results_res-gif-converted-to.png, id=601, 999.735pt x 680.5425pt>
File: tracker_results_res-gif-converted-to.png Graphic file (type png)

<use tracker_results_res-gif-converted-to.png>

Package natbib Warning: Citation `tracker_DPG_Twiki_res' on page 14 undefined o
n input line 151.


Package natbib Warning: Citation `tracker_DPG_Twiki_res' on page 14 undefined o
n input line 151.


Overfull \hbox (10.7881pt too wide) in paragraph at lines 159--160
\OT1/cmr/m/n/12 The elec-tro-mag-netic calorime-ter (ECAL) is com-posed of 75,8
48 lead tungstate ($[][]$)
 []

<ECAL_layout.pdf, id=603, 391.37361pt x 267.48553pt>
File: ECAL_layout.pdf Graphic file (type pdf)
 <use ECAL_layout.pdf>

Package natbib Warning: Citation `1748-0221-3-08-S08004' on page 14 undefined o
n input line 164.


Package natbib Warning: Citation `1748-0221-3-08-S08004' on page 14 undefined o
n input line 164.


Overfull \hbox (4.46817pt too wide) in paragraph at lines 168--169
[]\OT1/cmr/m/n/12 The elec-tro-mag-netic en-ergy res-o-lu-tion can be parametri
zed as $(\OML/cmm/m/it/12 ^^[=E\OT1/cmr/m/n/12 )[] = (\OML/cmm/m/it/12 S=[]\OT1
/cmr/m/n/12 )[] +
 []

[14] [15 <./tracker_results_TIB_SNR-gif-converted-to.png (PNG copy)> <./tracker
_results_res-gif-converted-to.png (PNG copy)>]
<ECAL_crystals.pdf, id=616, 422.34555pt x 141.72037pt>
File: ECAL_crystals.pdf Graphic file (type pdf)
 <use ECAL_crystals.pdf>

Package natbib Warning: Citation `1748-0221-3-08-S08004' on page 16 undefined o
n input line 173.


Package natbib Warning: Citation `1748-0221-3-08-S08004' on page 16 undefined o
n input line 173.

[16 <./ECAL_layout.pdf>] <ECAL_readout.pdf, id=650, 436.42381pt x 196.15613pt>
File: ECAL_readout.pdf Graphic file (type pdf)

<use ECAL_readout.pdf>
Overfull \hbox (2.80273pt too wide) in paragraph at lines 181--182
 [][] 
 []


Package natbib Warning: Citation `1748-0221-3-08-S08004' on page 17 undefined o
n input line 182.


Package natbib Warning: Citation `1748-0221-3-08-S08004' on page 17 undefined o
n input line 182.


LaTeX Warning: Reference `sec:Calibrated EB/EE Hits' on page 17 undefined on in
put line 186.

[17 <./ECAL_crystals.pdf> <./ECAL_readout.pdf>]
<ECAL_rad_damage.png, id=760, 361.35pt x 252.945pt>
File: ECAL_rad_damage.png Graphic file (type png)
 <use ECAL_rad_damage.png>

Package natbib Warning: Citation `ECAL_DPG_Twiki_rad_damage' on page 18 undefin
ed on input line 193.


Package natbib Warning: Citation `ECAL_DPG_Twiki_rad_damage' on page 18 undefin
ed on input line 193.

<ECAL_laser_system.pdf, id=762, 212.11125pt x 284.37943pt>
File: ECAL_laser_system.pdf Graphic file (type pdf)

<use ECAL_laser_system.pdf>

Package natbib Warning: Citation `1748-0221-3-08-S08004' on page 18 undefined o
n input line 200.


Package natbib Warning: Citation `1748-0221-3-08-S08004' on page 18 undefined o
n input line 200.


Package natbib Warning: Citation `Akopdzhanov1979247' on page 18 undefined on i
nput line 204.

[18] <on_off-1_graph.pdf, id=770, 569.12625pt x 327.2225pt>
File: on_off-1_graph.pdf Graphic file (type pdf)

<use on_off-1_graph.pdf> [19 <./ECAL_rad_damage.png>] [20 <./ECAL_laser_system.
pdf> <./on_off-1_graph.pdf>] <VPT_aging.pdf, id=872, 945.5325pt x 607.26875pt>
File: VPT_aging.pdf Graphic file (type pdf)

<use VPT_aging.pdf>

Package natbib Warning: Citation `Wood' on page 21 undefined on input line 218.



Package natbib Warning: Citation `Wood' on page 21 undefined on input line 218.


[21 <./VPT_aging.pdf>] <LED_DS_diagram.pdf, id=888, 1027.84pt x 770.88pt>
File: LED_DS_diagram.pdf Graphic file (type pdf)

<use LED_DS_diagram.pdf>

Package natbib Warning: Citation `1748-0221-3-08-S08004' on page 22 undefined o
n input line 227.


Package natbib Warning: Citation `1748-0221-3-08-S08004' on page 22 undefined o
n input line 227.

[22 <./LED_DS_diagram.pdf>]
<LED_control_and_monitoring.pdf, id=1008, 1027.84pt x 770.88pt>
File: LED_control_and_monitoring.pdf Graphic file (type pdf)

<use LED_control_and_monitoring.pdf> [23 <./LED_control_and_monitoring.pdf>]

LaTeX Warning: Reference `sec:Beam Injection' on page 24 undefined on input lin
e 242.


Package natbib Warning: Citation `PhysRevLett.106.011801' on page 24 undefined 
on input line 242.

[24] <LED_software.pdf, id=1106, 1025.90952pt x 683.6824pt>
File: LED_software.pdf Graphic file (type pdf)

<use LED_software.pdf>
<ECAL_res_vs_eta_EB.png, id=1108, 849.1725pt x 574.145pt>
File: ECAL_res_vs_eta_EB.png Graphic file (type png)

<use ECAL_res_vs_eta_EB.png>

Package natbib Warning: Citation `ECAL_DPG_Twiki_res_vs_eta_EB' on page 25 unde
fined on input line 257.


Package natbib Warning: Citation `ECAL_DPG_Twiki_res_vs_eta_EB' on page 25 unde
fined on input line 257.

<ECAL_res_vs_eta_EE.png, id=1109, 849.1725pt x 574.145pt>
File: ECAL_res_vs_eta_EE.png Graphic file (type png)

<use ECAL_res_vs_eta_EE.png>

Package natbib Warning: Citation `ECAL_DPG_Twiki_res_vs_eta_EE' on page 25 unde
fined on input line 259.


Package natbib Warning: Citation `ECAL_DPG_Twiki_res_vs_eta_EE' on page 25 unde
fined on input line 259.


Package natbib Warning: Citation `CMS-PAS-EXO-11-067' on page 25 undefined on i
nput line 264.

<ECAL_timing_res.png, id=1111, 698.61pt x 674.52pt>
File: ECAL_timing_res.png Graphic file (type png)
 <use ECAL_timing_res.png>

Package natbib Warning: Citation `ECAL_DPG_Twiki_timing_res' on page 25 undefin
ed on input line 269.


Package natbib Warning: Citation `ECAL_DPG_Twiki_timing_res' on page 25 undefin
ed on input line 269.

[25 <./LED_software.pdf>] [26 <./ECAL_res_vs_eta_EB.png (PNG copy)> <./ECAL_res
_vs_eta_EE.png (PNG copy)> <./ECAL_timing_res.png (PNG copy)>]
<HCAL_longitudinal_xsec.pdf, id=1162, 385.74234pt x 233.69789pt>
File: HCAL_longitudinal_xsec.pdf Graphic file (type pdf)

<use HCAL_longitudinal_xsec.pdf>

Package natbib Warning: Citation `1748-0221-3-08-S08004' on page 27 undefined o
n input line 280.


Package natbib Warning: Citation `1748-0221-3-08-S08004' on page 27 undefined o
n input line 280.

[27] <HCAL_HB_optics.pdf, id=1171, 379.17247pt x 259.97707pt>
File: HCAL_HB_optics.pdf Graphic file (type pdf)

<use HCAL_HB_optics.pdf>

Package natbib Warning: Citation `1748-0221-3-08-S08004' on page 28 undefined o
n input line 289.


Package natbib Warning: Citation `1748-0221-3-08-S08004' on page 28 undefined o
n input line 289.


Package natbib Warning: Citation `Akchurin_Wigmans' on page 28 undefined on inp
ut line 293.

<HCAL_HF_xsec.pdf, id=1173, 418.59142pt x 254.34584pt>
File: HCAL_HF_xsec.pdf Graphic file (type pdf)
 <use HCAL_HF_xsec.pdf>

Package natbib Warning: Citation `1748-0221-3-08-S08004' on page 28 undefined o
n input line 298.


Package natbib Warning: Citation `1748-0221-3-08-S08004' on page 28 undefined o
n input line 298.

[28 <./HCAL_longitudinal_xsec.pdf>] [29 <./HCAL_HB_optics.pdf> <./HCAL_HF_xsec.
pdf>] <HCAL_performance_HB_response.pdf, id=1389, 230.88226pt x 239.32913pt>
File: HCAL_performance_HB_response.pdf Graphic file (type pdf)

<use HCAL_performance_HB_response.pdf>

Package natbib Warning: Citation `CMS-DP-2010-025' on page 30 undefined on inpu
t line 308.


Package natbib Warning: Citation `CMS-DP-2010-025' on page 30 undefined on inpu
t line 308.


Underfull \hbox (badness 1622) in paragraph at lines 308--308
\OT1/cmr/m/n/10 sponse to charged tracks of 9-11
 []

<HCAL_performance_noise.pdf, id=1390, 275.9325pt x 258.10007pt>
File: HCAL_performance_noise.pdf Graphic file (type pdf)

<use HCAL_performance_noise.pdf>

LaTeX Warning: Reference `sec:Event Quality' on page 30 undefined on input line
 310.


Package natbib Warning: Citation `1748-0221-5-03-T03014' on page 30 undefined o
n input line 310.


LaTeX Warning: Reference `sec:Event Quality' on page 30 undefined on input line
 310.


Package natbib Warning: Citation `1748-0221-5-03-T03014' on page 30 undefined o
n input line 310.

<HCAL_performance_timing.pdf, id=1391, 353.83171pt x 274.05536pt>
File: HCAL_performance_timing.pdf Graphic file (type pdf)

<use HCAL_performance_timing.pdf>

Package natbib Warning: Citation `CMS-DP-2010-025' on page 30 undefined on inpu
t line 312.


Package natbib Warning: Citation `CMS-DP-2010-025' on page 30 undefined on inpu
t line 312.


LaTeX Warning: Float too large for page by 32.10545pt on input line 315.

<muons_layout_MB.pdf, id=1393, 350.07748pt x 363.21727pt>
File: muons_layout_MB.pdf Graphic file (type pdf)

<use muons_layout_MB.pdf>

Package natbib Warning: Citation `1748-0221-3-08-S08004' on page 30 undefined o
n input line 323.


Package natbib Warning: Citation `1748-0221-3-08-S08004' on page 30 undefined o
n input line 323.

<muons_layout_ME.pdf, id=1394, 379.17247pt x 221.49681pt>
File: muons_layout_ME.pdf Graphic file (type pdf)

<use muons_layout_ME.pdf>

Package natbib Warning: Citation `1748-0221-3-08-S08004' on page 30 undefined o
n input line 325.


Package natbib Warning: Citation `1748-0221-3-08-S08004' on page 30 undefined o
n input line 325.

[30] [31 <./HCAL_performance_HB_response.pdf> <./HCAL_performance_noise.pdf> <.
/HCAL_performance_timing.pdf>] [32 <./muons_layout_MB.pdf> <./muons_layout_ME.p
df>] <muons_DT.pdf, id=1618, 323.7983pt x 202.72589pt>
File: muons_DT.pdf Graphic file (type pdf)
 <use muons_DT.pdf>

Package natbib Warning: Citation `1748-0221-3-08-S08004' on page 33 undefined o
n input line 335.


Package natbib Warning: Citation `1748-0221-3-08-S08004' on page 33 undefined o
n input line 335.

<muons_CSC_wedge.pdf, id=1620, 137.02763pt x 200.84886pt>
File: muons_CSC_wedge.pdf Graphic file (type pdf)

<use muons_CSC_wedge.pdf>

Package natbib Warning: Citation `1748-0221-3-08-S08004' on page 33 undefined o
n input line 344.


Package natbib Warning: Citation `1748-0221-3-08-S08004' on page 33 undefined o
n input line 344.

[33 <./muons_DT.pdf>] <muon_pT_res.pdf, id=1678, 405.47395pt x 273.32423pt>
File: muon_pT_res.pdf Graphic file (type pdf)

<use muon_pT_res.pdf>

Package natbib Warning: Citation `1748-0221-3-08-S08004' on page 34 undefined o
n input line 353.


Package natbib Warning: Citation `1748-0221-3-08-S08004' on page 34 undefined o
n input line 353.

<muon_inv_mass.pdf, id=1679, 569.12625pt x 327.2225pt>
File: muon_inv_mass.pdf Graphic file (type pdf)
 <use muon_inv_mass.pdf>

Package natbib Warning: Citation `MUO_POG_Twiki_inv_mass' on page 34 undefined 
on input line 360.


Package natbib Warning: Citation `springerlink:10.1007/JHEP04(2012)033' on page
 34 undefined on input line 360.


Package natbib Warning: Citation `MUO_POG_Twiki_inv_mass' on page 34 undefined 
on input line 360.


Package natbib Warning: Citation `springerlink:10.1007/JHEP04(2012)033' on page
 34 undefined on input line 360.

[34 <./muons_CSC_wedge.pdf>] [35 <./muon_pT_res.pdf> <./muon_inv_mass.pdf, page
 is rotated 90 degrees>]

Package natbib Warning: Citation `1546528' on page 36 undefined on input line 3
72.


LaTeX Warning: Reference `sec:Calibrated EB/EE Hits' on page 36 undefined on in
put line 372.

<L1_trigger_diagram.pdf, id=1857, 280.41524pt x 195.96834pt>
File: L1_trigger_diagram.pdf Graphic file (type pdf)

<use L1_trigger_diagram.pdf>

Package natbib Warning: Citation `1748-0221-3-08-S08004' on page 36 undefined o
n input line 377.


Package natbib Warning: Citation `1748-0221-3-08-S08004' on page 36 undefined o
n input line 377.

[36] <RCT_EG_candidate.pdf, id=1865, 223.68756pt x 159.22437pt>
File: RCT_EG_candidate.pdf Graphic file (type pdf)

<use RCT_EG_candidate.pdf>

Package natbib Warning: Citation `1748-0221-3-08-S08004' on page 37 undefined o
n input line 386.


Package natbib Warning: Citation `1748-0221-3-08-S08004' on page 37 undefined o
n input line 386.


Package natbib Warning: Citation `Smith' on page 37 undefined on input line 390
.


LaTeX Warning: Reference `sec:HLT' on page 37 undefined on input line 390.

[37 <./L1_trigger_diagram.pdf>]

Package natbib Warning: Citation `1748-0221-3-08-S08004' on page 38 undefined o
n input line 392.

[38 <./RCT_EG_candidate.pdf>]
<DAQ_overview.pdf, id=1981, 434.54668pt x 264.66989pt>
File: DAQ_overview.pdf Graphic file (type pdf)
 <use DAQ_overview.pdf>
Overfull \hbox (0.9256pt too wide) in paragraph at lines 401--402
 [][] 
 []


Package natbib Warning: Citation `1748-0221-3-08-S08004' on page 39 undefined o
n input line 402.


Package natbib Warning: Citation `1748-0221-3-08-S08004' on page 39 undefined o
n input line 402.

[39 <./DAQ_overview.pdf>]

Package natbib Warning: Citation `Brun199781' on page 40 undefined on input lin
e 408.

[40]

Package natbib Warning: Citation `springerlink:10.1023/A:1012744721976' on page
 41 undefined on input line 412.


Package natbib Warning: Citation `SOAP' on page 41 undefined on input line 412.



Package natbib Warning: Citation `HyperDAQ' on page 41 undefined on input line 
412.

[41]

Package natbib Warning: Citation `Eck:840543' on page 42 undefined on input lin
e 419.

<WLCG_diagram.pdf, id=2032, 406.3903pt x 175.5081pt>
File: WLCG_diagram.pdf Graphic file (type pdf)
 <use WLCG_diagram.pdf>

Package natbib Warning: Citation `1748-0221-3-08-S08004' on page 42 undefined o
n input line 424.


Package natbib Warning: Citation `1748-0221-3-08-S08004' on page 42 undefined o
n input line 424.


Package natbib Warning: There were undefined citations.

Package atveryend Info: Empty hook `BeforeClearDocument' on input line 428.
[42] [43 <./WLCG_diagram.pdf>]
Package atveryend Info: Empty hook `AfterLastShipout' on input line 428.
 (./ch5.aux)
Package atveryend Info: Executing hook `AtVeryEndDocument' on input line 428.
Package rerunfilecheck Info: File `ch5.out' has not changed.
(rerunfilecheck)             Checksum: 4AC7114C972C7FF12EA1855B570C026D;809.


LaTeX Warning: There were undefined references.

 ) 
Here is how much of TeX's memory you used:
 9258 strings out of 493747
 142708 string characters out of 3143546
 237297 words of memory out of 3000000
 12218 multiletter control sequences out of 15000+200000
 13985 words of font info for 53 fonts, out of 3000000 for 9000
 714 hyphenation exceptions out of 8191
 53i,10n,50p,1598b,473s stack positions out of 5000i,500n,10000p,200000b,50000s
</usr/local/texlive/2010/texmf-dist/fonts/type1/public/amsfonts/cm/cmbx10.pfb
></usr/local/texlive/2010/texmf-dist/fonts/type1/public/amsfonts/cm/cmbx12.pfb>
</usr/local/texlive/2010/texmf-dist/fonts/type1/public/amsfonts/cm/cmex10.pfb><
/usr/local/texlive/2010/texmf-dist/fonts/type1/public/amsfonts/cm/cmmi10.pfb></
usr/local/texlive/2010/texmf-dist/fonts/type1/public/amsfonts/cm/cmmi12.pfb></u
sr/local/texlive/2010/texmf-dist/fonts/type1/public/amsfonts/cm/cmmi8.pfb></usr
/local/texlive/2010/texmf-dist/fonts/type1/public/amsfonts/cm/cmr10.pfb></usr/l
ocal/texlive/2010/texmf-dist/fonts/type1/public/amsfonts/cm/cmr12.pfb></usr/loc
al/texlive/2010/texmf-dist/fonts/type1/public/amsfonts/cm/cmr7.pfb></usr/local/
texlive/2010/texmf-dist/fonts/type1/public/amsfonts/cm/cmr8.pfb></usr/local/tex
live/2010/texmf-dist/fonts/type1/public/amsfonts/cm/cmsy10.pfb></usr/local/texl
ive/2010/texmf-dist/fonts/type1/public/amsfonts/cm/cmsy8.pfb></usr/local/texliv
e/2010/texmf-dist/fonts/type1/public/amsfonts/cm/cmti12.pfb></usr/local/texlive
/2010/texmf-dist/fonts/type1/public/amsfonts/cm/cmtt12.pfb></usr/local/texlive/
2010/texmf-dist/fonts/type1/urw/symbol/usyr.pfb></usr/local/texlive/2010/texmf-
dist/fonts/type1/urw/symbol/usyr.pfb></usr/local/texlive/2010/texmf-dist/fonts/
type1/urw/times/utmb8a.pfb></usr/local/texlive/2010/texmf-dist/fonts/type1/urw/
times/utmr8a.pfb></usr/local/texlive/2010/texmf-dist/fonts/type1/urw/times/utmr
i8a.pfb>
Output written on ch5.pdf (43 pages, 5956133 bytes).
PDF statistics:
 2152 PDF objects out of 2487 (max. 8388607)
 1667 compressed objects within 17 object streams
 109 named destinations out of 1000 (max. 500000)
 306 words of extra memory for PDF output out of 10000 (max. 10000000)

