This is pdfTeX, Version 3.1415926-1.40.11 (TeX Live 2010) (format=pdflatex 2010.7.21)  14 JUN 2012 14:49
entering extended mode
 \write18 enabled.
 file:line:error style messages enabled.
 %&-line parsing enabled.
**ch6.tex
(./ch6.tex
LaTeX2e <2009/09/24>
Babel <v3.8l> and hyphenation patterns for english, dumylang, nohyphenation, ge
rman-x-2009-06-19, ngerman-x-2009-06-19, ancientgreek, ibycus, arabic, armenian
, basque, bulgarian, catalan, pinyin, coptic, croatian, czech, danish, dutch, u
kenglish, usenglishmax, esperanto, estonian, farsi, finnish, french, galician, 
german, ngerman, swissgerman, monogreek, greek, hungarian, icelandic, assamese,
 bengali, gujarati, hindi, kannada, malayalam, marathi, oriya, panjabi, tamil, 
telugu, indonesian, interlingua, irish, italian, kurmanji, lao, latin, latvian,
 lithuanian, mongolian, mongolianlmc, bokmal, nynorsk, polish, portuguese, roma
nian, russian, sanskrit, serbian, slovak, slovenian, spanish, swedish, turkish,
 turkmen, ukrainian, uppersorbian, welsh, loaded.
(/Users/rachelyohay/Library/texmf/tex/latex/subfiles/subfiles.cls
Document Class: subfiles 2002/06/08 Federico Garcia
(/usr/local/texlive/2010/texmf-dist/tex/latex/tools/verbatim.sty
Package: verbatim 2003/08/22 v1.5q LaTeX2e package for verbatim enhancements
\every@verbatim=\toks14
\verbatim@line=\toks15
\verbatim@in@stream=\read1
)
Preamble taken from file `dissertation.tex'
(./dissertation.tex
(/usr/local/texlive/2010/texmf-dist/tex/latex/base/report.cls
Document Class: report 2007/10/19 v1.4h Standard LaTeX document class
(/usr/local/texlive/2010/texmf-dist/tex/latex/base/size12.clo
File: size12.clo 2007/10/19 v1.4h Standard LaTeX file (size option)
)
\c@part=\count79
\c@chapter=\count80
\c@section=\count81
\c@subsection=\count82
\c@subsubsection=\count83
\c@paragraph=\count84
\c@subparagraph=\count85
\c@figure=\count86
\c@table=\count87
\abovecaptionskip=\skip41
\belowcaptionskip=\skip42
\bibindent=\dimen102
)
(/usr/local/texlive/2010/texmf-dist/tex/latex/graphics/graphicx.sty
Package: graphicx 1999/02/16 v1.0f Enhanced LaTeX Graphics (DPC,SPQR)

(/usr/local/texlive/2010/texmf-dist/tex/latex/graphics/keyval.sty
Package: keyval 1999/03/16 v1.13 key=value parser (DPC)
\KV@toks@=\toks16
)
(/usr/local/texlive/2010/texmf-dist/tex/latex/graphics/graphics.sty
Package: graphics 2009/02/05 v1.0o Standard LaTeX Graphics (DPC,SPQR)

(/usr/local/texlive/2010/texmf-dist/tex/latex/graphics/trig.sty
Package: trig 1999/03/16 v1.09 sin cos tan (DPC)
)
(/usr/local/texlive/2010/texmf-dist/tex/latex/latexconfig/graphics.cfg
File: graphics.cfg 2010/04/23 v1.9 graphics configuration of TeX Live
)
Package graphics Info: Driver file: pdftex.def on input line 91.

(/usr/local/texlive/2010/texmf-dist/tex/latex/pdftex-def/pdftex.def
File: pdftex.def 2010/02/14 v0.04n Graphics/color for pdfTeX
\Gread@gobject=\count88
))
\Gin@req@height=\dimen103
\Gin@req@width=\dimen104
)
(/usr/local/texlive/2010/texmf-dist/tex/latex/oberdiek/epstopdf.sty
Package: epstopdf 2010/02/09 v2.5 Conversion with epstopdf on the fly (HO)

(/usr/local/texlive/2010/texmf-dist/tex/latex/oberdiek/epstopdf-base.sty
Package: epstopdf-base 2010/02/09 v2.5 Base part for package epstopdf

(/usr/local/texlive/2010/texmf-dist/tex/generic/oberdiek/infwarerr.sty
Package: infwarerr 2010/04/08 v1.3 Providing info/warning/message (HO)
)
(/usr/local/texlive/2010/texmf-dist/tex/latex/oberdiek/grfext.sty
Package: grfext 2007/09/30 v1.0 Managing graphics extensions (HO)
)
(/usr/local/texlive/2010/texmf-dist/tex/latex/oberdiek/kvoptions.sty
Package: kvoptions 2010/02/22 v3.7 Keyval support for LaTeX options (HO)

(/usr/local/texlive/2010/texmf-dist/tex/generic/oberdiek/kvsetkeys.sty
Package: kvsetkeys 2010/03/01 v1.9 Key value parser (HO)

(/usr/local/texlive/2010/texmf-dist/tex/generic/oberdiek/etexcmds.sty
Package: etexcmds 2010/01/28 v1.3 Prefix for e-TeX command names (HO)
Package etexcmds Info: Could not find \expanded.
(etexcmds)             That can mean that you are not using pdfTeX 1.50 or
(etexcmds)             that some package has redefined \expanded.
(etexcmds)             In the latter case, load this package earlier.
)))
(/usr/local/texlive/2010/texmf-dist/tex/generic/oberdiek/pdftexcmds.sty
Package: pdftexcmds 2010/04/01 v0.9 Utility functions of pdfTeX for LuaTeX (HO)


(/usr/local/texlive/2010/texmf-dist/tex/generic/oberdiek/ifluatex.sty
Package: ifluatex 2010/03/01 v1.3 Provides the ifluatex switch (HO)
Package ifluatex Info: LuaTeX not detected.
)
(/usr/local/texlive/2010/texmf-dist/tex/generic/oberdiek/ltxcmds.sty
Package: ltxcmds 2010/04/26 v1.7 LaTeX kernel commands for general use (HO)
)
Package pdftexcmds Info: LuaTeX not detected.
Package pdftexcmds Info: \pdf@primitive is available.
Package pdftexcmds Info: \pdf@ifprimitive is available.
)
Package grfext Info: Graphics extension search list:
(grfext)             [.png,.pdf,.jpg,.mps,.jpeg,.jbig2,.jb2,.PNG,.PDF,.JPG,.JPE
G,.JBIG2,.JB2,.eps]
(grfext)             \AppendGraphicsExtensions on input line 436.

(/usr/local/texlive/2010/texmf-dist/tex/latex/latexconfig/epstopdf-sys.cfg
File: epstopdf-sys.cfg 2010/07/13 v1.3 Configuration of (r)epstopdf for TeX Liv
e
)))
(/usr/local/texlive/2010/texmf-dist/tex/latex/subfig/subfig.sty
Package: subfig 2005/06/28 ver: 1.3 subfig package

(/usr/local/texlive/2010/texmf-dist/tex/latex/caption/caption.sty
Package: caption 2010/01/09 v3.1m Customizing captions (AR)

(/usr/local/texlive/2010/texmf-dist/tex/latex/caption/caption3.sty
Package: caption3 2010/01/14 v3.1m caption3 kernel (AR)
\captionmargin=\dimen105
\captionmargin@=\dimen106
\captionwidth=\dimen107
\caption@indent=\dimen108
\caption@parindent=\dimen109
\caption@hangindent=\dimen110
)
\c@ContinuedFloat=\count89
)
\c@KVtest=\count90
\sf@farskip=\skip43
\sf@captopadj=\dimen111
\sf@capskip=\skip44
\sf@nearskip=\skip45
\c@subfigure=\count91
\c@subfigure@save=\count92
\c@lofdepth=\count93
\c@subtable=\count94
\c@subtable@save=\count95
\c@lotdepth=\count96
\sf@top=\skip46
\sf@bottom=\skip47
)
(/usr/local/texlive/2010/texmf-dist/tex/latex/tools/array.sty
Package: array 2008/09/09 v2.4c Tabular extension package (FMi)
\col@sep=\dimen112
\extrarowheight=\dimen113
\NC@list=\toks17
\extratabsurround=\skip48
\backup@length=\skip49
)
(/usr/local/texlive/2010/texmf-dist/tex/latex/url/url.sty
\Urlmuskip=\muskip10
Package: url 2006/04/12  ver 3.3  Verb mode for urls, etc.
)
(/usr/local/texlive/2010/texmf-dist/tex/latex/graphics/color.sty
Package: color 2005/11/14 v1.0j Standard LaTeX Color (DPC)

(/usr/local/texlive/2010/texmf-dist/tex/latex/latexconfig/color.cfg
File: color.cfg 2007/01/18 v1.5 color configuration of teTeX/TeXLive
)
Package color Info: Driver file: pdftex.def on input line 130.
)
(/usr/local/texlive/2010/texmf-dist/tex/latex/amsfonts/amssymb.sty
Package: amssymb 2009/06/22 v3.00

(/usr/local/texlive/2010/texmf-dist/tex/latex/amsfonts/amsfonts.sty
Package: amsfonts 2009/06/22 v3.00 Basic AMSFonts support
\@emptytoks=\toks18
\symAMSa=\mathgroup4
\symAMSb=\mathgroup5
LaTeX Font Info:    Overwriting math alphabet `\mathfrak' in version `bold'
(Font)                  U/euf/m/n --> U/euf/b/n on input line 96.
))
(/usr/local/texlive/2010/texmf-dist/tex/latex/mh/mathtools.sty
Package: mathtools 2010/07/11 v1.08 mathematical typesetting tools (MH)

(/usr/local/texlive/2010/texmf-dist/tex/latex/tools/calc.sty
Package: calc 2007/08/22 v4.3 Infix arithmetic (KKT,FJ)
\calc@Acount=\count97
\calc@Bcount=\count98
\calc@Adimen=\dimen114
\calc@Bdimen=\dimen115
\calc@Askip=\skip50
\calc@Bskip=\skip51
LaTeX Info: Redefining \setlength on input line 76.
LaTeX Info: Redefining \addtolength on input line 77.
\calc@Ccount=\count99
\calc@Cskip=\skip52
)
(/usr/local/texlive/2010/texmf-dist/tex/latex/mh/mhsetup.sty
Package: mhsetup 2010/01/21 v1.2a programming setup (MH)
)
(/usr/local/texlive/2010/texmf-dist/tex/latex/amsmath/amsmath.sty
Package: amsmath 2000/07/18 v2.13 AMS math features
\@mathmargin=\skip53

For additional information on amsmath, use the `?' option.
(/usr/local/texlive/2010/texmf-dist/tex/latex/amsmath/amstext.sty
Package: amstext 2000/06/29 v2.01

(/usr/local/texlive/2010/texmf-dist/tex/latex/amsmath/amsgen.sty
File: amsgen.sty 1999/11/30 v2.0
\@emptytoks=\toks19
\ex@=\dimen116
))
(/usr/local/texlive/2010/texmf-dist/tex/latex/amsmath/amsbsy.sty
Package: amsbsy 1999/11/29 v1.2d
\pmbraise@=\dimen117
)
(/usr/local/texlive/2010/texmf-dist/tex/latex/amsmath/amsopn.sty
Package: amsopn 1999/12/14 v2.01 operator names
)
\inf@bad=\count100
LaTeX Info: Redefining \frac on input line 211.
\uproot@=\count101
\leftroot@=\count102
LaTeX Info: Redefining \overline on input line 307.
\classnum@=\count103
\DOTSCASE@=\count104
LaTeX Info: Redefining \ldots on input line 379.
LaTeX Info: Redefining \dots on input line 382.
LaTeX Info: Redefining \cdots on input line 467.
\Mathstrutbox@=\box26
\strutbox@=\box27
\big@size=\dimen118
LaTeX Font Info:    Redeclaring font encoding OML on input line 567.
LaTeX Font Info:    Redeclaring font encoding OMS on input line 568.
\macc@depth=\count105
\c@MaxMatrixCols=\count106
\dotsspace@=\muskip11
\c@parentequation=\count107
\dspbrk@lvl=\count108
\tag@help=\toks20
\row@=\count109
\column@=\count110
\maxfields@=\count111
\andhelp@=\toks21
\eqnshift@=\dimen119
\alignsep@=\dimen120
\tagshift@=\dimen121
\tagwidth@=\dimen122
\totwidth@=\dimen123
\lineht@=\dimen124
\@envbody=\toks22
\multlinegap=\skip54
\multlinetaggap=\skip55
\mathdisplay@stack=\toks23
LaTeX Info: Redefining \[ on input line 2666.
LaTeX Info: Redefining \] on input line 2667.
)
\g_MT_multlinerow_int=\count112
\l_MT_multwidth_dim=\dimen125
)
(/Users/rachelyohay/Library/texmf/tex/latex/subfiles/subfiles.sty
Package: subfiles 2002/06/08 Federico Garcia
)
(/usr/local/texlive/2010/texmf-dist/tex/latex/geometry/geometry.sty
Package: geometry 2010/07/13 v5.5 Page Geometry

(/usr/local/texlive/2010/texmf-dist/tex/generic/oberdiek/ifpdf.sty
Package: ifpdf 2010/01/28 v2.1 Provides the ifpdf switch (HO)
Package ifpdf Info: pdfTeX in pdf mode detected.
)
(/usr/local/texlive/2010/texmf-dist/tex/generic/oberdiek/ifvtex.sty
Package: ifvtex 2010/03/01 v1.5 Switches for detecting VTeX and its modes (HO)
Package ifvtex Info: VTeX not detected.
)
\Gm@cnth=\count113
\Gm@cntv=\count114
\c@Gm@tempcnt=\count115
\Gm@bindingoffset=\dimen126
\Gm@wd@mp=\dimen127
\Gm@odd@mp=\dimen128
\Gm@even@mp=\dimen129
\Gm@layoutwidth=\dimen130
\Gm@layoutheight=\dimen131
\Gm@layouthoffset=\dimen132
\Gm@layoutvoffset=\dimen133
\Gm@dimlist=\toks24
)
(/usr/local/texlive/2010/texmf-dist/tex/latex/setspace/setspace.sty
Package: setspace 2000/12/01 6.7 Contributed and Supported LaTeX2e package

Package: `setspace' 6.7 <2000/12/01>
) (/usr/local/texlive/2010/texmf-dist/tex/latex/multirow/multirow.sty
\bigstrutjot=\dimen134
)
(/usr/local/texlive/2010/texmf-dist/tex/latex/hyperref/hyperref.sty
Package: hyperref 2010/06/18 v6.81g Hypertext links for LaTeX

(/usr/local/texlive/2010/texmf-dist/tex/generic/oberdiek/pdfescape.sty
Package: pdfescape 2010/03/01 v1.9 Provides hex, PDF name and string conversion
s (HO)
)
(/usr/local/texlive/2010/texmf-dist/tex/generic/ifxetex/ifxetex.sty
Package: ifxetex 2009/01/23 v0.5 Provides ifxetex conditional
)
(/usr/local/texlive/2010/texmf-dist/tex/latex/oberdiek/hycolor.sty
Package: hycolor 2009/12/12 v1.6 Color options of hyperref/bookmark (HO)

(/usr/local/texlive/2010/texmf-dist/tex/latex/oberdiek/xcolor-patch.sty
Package: xcolor-patch 2009/12/12 xcolor patch
))
(/usr/local/texlive/2010/texmf-dist/tex/latex/oberdiek/letltxmacro.sty
Package: letltxmacro 2008/06/24 v1.3 Let assignment for LaTeX macros (HO)
)
\@linkdim=\dimen135
\Hy@linkcounter=\count116
\Hy@pagecounter=\count117

(/usr/local/texlive/2010/texmf-dist/tex/latex/hyperref/pd1enc.def
File: pd1enc.def 2010/06/18 v6.81g Hyperref: PDFDocEncoding definition (HO)
)
(/usr/local/texlive/2010/texmf-dist/tex/generic/oberdiek/intcalc.sty
Package: intcalc 2007/09/27 v1.1 Expandable integer calculations (HO)
)
(/usr/local/texlive/2010/texmf-dist/tex/latex/latexconfig/hyperref.cfg
File: hyperref.cfg 2002/06/06 v1.2 hyperref configuration of TeXLive
)
Package hyperref Info: Hyper figures OFF on input line 3658.
Package hyperref Info: Link nesting OFF on input line 3663.
Package hyperref Info: Hyper index ON on input line 3666.
Package hyperref Info: Plain pages OFF on input line 3673.
Package hyperref Info: Backreferencing OFF on input line 3678.

Implicit mode ON; LaTeX internals redefined
Package hyperref Info: Bookmarks ON on input line 3874.
LaTeX Info: Redefining \url on input line 4159.
(/usr/local/texlive/2010/texmf-dist/tex/generic/oberdiek/bitset.sty
Package: bitset 2007/09/28 v1.0 Data type bit set (HO)

(/usr/local/texlive/2010/texmf-dist/tex/generic/oberdiek/bigintcalc.sty
Package: bigintcalc 2007/11/11 v1.1 Expandable big integer calculations (HO)
))
\Fld@menulength=\count118
\Field@Width=\dimen136
\Fld@charsize=\dimen137
\Field@toks=\toks25
Package hyperref Info: Hyper figures OFF on input line 5137.
Package hyperref Info: Link nesting OFF on input line 5142.
Package hyperref Info: Hyper index ON on input line 5145.
Package hyperref Info: backreferencing OFF on input line 5152.
Package hyperref Info: Link coloring OFF on input line 5157.
Package hyperref Info: Link coloring with OCG OFF on input line 5162.
Package hyperref Info: PDF/A mode OFF on input line 5167.
LaTeX Info: Redefining \ref on input line 5207.
LaTeX Info: Redefining \pageref on input line 5211.

(/usr/local/texlive/2010/texmf-dist/tex/generic/oberdiek/atbegshi.sty
Package: atbegshi 2010/03/25 v1.12 At begin shipout hook (HO)
)
\Hy@abspage=\count119
\c@Item=\count120
\c@Hfootnote=\count121
)
* hyperref using default driver hpdftex *
(/usr/local/texlive/2010/texmf-dist/tex/latex/hyperref/hpdftex.def
File: hpdftex.def 2010/06/18 v6.81g Hyperref driver for pdfTeX

(/usr/local/texlive/2010/texmf-dist/tex/latex/oberdiek/atveryend.sty
Package: atveryend 2010/03/24 v1.5 Hooks at very end of document (HO)
)
\Fld@listcount=\count122
\c@bookmark@seq@number=\count123

(/usr/local/texlive/2010/texmf-dist/tex/latex/oberdiek/rerunfilecheck.sty
Package: rerunfilecheck 2010/03/16 v1.6 Rerun checks for auxiliary files (HO)

(/usr/local/texlive/2010/texmf-dist/tex/generic/oberdiek/uniquecounter.sty
Package: uniquecounter 2009/12/18 v1.1 Provides unlimited unique counter (HO)
)
Package uniquecounter Info: New unique counter `rerunfilecheck' on input line 2
71.
)
\Hy@SectionHShift=\skip56
)
(/usr/local/texlive/2010/texmf-dist/tex/latex/lineno/lineno.sty
Package: lineno 2005/11/02 line numbers on paragraphs v4.41
\linenopenalty=\count124
\output=\toks26
\linenoprevgraf=\count125
\linenumbersep=\dimen138
\linenumberwidth=\dimen139
\c@linenumber=\count126
\c@pagewiselinenumber=\count127
\c@LN@truepage=\count128
\c@internallinenumber=\count129
\c@internallinenumbers=\count130
\quotelinenumbersep=\dimen140
\bframerule=\dimen141
\bframesep=\dimen142
\bframebox=\box28
LaTeX Info: Redefining \\ on input line 3056.
)
Package grfext Info: Graphics extension search list:
(grfext)             [.png,.pdf,.jpg,.mps,.jpeg,.jbig2,.jb2,.PNG,.PDF,.JPG,.JPE
G,.JBIG2,.JB2,.eps,.gif]
(grfext)             \AppendGraphicsExtensions on input line 41.
)) (./ch6.aux

LaTeX Warning: Label `fig:total_JEC_50_GeV' multiply defined.


LaTeX Warning: Label `sub@fig:total_JEC_50_GeV' multiply defined.

)
\openout1 = `ch6.aux'.

LaTeX Font Info:    Checking defaults for OML/cmm/m/it on input line 2.
LaTeX Font Info:    ... okay on input line 2.
LaTeX Font Info:    Checking defaults for T1/cmr/m/n on input line 2.
LaTeX Font Info:    ... okay on input line 2.
LaTeX Font Info:    Checking defaults for OT1/cmr/m/n on input line 2.
LaTeX Font Info:    ... okay on input line 2.
LaTeX Font Info:    Checking defaults for OMS/cmsy/m/n on input line 2.
LaTeX Font Info:    ... okay on input line 2.
LaTeX Font Info:    Checking defaults for OMX/cmex/m/n on input line 2.
LaTeX Font Info:    ... okay on input line 2.
LaTeX Font Info:    Checking defaults for U/cmr/m/n on input line 2.
LaTeX Font Info:    ... okay on input line 2.
LaTeX Font Info:    Checking defaults for PD1/pdf/m/n on input line 2.
LaTeX Font Info:    ... okay on input line 2.
 (/usr/local/texlive/2010/texmf-dist/tex/context/base/supp-pdf.mkii
[Loading MPS to PDF converter (version 2006.09.02).]
\scratchcounter=\count131
\scratchdimen=\dimen143
\scratchbox=\box29
\nofMPsegments=\count132
\nofMParguments=\count133
\everyMPshowfont=\toks27
\MPscratchCnt=\count134
\MPscratchDim=\dimen144
\MPnumerator=\count135
\everyMPtoPDFconversion=\toks28
)
Package caption Info: Begin \AtBeginDocument code.
Package caption3 Info: subfig package 1.2 or 1.3 is loaded.
LaTeX Info: Redefining \subref on input line 2.
Package caption Info: hyperref package is loaded.
Package caption Info: End \AtBeginDocument code.

*geometry* driver: auto-detecting
*geometry* detected driver: pdftex
*geometry* verbose mode - [ preamble ] result:
* driver: pdftex
* paper: <default>
* layout: <same size as paper>
* layoutoffset:(h,v)=(0.0pt,0.0pt)
* modes: 
* h-part:(L,W,R)=(108.405pt, 433.62001pt, 72.26999pt)
* v-part:(T,H,B)=(72.26999pt, 650.43001pt, 72.26999pt)
* \paperwidth=614.295pt
* \paperheight=794.96999pt
* \textwidth=433.62001pt
* \textheight=650.43001pt
* \oddsidemargin=36.13501pt
* \evensidemargin=36.13501pt
* \topmargin=-37.0pt
* \headheight=12.0pt
* \headsep=25.0pt
* \topskip=12.0pt
* \footskip=30.0pt
* \marginparwidth=44.0pt
* \marginparsep=10.0pt
* \columnsep=10.0pt
* \skip\footins=10.8pt plus 4.0pt minus 2.0pt
* \hoffset=0.0pt
* \voffset=0.0pt
* \mag=1000
* \@twocolumnfalse
* \@twosidefalse
* \@mparswitchfalse
* \@reversemarginfalse
* (1in=72.27pt=25.4mm, 1cm=28.453pt)

\AtBeginShipoutBox=\box30
Package hyperref Info: Link coloring OFF on input line 2.
(/usr/local/texlive/2010/texmf-dist/tex/latex/hyperref/nameref.sty
Package: nameref 2010/04/30 v2.40 Cross-referencing by name of section

(/usr/local/texlive/2010/texmf-dist/tex/latex/oberdiek/refcount.sty
Package: refcount 2008/08/11 v3.1 Data extraction from references (HO)
)
(/usr/local/texlive/2010/texmf-dist/tex/generic/oberdiek/gettitlestring.sty
Package: gettitlestring 2009/12/18 v1.3 Cleanup title references (HO)
)
\c@section@level=\count136
)
LaTeX Info: Redefining \ref on input line 2.
LaTeX Info: Redefining \pageref on input line 2.
LaTeX Info: Redefining \nameref on input line 2.

(./ch6.out) (./ch6.out)
\@outlinefile=\write3
\openout3 = `ch6.out'.


Chapter 1.

LaTeX Warning: Reference `sec:Phenomenology of General Gauge Mediation' on page
 1 undefined on input line 7.

LaTeX Font Info:    Try loading font information for U+msa on input line 7.
(/usr/local/texlive/2010/texmf-dist/tex/latex/amsfonts/umsa.fd
File: umsa.fd 2009/06/22 v3.00 AMS symbols A
)
LaTeX Font Info:    Try loading font information for U+msb on input line 7.

(/usr/local/texlive/2010/texmf-dist/tex/latex/amsfonts/umsb.fd
File: umsb.fd 2009/06/22 v3.00 AMS symbols B
)
<2photons_jets_MET.pdf, id=45, 482.06343pt x 269.35129pt>
File: 2photons_jets_MET.pdf Graphic file (type pdf)

<use 2photons_jets_MET.pdf>

LaTeX Warning: Reference `chap:Data Analysis' on page 1 undefined on input line
 16.

[1


{/usr/local/texlive/2010/texmf-var/fonts/map/pdftex/updmap/pdftex.map}]

LaTeX Warning: Reference `sec:Level 1 and High Level Trigger Systems' on page 2
 undefined on input line 23.


LaTeX Warning: Reference `sec:Electromagnetic Calorimeter' on page 2 undefined 
on input line 31.


LaTeX Warning: Citation `Bruneliere' on page 2 undefined on input line 31.


LaTeX Warning: Citation `time_reco' on page 2 undefined on input line 31.

[2 <./2photons_jets_MET.pdf>] <pulse.jpg, id=390, 56.3706pt x 52.32349pt>
File: pulse.jpg Graphic file (type jpg)

<use pulse.jpg>

LaTeX Warning: Citation `Bruneliere' on page 3 undefined on input line 36.


LaTeX Warning: Citation `Bruneliere' on page 3 undefined on input line 36.

LaTeX Font Info:    Try loading font information for OMS+cmr on input line 46.
(/usr/local/texlive/2010/texmf-dist/tex/latex/base/omscmr.fd
File: omscmr.fd 1999/05/25 v2.5h Standard LaTeX font definitions
)
LaTeX Font Info:    Font shape `OMS/cmr/m/n' in size <12> not available
(Font)              Font shape `OMS/cmsy/m/n' tried instead on input line 46.
 [3 <./pulse.jpg>]

LaTeX Warning: Reference `sec:Electromagnetic Calorimeter' on page 4 undefined 
on input line 50.


LaTeX Warning: Reference `sec:Level 1 and High Level Trigger Systems' on page 4
 undefined on input line 50.


Underfull \hbox (badness 10000) in paragraph at lines 53--53
[][]\OT1/cmr/m/n/12 Added
 []


Underfull \hbox (badness 10000) in paragraph at lines 53--53
\OT1/cmr/m/n/12 this
 []


Underfull \hbox (badness 10000) in paragraph at lines 53--53
\OT1/cmr/m/n/12 para-
 []


Underfull \hbox (badness 10000) in paragraph at lines 53--53
\OT1/cmr/m/n/12 graph
 []


Underfull \hbox (badness 1502) in paragraph at lines 53--53
\OT1/cmr/m/n/12 and the
 []


Underfull \hbox (badness 10000) in paragraph at lines 53--53
\OT1/cmr/m/n/12 next
 []


Underfull \hbox (badness 10000) in paragraph at lines 53--53
\OT1/cmr/m/n/12 about
 []


LaTeX Warning: Reference `sec:Electromagnetic Calorimeter' on page 4 undefined 
on input line 53.


LaTeX Warning: Citation `EGM_10_002' on page 4 undefined on input line 53.


LaTeX Warning: Citation `EGM_10_002' on page 4 undefined on input line 55.


LaTeX Warning: Reference `sec:Level 1 and High Level Trigger Systems' on page 4
 undefined on input line 55.


LaTeX Warning: Citation `calibration_IN' on page 4 undefined on input line 57.

[4]

LaTeX Warning: Citation `EB_performance_2006' on page 5 undefined on input line
 59.


LaTeX Warning: Citation `EB_startup_intercalibration' on page 5 undefined on in
put line 59.


LaTeX Warning: Citation `CRAFT_calibration' on page 5 undefined on input line 5
9.


LaTeX Warning: Citation `CRAFT_calibration' on page 5 undefined on input line 5
9.


LaTeX Warning: Citation `CRAFT_ECAL_performance' on page 5 undefined on input l
ine 59.


LaTeX Warning: Citation `CALOR_ECAL_calibration' on page 5 undefined on input l
ine 59.


LaTeX Warning: Citation `Yang' on page 5 undefined on input line 69.

<intercalibration.pdf, id=407, 294.95998pt x 269.55705pt>
File: intercalibration.pdf Graphic file (type pdf)

<use intercalibration.pdf>

LaTeX Warning: Citation `Yang' on page 5 undefined on input line 74.


LaTeX Warning: Citation `Yang' on page 5 undefined on input line 74.


Underfull \hbox (badness 10000) in paragraph at lines 81--81
[][]\OT1/cmr/m/n/12 Added
 []


Underfull \hbox (badness 10000) in paragraph at lines 81--81
\OT1/cmr/m/n/12 par-en-
 []


Underfull \hbox (badness 10000) in paragraph at lines 81--81
\OT1/cmr/m/n/12 thet-i-cal
 []

[5] [6 <./intercalibration.pdf>]

LaTeX Warning: Citation `ECAL_SC_note' on page 7 undefined on input line 98.

<hybrid.pdf, id=528, 426.92136pt x 204.43216pt>
File: hybrid.pdf Graphic file (type pdf)
 <use hybrid.pdf>

LaTeX Warning: Citation `ECAL_SC_note' on page 7 undefined on input line 103.


LaTeX Warning: Citation `ECAL_SC_note' on page 7 undefined on input line 103.

<Z_mass_vs_corrections_EB.pdf, id=530, 221.55426pt x 178.36998pt>
File: Z_mass_vs_corrections_EB.pdf Graphic file (type pdf)

<use Z_mass_vs_corrections_EB.pdf>
<Z_mass_vs_corrections_EE.pdf, id=531, 223.43184pt x 175.55357pt>
File: Z_mass_vs_corrections_EE.pdf Graphic file (type pdf)

<use Z_mass_vs_corrections_EE.pdf>

LaTeX Warning: Citation `Higgs_AN' on page 7 undefined on input line 114.


LaTeX Warning: Citation `Higgs_AN' on page 7 undefined on input line 114.


LaTeX Warning: Citation `Higgs_AN' on page 7 undefined on input line 114.


LaTeX Warning: Citation `Higgs_AN' on page 7 undefined on input line 114.


LaTeX Warning: Citation `ECAL_SC_note' on page 7 undefined on input line 127.

[7]

LaTeX Warning: Citation `ECAL_SC_note' on page 8 undefined on input line 130.


LaTeX Warning: Citation `EB_startup_intercalibration' on page 8 undefined on in
put line 130.


LaTeX Warning: Citation `ECAL_SC_note' on page 8 undefined on input line 131.


LaTeX Warning: Citation `ECALEnergyScaleCorrections_Twiki' on page 8 undefined 
on input line 132.


Overfull \hbox (1.0412pt too wide) in paragraph at lines 132--132
[][]\OT1/cmr/m/n/12 Changed[] 
 []


LaTeX Warning: Citation `Higgs_note' on page 8 undefined on input line 135.

[8 <./hybrid.pdf>] [9 <./Z_mass_vs_corrections_EB.pdf> <./Z_mass_vs_corrections
_EE.pdf>]
Overfull \hbox (18.82713pt too wide) in paragraph at lines 142--142
[][]\OT1/cmr/m/n/12 Reorganized
 []


Underfull \hbox (badness 10000) in paragraph at lines 142--142
\OT1/cmr/m/n/12 next 3
 []


Underfull \hbox (badness 10000) in paragraph at lines 142--142
\OT1/cmr/m/n/12 para-
 []


Underfull \hbox (badness 10000) in paragraph at lines 142--142
\OT1/cmr/m/n/12 graphs;
 []


Underfull \hbox (badness 10000) in paragraph at lines 142--142
\OT1/cmr/m/n/12 edited
 []


Underfull \hbox (badness 10000) in paragraph at lines 142--142
\OT1/cmr/m/n/12 Ta-
 []


Underfull \hbox (badness 10000) in paragraph at lines 142--142
\OT1/cmr/m/n/12 ble []1.1[]
 []


LaTeX Warning: Reference `chap:Data Analysis' on page 10 undefined on input lin
e 142.


Underfull \hbox (badness 10000) in paragraph at lines 166--166
\OT1/cmr/m/n/12 ef-fec-tive
 []


LaTeX Warning: Citation `Fastjet_conf_proceedings' on page 10 undefined on inpu
t line 172.


LaTeX Warning: Citation `Fastjet_manual' on page 10 undefined on input line 172
.

[10] <isolation_cones.pdf, id=705, 1027.84pt x 770.88pt>
File: isolation_cones.pdf Graphic file (type pdf)

<use isolation_cones.pdf>
Underfull \hbox (badness 10000) in paragraph at lines 181--181
[][]\OT1/cmr/m/n/12 Added
 []


Underfull \hbox (badness 10000) in paragraph at lines 181--181
\OML/cmm/m/it/12 ^^[[]$
 []


Underfull \hbox (badness 10000) in paragraph at lines 181--181
\OT1/cmr/m/n/12 def-i-ni-
 []


LaTeX Warning: Citation `CMS-QCD-10-019' on page 11 undefined on input line 187
.

[11 <./isolation_cones.pdf>]
Overfull \hbox (1.0412pt too wide) in paragraph at lines 189--189
[][]\OT1/cmr/m/n/12 Changed
 []


Underfull \hbox (badness 10000) in paragraph at lines 189--189
\OT1/cmr/m/n/12 av-er-age
 []


Underfull \hbox (badness 10000) in paragraph at lines 189--189
\OML/cmm/m/it/12 ^^Z$\OT1/cmr/m/n/12 ; up-
 []


Underfull \hbox (badness 10000) in paragraph at lines 189--189
\OT1/cmr/m/n/12 dated
 []

<preselected_rho.pdf, id=737, 569.12625pt x 502.87875pt>
File: preselected_rho.pdf Graphic file (type pdf)

<use preselected_rho.pdf>

LaTeX Warning: Citation `CMS_AN-2011-515' on page 12 undefined on input line 19
8.

[12 <./preselected_rho.pdf, page is rotated 90 degrees>]
<Icomb_optimization.pdf, id=793, 207.35803pt x 168.12813pt>
File: Icomb_optimization.pdf Graphic file (type pdf)

<use Icomb_optimization.pdf>

LaTeX Warning: Citation `CMS_AN-2011-515' on page 13 undefined on input line 20
3.


LaTeX Warning: Citation `CMS_AN-2011-515' on page 13 undefined on input line 20
3.


LaTeX Warning: Citation `CMS_AN-2011-515' on page 13 undefined on input line 20
7.


<f_comb_iso_upper_bound_optimization_geq0j.pdf, id=796, 218.51343pt x 156.61691
pt>
File: f_comb_iso_upper_bound_optimization_geq0j.pdf Graphic file (type pdf)
 <use f_comb_iso_upper_bound_optimization_geq0j.pdf>
<f_comb_iso_upper_bound_optimization_geq1j.pdf, id=797, 219.45117pt x 153.80342
pt>
File: f_comb_iso_upper_bound_optimization_geq1j.pdf Graphic file (type pdf)
 <use f_comb_iso_upper_bound_optimization_geq1j.pdf>

LaTeX Warning: Reference `sec:Modeling the QCD Background' on page 13 undefined
 on input line 214.


LaTeX Warning: Citation `CMS_AN-2011-515' on page 13 undefined on input line 21
4.


LaTeX Warning: Reference `sec:Modeling the QCD Background' on page 13 undefined
 on input line 214.


LaTeX Warning: Citation `CMS_AN-2011-515' on page 13 undefined on input line 21
4.

[13 <./Icomb_optimization.pdf>] [14 <./f_comb_iso_upper_bound_optimization_geq0
j.pdf> <./f_comb_iso_upper_bound_optimization_geq1j.pdf>]

LaTeX Warning: Citation `GSF_reco' on page 15 undefined on input line 223.


LaTeX Warning: Reference `sec:Modeling the QCD Background' on page 15 undefined
 on input line 223.


LaTeX Warning: Citation `PF_algo' on page 15 undefined on input line 231.


LaTeX Warning: Citation `PF_perf' on page 15 undefined on input line 231.


LaTeX Warning: Citation `CMS_JES_paper' on page 15 undefined on input line 231.



LaTeX Warning: Citation `PF_note' on page 15 undefined on input line 231.

[15]

LaTeX Warning: Citation `AK5' on page 16 undefined on input line 265.

[16]

LaTeX Warning: Citation `Salam_talk' on page 17 undefined on input line 271.


Underfull \hbox (badness 10000) in paragraph at lines 271--271
[][]\OT1/cmr/m/n/12 Added
 []


Underfull \hbox (badness 10000) in paragraph at lines 271--271
\OT1/cmr/m/n/12 ref-er-
 []


Underfull \hbox (badness 5490) in paragraph at lines 271--271
\OT1/cmr/m/n/12 ence to
 []

<anti-kT.pdf, id=1248, 208.45914pt x 144.62683pt>
File: anti-kT.pdf Graphic file (type pdf)
 <use anti-kT.pdf>

LaTeX Warning: Citation `Salam_talk' on page 17 undefined on input line 276.


LaTeX Warning: Citation `Salam_talk' on page 17 undefined on input line 276.


LaTeX Warning: Citation `Wigmans' on page 17 undefined on input line 280.


LaTeX Warning: Citation `Wigmans' on page 17 undefined on input line 280.


LaTeX Warning: Citation `CDF_JEC_website' on page 17 undefined on input line 28
0.


LaTeX Warning: Citation `CMS_MET_paper' on page 17 undefined on input line 280.



LaTeX Warning: Citation `CDF_JEC_website' on page 17 undefined on input line 28
0.


LaTeX Warning: Citation `CMS_JES_paper' on page 17 undefined on input line 280.


[17]

LaTeX Warning: Citation `JPT' on page 18 undefined on input line 289.


LaTeX Warning: Citation `CMS_JES_paper' on page 18 undefined on input line 289.


<total_JEC_50_GeV.pdf, id=1257, 191.48268pt x 188.18124pt>
File: total_JEC_50_GeV.pdf Graphic file (type pdf)

<use total_JEC_50_GeV.pdf>
<total_JEC_200_GeV.pdf, id=1258, 188.73149pt x 188.18124pt>
File: total_JEC_200_GeV.pdf Graphic file (type pdf)

<use total_JEC_200_GeV.pdf>

LaTeX Warning: Citation `CMS_JES_paper' on page 18 undefined on input line 296.



LaTeX Warning: Citation `CMS_JES_paper' on page 18 undefined on input line 296.



LaTeX Warning: Citation `CMS_AN-2010/034' on page 18 undefined on input line 33
0.


LaTeX Warning: Citation `CMS_CR-2009/347' on page 18 undefined on input line 33
0.

[18 <./anti-kT.pdf>] [19]
Overfull \hbox (2.83424pt too wide) in paragraph at lines 346--346
[][]\OT1/cmr/m/n/12 Removed
 []


Underfull \hbox (badness 10000) in paragraph at lines 346--346
\OT1/cmr/m/n/12 ital-ics
 []


Underfull \hbox (badness 10000) in paragraph at lines 346--346
\OT1/cmr/m/n/12 tro-mag-
 []


Underfull \hbox (badness 10000) in paragraph at lines 346--346
\OT1/cmr/m/n/12 netic
 []


Underfull \hbox (badness 10000) in paragraph at lines 346--346
\OT1/cmr/m/n/12 frac-
 []


LaTeX Warning: Reference `sec:Errors on the Background Prediction' on page 20 u
ndefined on input line 346.

[20 <./total_JEC_50_GeV.pdf> <./total_JEC_200_GeV.pdf>]
<MET_resolution.pdf, id=1519, 255.86049pt x 182.67888pt>
File: MET_resolution.pdf Graphic file (type pdf)

<use MET_resolution.pdf>

LaTeX Warning: Citation `Pythia8' on page 21 undefined on input line 353.


LaTeX Warning: Citation `CMS_MET_paper' on page 21 undefined on input line 353.



LaTeX Warning: Citation `Pythia8' on page 21 undefined on input line 353.


LaTeX Warning: Citation `CMS_MET_paper' on page 21 undefined on input line 353.


[21 <./MET_resolution.pdf>]
Underfull \hbox (badness 10000) in paragraph at lines 383--384

 []


Underfull \hbox (badness 10000) in paragraph at lines 383--384

 []


Underfull \hbox (badness 10000) in paragraph at lines 383--384

 []


LaTeX Warning: Reference `sec:Level 1 and High Level Trigger Systems' on page 2
2 undefined on input line 392.


Overfull \hbox (2.02036pt too wide) in paragraph at lines 392--392
[][]\OT1/cmr/m/n/12 Switched
 []


Underfull \hbox (badness 10000) in paragraph at lines 392--392
\OT1/cmr/m/n/12 HLT
 []


Underfull \hbox (badness 10000) in paragraph at lines 392--392
\OT1/cmr/m/n/12 path
 []


Underfull \hbox (badness 10000) in paragraph at lines 392--392
\OT1/cmr/m/n/12 names
 []


Underfull \hbox (badness 10000) in paragraph at lines 392--392
\OT1/cmr/m/n/12 to ver-
 []


Underfull \hbox (badness 10000) in paragraph at lines 392--392
\OT1/cmr/m/n/12 ba-tim
 []


Underfull \hbox (badness 10000) in paragraph at lines 392--392
\OT1/cmr/m/n/12 added
 []


Underfull \hbox (badness 10000) in paragraph at lines 392--392
\OT1/cmr/m/n/12 ref-er-
 []


Underfull \hbox (badness 10000) in paragraph at lines 392--392
\OT1/cmr/m/n/12 ence
 []


Underfull \hbox (badness 10000) in paragraph at lines 392--392
\OT1/cmr/m/n/12 to L1
 []


LaTeX Warning: Reference `sec:Level 1 and High Level Trigger Systems' on page 2
2 undefined on input line 392.


Overfull \hbox (2.02036pt too wide) in paragraph at lines 399--399
[][]\OT1/cmr/m/n/12 Switched
 []


Underfull \hbox (badness 10000) in paragraph at lines 399--399
\OT1/cmr/m/n/12 HLT
 []


Underfull \hbox (badness 10000) in paragraph at lines 399--399
\OT1/cmr/m/n/12 path
 []


Underfull \hbox (badness 10000) in paragraph at lines 399--399
\OT1/cmr/m/n/12 names
 []


Underfull \hbox (badness 10000) in paragraph at lines 399--399
\OT1/cmr/m/n/12 to ver-
 []


Underfull \hbox (badness 10000) in paragraph at lines 399--399
\OT1/cmr/m/n/12 ba-tim
 []


LaTeX Warning: Marginpar on page 22 moved.

[22] [23]
Overfull \hbox (2.02036pt too wide) in paragraph at lines 401--401
[][]\OT1/cmr/m/n/12 Switched
 []


Underfull \hbox (badness 10000) in paragraph at lines 401--401
\OT1/cmr/m/n/12 HLT
 []


Underfull \hbox (badness 10000) in paragraph at lines 401--401
\OT1/cmr/m/n/12 path
 []


Underfull \hbox (badness 10000) in paragraph at lines 401--401
\OT1/cmr/m/n/12 names
 []


Underfull \hbox (badness 10000) in paragraph at lines 401--401
\OT1/cmr/m/n/12 to ver-
 []


Underfull \hbox (badness 10000) in paragraph at lines 401--401
\OT1/cmr/m/n/12 ba-tim
 []


Underfull \hbox (badness 10000) in paragraph at lines 403--403
[][]\OT1/cmr/m/n/12 Added
 []


Underfull \hbox (badness 10000) in paragraph at lines 403--403
\OT1/cmr/m/n/12 fi-ciency
 []


Underfull \hbox (badness 10000) in paragraph at lines 403--403
\OT1/cmr/m/n/12 dis-cus-
 []


LaTeX Warning: Marginpar on page 24 moved.


LaTeX Warning: Citation `CMS_AN-2011-515' on page 24 undefined on input line 40
3.

<HLT_efficiency.pdf, id=1597, 447.71896pt x 158.165pt>
File: HLT_efficiency.pdf Graphic file (type pdf)

<use HLT_efficiency.pdf>

LaTeX Warning: Citation `CMS_AN-2011-515' on page 24 undefined on input line 40
8.


LaTeX Warning: Citation `CMS_AN-2011-515' on page 24 undefined on input line 40
8.


LaTeX Warning: Citation `CMS_PVT' on page 24 undefined on input line 415.

[24 <./HLT_efficiency.pdf>]

LaTeX Warning: Citation `HCAL_noise_CRAFT' on page 25 undefined on input line 4
32.

[25]

LaTeX Warning: Citation `HCAL_noise_AN' on page 26 undefined on input line 436.



LaTeX Warning: Citation `Korzekwa' on page 26 undefined on input line 436.

<R45.pdf, id=1768, 1027.84pt x 770.88pt>
File: R45.pdf Graphic file (type pdf)
 <use R45.pdf>

LaTeX Warning: Citation `Chen' on page 26 undefined on input line 454.


LaTeX Warning: Citation `Chen' on page 26 undefined on input line 454.

[26]
Overfull \hbox (2.83424pt too wide) in paragraph at lines 463--463
[][]\OT1/cmr/m/n/12 Removed
 []


Underfull \hbox (badness 10000) in paragraph at lines 463--463
\OT1/cmr/m/n/12 ref-er-
 []


Underfull \hbox (badness 5490) in paragraph at lines 463--463
\OT1/cmr/m/n/12 ence to
 []

[27 <./R45.pdf>] [28]

LaTeX Warning: Citation `CMS_NOTE_2006/041' on page 29 undefined on input line 
546.

[29]

LaTeX Warning: Citation `tag_and_probe_method_AN' on page 30 undefined on input
 line 565.


LaTeX Warning: Citation `tag_and_probe_method_AN' on page 30 undefined on input
 line 565.


LaTeX Warning: Citation `MINUIT' on page 30 undefined on input line 574.


LaTeX Warning: Citation `RooFit' on page 30 undefined on input line 574.


LaTeX Warning: Citation `Crystal_Ball' on page 30 undefined on input line 576.


LaTeX Warning: Citation `tag_and_probe_method_AN' on page 30 undefined on input
 line 576.

[30]

LaTeX Warning: Reference `chap:Monte Carlo Samples' on page 31 undefined on inp
ut line 585.


Underfull \hbox (badness 10000) in paragraph at lines 596--596
[]|\OT1/cmr/m/n/12 Tag-
 []


Underfull \hbox (badness 10000) in paragraph at lines 596--596
\OT1/cmr/m/n/12 pass
 []


Underfull \hbox (badness 10000) in paragraph at lines 596--596
[]|\OT1/cmr/m/n/12 [-1.0,
 []


Underfull \hbox (badness 10000) in paragraph at lines 596--596
[]|\OT1/cmr/m/n/12 [1.0,
 []


Underfull \hbox (badness 10000) in paragraph at lines 598--598
[]|\OT1/cmr/m/n/12 Tag-
 []


Underfull \hbox (badness 10000) in paragraph at lines 598--598
\OT1/cmr/m/n/12 fail
 []


Underfull \hbox (badness 10000) in paragraph at lines 598--598
[]|\OT1/cmr/m/n/12 [-1.0,
 []


Underfull \hbox (badness 10000) in paragraph at lines 598--598
[]|\OT1/cmr/m/n/12 [1.0,
 []


Underfull \hbox (badness 10000) in paragraph at lines 600--600
[]|\OT1/cmr/m/n/12 Tag-
 []


Underfull \hbox (badness 10000) in paragraph at lines 600--600
\OT1/cmr/m/n/12 pass
 []


Underfull \hbox (badness 10000) in paragraph at lines 600--600
\OT1/cmr/m/n/12 back-
 []


Overfull \hbox (2.94756pt too wide) in paragraph at lines 600--600
[]|\OT1/cmr/m/n/12 0.04750| 
 []


Overfull \hbox (2.94756pt too wide) in paragraph at lines 600--601
[]|\OT1/cmr/m/n/12 0.01908| 
 []


Underfull \hbox (badness 10000) in paragraph at lines 602--602
[]|\OT1/cmr/m/n/12 Tag-
 []


Underfull \hbox (badness 10000) in paragraph at lines 602--602
\OT1/cmr/m/n/12 fail
 []


Underfull \hbox (badness 10000) in paragraph at lines 602--602
\OT1/cmr/m/n/12 back-
 []


Underfull \hbox (badness 10000) in paragraph at lines 602--602
[]|\OT1/cmr/m/n/12 [50.0,
 []


Underfull \hbox (badness 10000) in paragraph at lines 608--608
[][]\OT1/cmr/m/n/12 Added
 []

<low_ET_bin_data.pdf, id=1901, 569.12625pt x 385.44pt>
File: low_ET_bin_data.pdf Graphic file (type pdf)

<use low_ET_bin_data.pdf> <low_ET_bin_MC.pdf, id=1902, 569.12625pt x 385.44pt>
File: low_ET_bin_MC.pdf Graphic file (type pdf)

<use low_ET_bin_MC.pdf>
<mid-eta_bin_data.pdf, id=1903, 569.12625pt x 385.44pt>
File: mid-eta_bin_data.pdf Graphic file (type pdf)

<use mid-eta_bin_data.pdf>
<mid-eta_bin_MC.pdf, id=1904, 569.12625pt x 385.44pt>
File: mid-eta_bin_MC.pdf Graphic file (type pdf)
 <use mid-eta_bin_MC.pdf>

Package hyperref Warning: Token not allowed in a PDF string (PDFDocEncoding):
(hyperref)                removing `math shift' on input line 628.


Package hyperref Warning: Token not allowed in a PDF string (PDFDocEncoding):
(hyperref)                removing `\epsilon' on input line 628.


Package hyperref Warning: Token not allowed in a PDF string (PDFDocEncoding):
(hyperref)                removing `subscript' on input line 628.


Package hyperref Warning: Token not allowed in a PDF string (PDFDocEncoding):
(hyperref)                removing `superscript' on input line 628.


Package hyperref Warning: Token not allowed in a PDF string (PDFDocEncoding):
(hyperref)                removing `\epsilon' on input line 628.


Package hyperref Warning: Token not allowed in a PDF string (PDFDocEncoding):
(hyperref)                removing `subscript' on input line 628.


Package hyperref Warning: Token not allowed in a PDF string (PDFDocEncoding):
(hyperref)                removing `superscript' on input line 628.


Package hyperref Warning: Token not allowed in a PDF string (PDFDocEncoding):
(hyperref)                removing `math shift' on input line 628.

[31] [32 <./low_ET_bin_data.pdf, page is rotated 90 degrees> <./low_ET_bin_MC.p
df, page is rotated 90 degrees>] [33 <./mid-eta_bin_data.pdf, page is rotated 9
0 degrees> <./mid-eta_bin_MC.pdf, page is rotated 90 degrees>]
<scale_factor_vs_ET.pdf, id=2102, 569.12625pt x 569.12625pt>
File: scale_factor_vs_ET.pdf Graphic file (type pdf)

<use scale_factor_vs_ET.pdf>
<scale_factor_vs_eta.pdf, id=2103, 569.12625pt x 569.12625pt>
File: scale_factor_vs_eta.pdf Graphic file (type pdf)

<use scale_factor_vs_eta.pdf>
<scale_factor_vs_Njet.pdf, id=2104, 569.12625pt x 569.12625pt>
File: scale_factor_vs_Njet.pdf Graphic file (type pdf)

<use scale_factor_vs_Njet.pdf>
<eff_vs_NPV.pdf, id=2107, 569.12625pt x 569.12625pt>
File: eff_vs_NPV.pdf Graphic file (type pdf)
 <use eff_vs_NPV.pdf>
Underfull \hbox (badness 4303) in paragraph at lines 650--650
\OT1/cmr/m/n/10 Blue cir-cles are data, green
 []

<scale_factor_vs_NPV.pdf, id=2108, 569.12625pt x 569.12625pt>
File: scale_factor_vs_NPV.pdf Graphic file (type pdf)

<use scale_factor_vs_NPV.pdf> [34 <./scale_factor_vs_ET.pdf> <./scale_factor_vs
_eta.pdf> <./scale_factor_vs_Njet.pdf>]
Underfull \hbox (badness 10000) in paragraph at lines 657--657
[][]\OT1/cmr/m/n/12 Official
 []


Underfull \hbox (badness 10000) in paragraph at lines 657--657
\OT1/cmr/m/n/12 re-sult
 []


Underfull \hbox (badness 10000) in paragraph at lines 657--657
\OT1/cmr/m/n/12 syst.
 []


Underfull \hbox (badness 10000) in paragraph at lines 657--657
\OT1/cmr/m/n/12 recheck-
 []


Underfull \hbox (badness 10000) in paragraph at lines 657--657
\OT1/cmr/m/n/12 ing
 []


Overfull \hbox (0.22786pt too wide) in paragraph at lines 657--658
[]\OT1/cmr/m/n/12 The scale fac-tor is mea-sured to be $\OML/cmm/m/it/12 ^^O[]=
^^O[] \OT1/cmr/m/n/12 = 0\OML/cmm/m/it/12 :\OT1/cmr/m/n/12 994[] \OMS/cmsy/m/n/
12 ^^F []\OT1/cmr/m/n/12 0\OML/cmm/m/it/12 :\OT1/cmr/m/n/12 002[] \OMS/cmsy/m/n
/12 ^^F []\OT1/cmr/m/n/12 0\OML/cmm/m/it/12 :\OT1/cmr/m/n/12 035$(syst.).
 []


Overfull \hbox (6.26337pt too wide) in paragraph at lines 661--661
[][]\OT1/cmr/m/n/12 Corrected
 []


Underfull \hbox (badness 1755) in paragraph at lines 661--661
\OT1/cmr/m/n/12 some of
 []


Underfull \hbox (badness 10000) in paragraph at lines 661--661
\OT1/cmr/m/n/12 these
 []

[35 <./eff_vs_NPV.pdf> <./scale_factor_vs_NPV.pdf>]

LaTeX Warning: Citation `CMS_AN-2010/271' on page 36 undefined on input line 66
6.

Package atveryend Info: Empty hook `BeforeClearDocument' on input line 668.
[36] [37]
Package atveryend Info: Empty hook `AfterLastShipout' on input line 668.
 (./ch6.aux)
Package atveryend Info: Executing hook `AtVeryEndDocument' on input line 668.
Package rerunfilecheck Info: File `ch6.out' has not changed.
(rerunfilecheck)             Checksum: 68A2C2AE8ACA09B1C1324073DC4D1889;679.


LaTeX Warning: There were undefined references.


LaTeX Warning: There were multiply-defined labels.

 ) 
Here is how much of TeX's memory you used:
 8292 strings out of 493747
 127411 string characters out of 3143546
 227033 words of memory out of 3000000
 11281 multiletter control sequences out of 15000+200000
 16623 words of font info for 62 fonts, out of 3000000 for 9000
 714 hyphenation exceptions out of 8191
 53i,24n,45p,1472b,466s stack positions out of 5000i,500n,10000p,200000b,50000s
</usr/local/texlive/2010/texmf-dist/fonts/type1/public/amsfonts/cm/cmbx10.pfb
></usr/local/texlive/2010/texmf-dist/fonts/type1/public/amsfonts/cm/cmbx12.pfb>
</usr/local/texlive/2010/texmf-dist/fonts/type1/public/amsfonts/cm/cmex10.pfb><
/usr/local/texlive/2010/texmf-dist/fonts/type1/public/amsfonts/cm/cmmi10.pfb></
usr/local/texlive/2010/texmf-dist/fonts/type1/public/amsfonts/cm/cmmi12.pfb></u
sr/local/texlive/2010/texmf-dist/fonts/type1/public/amsfonts/cm/cmmi7.pfb></usr
/local/texlive/2010/texmf-dist/fonts/type1/public/amsfonts/cm/cmmi8.pfb></usr/l
ocal/texlive/2010/texmf-dist/fonts/type1/public/amsfonts/cm/cmr10.pfb></usr/loc
al/texlive/2010/texmf-dist/fonts/type1/public/amsfonts/cm/cmr12.pfb></usr/local
/texlive/2010/texmf-dist/fonts/type1/public/amsfonts/cm/cmr17.pfb></usr/local/t
exlive/2010/texmf-dist/fonts/type1/public/amsfonts/cm/cmr6.pfb></usr/local/texl
ive/2010/texmf-dist/fonts/type1/public/amsfonts/cm/cmr7.pfb></usr/local/texlive
/2010/texmf-dist/fonts/type1/public/amsfonts/cm/cmr8.pfb></usr/local/texlive/20
10/texmf-dist/fonts/type1/public/amsfonts/cm/cmss10.pfb></usr/local/texlive/201
0/texmf-dist/fonts/type1/public/amsfonts/cm/cmss12.pfb></usr/local/texlive/2010
/texmf-dist/fonts/type1/public/amsfonts/cm/cmss8.pfb></usr/local/texlive/2010/t
exmf-dist/fonts/type1/public/amsfonts/cm/cmssbx10.pfb></usr/local/texlive/2010/
texmf-dist/fonts/type1/public/amsfonts/cm/cmssi10.pfb></usr/local/texlive/2010/
texmf-dist/fonts/type1/public/amsfonts/cm/cmssi12.pfb></usr/local/texlive/2010/
texmf-dist/fonts/type1/public/amsfonts/cm/cmsy10.pfb></usr/local/texlive/2010/t
exmf-dist/fonts/type1/public/amsfonts/cm/cmsy8.pfb></usr/local/texlive/2010/tex
mf-dist/fonts/type1/public/amsfonts/cm/cmti12.pfb></usr/local/texlive/2010/texm
f-dist/fonts/type1/public/amsfonts/cm/cmti7.pfb></usr/local/texlive/2010/texmf-
dist/fonts/type1/public/amsfonts/cm/cmti8.pfb></usr/local/texlive/2010/texmf-di
st/fonts/type1/public/amsfonts/cm/cmtt12.pfb></usr/local/texlive/2010/texmf-dis
t/fonts/type1/public/mathpazo/fplmr.pfb></usr/local/texlive/2010/texmf-dist/fon
ts/type1/public/mathpazo/fplmri.pfb></usr/local/texlive/2010/texmf-dist/fonts/t
ype1/urw/courier/ucrr8a.pfb></usr/local/texlive/2010/texmf-dist/fonts/type1/urw
/helvetic/uhvb8a.pfb></usr/local/texlive/2010/texmf-dist/fonts/type1/urw/helvet
ic/uhvr8a.pfb></usr/local/texlive/2010/texmf-dist/fonts/type1/urw/palatino/uplr
8a.pfb></usr/local/texlive/2010/texmf-dist/fonts/type1/urw/palatino/uplri8a.pfb
></usr/local/texlive/2010/texmf-dist/fonts/type1/urw/symbol/usyr.pfb></usr/loca
l/texlive/2010/texmf-dist/fonts/type1/urw/times/utmb8a.pfb></usr/local/texlive/
2010/texmf-dist/fonts/type1/urw/times/utmr8a.pfb></usr/local/texlive/2010/texmf
-dist/fonts/type1/urw/times/utmri8a.pfb>
Output written on ch6.pdf (37 pages, 3989426 bytes).
PDF statistics:
 2448 PDF objects out of 2487 (max. 8388607)
 1805 compressed objects within 19 object streams
 118 named destinations out of 1000 (max. 500000)
 211 words of extra memory for PDF output out of 10000 (max. 10000000)

