This is pdfTeX, Version 3.1415926-1.40.11 (TeX Live 2010) (format=pdflatex 2010.7.21)  13 JUN 2012 16:32
entering extended mode
 \write18 enabled.
 file:line:error style messages enabled.
 %&-line parsing enabled.
**ch7.tex
(./ch7.tex
LaTeX2e <2009/09/24>
Babel <v3.8l> and hyphenation patterns for english, dumylang, nohyphenation, ge
rman-x-2009-06-19, ngerman-x-2009-06-19, ancientgreek, ibycus, arabic, armenian
, basque, bulgarian, catalan, pinyin, coptic, croatian, czech, danish, dutch, u
kenglish, usenglishmax, esperanto, estonian, farsi, finnish, french, galician, 
german, ngerman, swissgerman, monogreek, greek, hungarian, icelandic, assamese,
 bengali, gujarati, hindi, kannada, malayalam, marathi, oriya, panjabi, tamil, 
telugu, indonesian, interlingua, irish, italian, kurmanji, lao, latin, latvian,
 lithuanian, mongolian, mongolianlmc, bokmal, nynorsk, polish, portuguese, roma
nian, russian, sanskrit, serbian, slovak, slovenian, spanish, swedish, turkish,
 turkmen, ukrainian, uppersorbian, welsh, loaded.
(/Users/rachelyohay/Library/texmf/tex/latex/subfiles/subfiles.cls
Document Class: subfiles 2002/06/08 Federico Garcia
(/usr/local/texlive/2010/texmf-dist/tex/latex/tools/verbatim.sty
Package: verbatim 2003/08/22 v1.5q LaTeX2e package for verbatim enhancements
\every@verbatim=\toks14
\verbatim@line=\toks15
\verbatim@in@stream=\read1
)
Preamble taken from file `dissertation.tex'
(./dissertation.tex
(/usr/local/texlive/2010/texmf-dist/tex/latex/base/report.cls
Document Class: report 2007/10/19 v1.4h Standard LaTeX document class
(/usr/local/texlive/2010/texmf-dist/tex/latex/base/size12.clo
File: size12.clo 2007/10/19 v1.4h Standard LaTeX file (size option)
)
\c@part=\count79
\c@chapter=\count80
\c@section=\count81
\c@subsection=\count82
\c@subsubsection=\count83
\c@paragraph=\count84
\c@subparagraph=\count85
\c@figure=\count86
\c@table=\count87
\abovecaptionskip=\skip41
\belowcaptionskip=\skip42
\bibindent=\dimen102
)
(/usr/local/texlive/2010/texmf-dist/tex/latex/graphics/graphicx.sty
Package: graphicx 1999/02/16 v1.0f Enhanced LaTeX Graphics (DPC,SPQR)

(/usr/local/texlive/2010/texmf-dist/tex/latex/graphics/keyval.sty
Package: keyval 1999/03/16 v1.13 key=value parser (DPC)
\KV@toks@=\toks16
)
(/usr/local/texlive/2010/texmf-dist/tex/latex/graphics/graphics.sty
Package: graphics 2009/02/05 v1.0o Standard LaTeX Graphics (DPC,SPQR)

(/usr/local/texlive/2010/texmf-dist/tex/latex/graphics/trig.sty
Package: trig 1999/03/16 v1.09 sin cos tan (DPC)
)
(/usr/local/texlive/2010/texmf-dist/tex/latex/latexconfig/graphics.cfg
File: graphics.cfg 2010/04/23 v1.9 graphics configuration of TeX Live
)
Package graphics Info: Driver file: pdftex.def on input line 91.

(/usr/local/texlive/2010/texmf-dist/tex/latex/pdftex-def/pdftex.def
File: pdftex.def 2010/02/14 v0.04n Graphics/color for pdfTeX
\Gread@gobject=\count88
))
\Gin@req@height=\dimen103
\Gin@req@width=\dimen104
)
(/usr/local/texlive/2010/texmf-dist/tex/latex/oberdiek/epstopdf.sty
Package: epstopdf 2010/02/09 v2.5 Conversion with epstopdf on the fly (HO)

(/usr/local/texlive/2010/texmf-dist/tex/latex/oberdiek/epstopdf-base.sty
Package: epstopdf-base 2010/02/09 v2.5 Base part for package epstopdf

(/usr/local/texlive/2010/texmf-dist/tex/generic/oberdiek/infwarerr.sty
Package: infwarerr 2010/04/08 v1.3 Providing info/warning/message (HO)
)
(/usr/local/texlive/2010/texmf-dist/tex/latex/oberdiek/grfext.sty
Package: grfext 2007/09/30 v1.0 Managing graphics extensions (HO)
)
(/usr/local/texlive/2010/texmf-dist/tex/latex/oberdiek/kvoptions.sty
Package: kvoptions 2010/02/22 v3.7 Keyval support for LaTeX options (HO)

(/usr/local/texlive/2010/texmf-dist/tex/generic/oberdiek/kvsetkeys.sty
Package: kvsetkeys 2010/03/01 v1.9 Key value parser (HO)

(/usr/local/texlive/2010/texmf-dist/tex/generic/oberdiek/etexcmds.sty
Package: etexcmds 2010/01/28 v1.3 Prefix for e-TeX command names (HO)
Package etexcmds Info: Could not find \expanded.
(etexcmds)             That can mean that you are not using pdfTeX 1.50 or
(etexcmds)             that some package has redefined \expanded.
(etexcmds)             In the latter case, load this package earlier.
)))
(/usr/local/texlive/2010/texmf-dist/tex/generic/oberdiek/pdftexcmds.sty
Package: pdftexcmds 2010/04/01 v0.9 Utility functions of pdfTeX for LuaTeX (HO)


(/usr/local/texlive/2010/texmf-dist/tex/generic/oberdiek/ifluatex.sty
Package: ifluatex 2010/03/01 v1.3 Provides the ifluatex switch (HO)
Package ifluatex Info: LuaTeX not detected.
)
(/usr/local/texlive/2010/texmf-dist/tex/generic/oberdiek/ltxcmds.sty
Package: ltxcmds 2010/04/26 v1.7 LaTeX kernel commands for general use (HO)
)
Package pdftexcmds Info: LuaTeX not detected.
Package pdftexcmds Info: \pdf@primitive is available.
Package pdftexcmds Info: \pdf@ifprimitive is available.
)
Package grfext Info: Graphics extension search list:
(grfext)             [.png,.pdf,.jpg,.mps,.jpeg,.jbig2,.jb2,.PNG,.PDF,.JPG,.JPE
G,.JBIG2,.JB2,.eps]
(grfext)             \AppendGraphicsExtensions on input line 436.

(/usr/local/texlive/2010/texmf-dist/tex/latex/latexconfig/epstopdf-sys.cfg
File: epstopdf-sys.cfg 2010/07/13 v1.3 Configuration of (r)epstopdf for TeX Liv
e
)))
(/usr/local/texlive/2010/texmf-dist/tex/latex/subfig/subfig.sty
Package: subfig 2005/06/28 ver: 1.3 subfig package

(/usr/local/texlive/2010/texmf-dist/tex/latex/caption/caption.sty
Package: caption 2010/01/09 v3.1m Customizing captions (AR)

(/usr/local/texlive/2010/texmf-dist/tex/latex/caption/caption3.sty
Package: caption3 2010/01/14 v3.1m caption3 kernel (AR)
\captionmargin=\dimen105
\captionmargin@=\dimen106
\captionwidth=\dimen107
\caption@indent=\dimen108
\caption@parindent=\dimen109
\caption@hangindent=\dimen110
)
\c@ContinuedFloat=\count89
)
\c@KVtest=\count90
\sf@farskip=\skip43
\sf@captopadj=\dimen111
\sf@capskip=\skip44
\sf@nearskip=\skip45
\c@subfigure=\count91
\c@subfigure@save=\count92
\c@lofdepth=\count93
\c@subtable=\count94
\c@subtable@save=\count95
\c@lotdepth=\count96
\sf@top=\skip46
\sf@bottom=\skip47
)
(/usr/local/texlive/2010/texmf-dist/tex/latex/tools/array.sty
Package: array 2008/09/09 v2.4c Tabular extension package (FMi)
\col@sep=\dimen112
\extrarowheight=\dimen113
\NC@list=\toks17
\extratabsurround=\skip48
\backup@length=\skip49
)
(/usr/local/texlive/2010/texmf-dist/tex/latex/url/url.sty
\Urlmuskip=\muskip10
Package: url 2006/04/12  ver 3.3  Verb mode for urls, etc.
)
(/usr/local/texlive/2010/texmf-dist/tex/latex/graphics/color.sty
Package: color 2005/11/14 v1.0j Standard LaTeX Color (DPC)

(/usr/local/texlive/2010/texmf-dist/tex/latex/latexconfig/color.cfg
File: color.cfg 2007/01/18 v1.5 color configuration of teTeX/TeXLive
)
Package color Info: Driver file: pdftex.def on input line 130.
)
(/usr/local/texlive/2010/texmf-dist/tex/latex/amsfonts/amssymb.sty
Package: amssymb 2009/06/22 v3.00

(/usr/local/texlive/2010/texmf-dist/tex/latex/amsfonts/amsfonts.sty
Package: amsfonts 2009/06/22 v3.00 Basic AMSFonts support
\@emptytoks=\toks18
\symAMSa=\mathgroup4
\symAMSb=\mathgroup5
LaTeX Font Info:    Overwriting math alphabet `\mathfrak' in version `bold'
(Font)                  U/euf/m/n --> U/euf/b/n on input line 96.
))
(/usr/local/texlive/2010/texmf-dist/tex/latex/mh/mathtools.sty
Package: mathtools 2010/07/11 v1.08 mathematical typesetting tools (MH)

(/usr/local/texlive/2010/texmf-dist/tex/latex/tools/calc.sty
Package: calc 2007/08/22 v4.3 Infix arithmetic (KKT,FJ)
\calc@Acount=\count97
\calc@Bcount=\count98
\calc@Adimen=\dimen114
\calc@Bdimen=\dimen115
\calc@Askip=\skip50
\calc@Bskip=\skip51
LaTeX Info: Redefining \setlength on input line 76.
LaTeX Info: Redefining \addtolength on input line 77.
\calc@Ccount=\count99
\calc@Cskip=\skip52
)
(/usr/local/texlive/2010/texmf-dist/tex/latex/mh/mhsetup.sty
Package: mhsetup 2010/01/21 v1.2a programming setup (MH)
)
(/usr/local/texlive/2010/texmf-dist/tex/latex/amsmath/amsmath.sty
Package: amsmath 2000/07/18 v2.13 AMS math features
\@mathmargin=\skip53

For additional information on amsmath, use the `?' option.
(/usr/local/texlive/2010/texmf-dist/tex/latex/amsmath/amstext.sty
Package: amstext 2000/06/29 v2.01

(/usr/local/texlive/2010/texmf-dist/tex/latex/amsmath/amsgen.sty
File: amsgen.sty 1999/11/30 v2.0
\@emptytoks=\toks19
\ex@=\dimen116
))
(/usr/local/texlive/2010/texmf-dist/tex/latex/amsmath/amsbsy.sty
Package: amsbsy 1999/11/29 v1.2d
\pmbraise@=\dimen117
)
(/usr/local/texlive/2010/texmf-dist/tex/latex/amsmath/amsopn.sty
Package: amsopn 1999/12/14 v2.01 operator names
)
\inf@bad=\count100
LaTeX Info: Redefining \frac on input line 211.
\uproot@=\count101
\leftroot@=\count102
LaTeX Info: Redefining \overline on input line 307.
\classnum@=\count103
\DOTSCASE@=\count104
LaTeX Info: Redefining \ldots on input line 379.
LaTeX Info: Redefining \dots on input line 382.
LaTeX Info: Redefining \cdots on input line 467.
\Mathstrutbox@=\box26
\strutbox@=\box27
\big@size=\dimen118
LaTeX Font Info:    Redeclaring font encoding OML on input line 567.
LaTeX Font Info:    Redeclaring font encoding OMS on input line 568.
\macc@depth=\count105
\c@MaxMatrixCols=\count106
\dotsspace@=\muskip11
\c@parentequation=\count107
\dspbrk@lvl=\count108
\tag@help=\toks20
\row@=\count109
\column@=\count110
\maxfields@=\count111
\andhelp@=\toks21
\eqnshift@=\dimen119
\alignsep@=\dimen120
\tagshift@=\dimen121
\tagwidth@=\dimen122
\totwidth@=\dimen123
\lineht@=\dimen124
\@envbody=\toks22
\multlinegap=\skip54
\multlinetaggap=\skip55
\mathdisplay@stack=\toks23
LaTeX Info: Redefining \[ on input line 2666.
LaTeX Info: Redefining \] on input line 2667.
)
\g_MT_multlinerow_int=\count112
\l_MT_multwidth_dim=\dimen125
)
(/Users/rachelyohay/Library/texmf/tex/latex/subfiles/subfiles.sty
Package: subfiles 2002/06/08 Federico Garcia
)
(/usr/local/texlive/2010/texmf-dist/tex/latex/geometry/geometry.sty
Package: geometry 2010/07/13 v5.5 Page Geometry

(/usr/local/texlive/2010/texmf-dist/tex/generic/oberdiek/ifpdf.sty
Package: ifpdf 2010/01/28 v2.1 Provides the ifpdf switch (HO)
Package ifpdf Info: pdfTeX in pdf mode detected.
)
(/usr/local/texlive/2010/texmf-dist/tex/generic/oberdiek/ifvtex.sty
Package: ifvtex 2010/03/01 v1.5 Switches for detecting VTeX and its modes (HO)
Package ifvtex Info: VTeX not detected.
)
\Gm@cnth=\count113
\Gm@cntv=\count114
\c@Gm@tempcnt=\count115
\Gm@bindingoffset=\dimen126
\Gm@wd@mp=\dimen127
\Gm@odd@mp=\dimen128
\Gm@even@mp=\dimen129
\Gm@layoutwidth=\dimen130
\Gm@layoutheight=\dimen131
\Gm@layouthoffset=\dimen132
\Gm@layoutvoffset=\dimen133
\Gm@dimlist=\toks24
)
(/usr/local/texlive/2010/texmf-dist/tex/latex/setspace/setspace.sty
Package: setspace 2000/12/01 6.7 Contributed and Supported LaTeX2e package

Package: `setspace' 6.7 <2000/12/01>
) (/usr/local/texlive/2010/texmf-dist/tex/latex/multirow/multirow.sty
\bigstrutjot=\dimen134
)
(/usr/local/texlive/2010/texmf-dist/tex/latex/hyperref/hyperref.sty
Package: hyperref 2010/06/18 v6.81g Hypertext links for LaTeX

(/usr/local/texlive/2010/texmf-dist/tex/generic/oberdiek/pdfescape.sty
Package: pdfescape 2010/03/01 v1.9 Provides hex, PDF name and string conversion
s (HO)
)
(/usr/local/texlive/2010/texmf-dist/tex/generic/ifxetex/ifxetex.sty
Package: ifxetex 2009/01/23 v0.5 Provides ifxetex conditional
)
(/usr/local/texlive/2010/texmf-dist/tex/latex/oberdiek/hycolor.sty
Package: hycolor 2009/12/12 v1.6 Color options of hyperref/bookmark (HO)

(/usr/local/texlive/2010/texmf-dist/tex/latex/oberdiek/xcolor-patch.sty
Package: xcolor-patch 2009/12/12 xcolor patch
))
(/usr/local/texlive/2010/texmf-dist/tex/latex/oberdiek/letltxmacro.sty
Package: letltxmacro 2008/06/24 v1.3 Let assignment for LaTeX macros (HO)
)
\@linkdim=\dimen135
\Hy@linkcounter=\count116
\Hy@pagecounter=\count117

(/usr/local/texlive/2010/texmf-dist/tex/latex/hyperref/pd1enc.def
File: pd1enc.def 2010/06/18 v6.81g Hyperref: PDFDocEncoding definition (HO)
)
(/usr/local/texlive/2010/texmf-dist/tex/generic/oberdiek/intcalc.sty
Package: intcalc 2007/09/27 v1.1 Expandable integer calculations (HO)
)
(/usr/local/texlive/2010/texmf-dist/tex/latex/latexconfig/hyperref.cfg
File: hyperref.cfg 2002/06/06 v1.2 hyperref configuration of TeXLive
)
Package hyperref Info: Hyper figures OFF on input line 3658.
Package hyperref Info: Link nesting OFF on input line 3663.
Package hyperref Info: Hyper index ON on input line 3666.
Package hyperref Info: Plain pages OFF on input line 3673.
Package hyperref Info: Backreferencing OFF on input line 3678.

Implicit mode ON; LaTeX internals redefined
Package hyperref Info: Bookmarks ON on input line 3874.
LaTeX Info: Redefining \url on input line 4159.
(/usr/local/texlive/2010/texmf-dist/tex/generic/oberdiek/bitset.sty
Package: bitset 2007/09/28 v1.0 Data type bit set (HO)

(/usr/local/texlive/2010/texmf-dist/tex/generic/oberdiek/bigintcalc.sty
Package: bigintcalc 2007/11/11 v1.1 Expandable big integer calculations (HO)
))
\Fld@menulength=\count118
\Field@Width=\dimen136
\Fld@charsize=\dimen137
\Field@toks=\toks25
Package hyperref Info: Hyper figures OFF on input line 5137.
Package hyperref Info: Link nesting OFF on input line 5142.
Package hyperref Info: Hyper index ON on input line 5145.
Package hyperref Info: backreferencing OFF on input line 5152.
Package hyperref Info: Link coloring OFF on input line 5157.
Package hyperref Info: Link coloring with OCG OFF on input line 5162.
Package hyperref Info: PDF/A mode OFF on input line 5167.
LaTeX Info: Redefining \ref on input line 5207.
LaTeX Info: Redefining \pageref on input line 5211.

(/usr/local/texlive/2010/texmf-dist/tex/generic/oberdiek/atbegshi.sty
Package: atbegshi 2010/03/25 v1.12 At begin shipout hook (HO)
)
\Hy@abspage=\count119
\c@Item=\count120
\c@Hfootnote=\count121
)
* hyperref using default driver hpdftex *
(/usr/local/texlive/2010/texmf-dist/tex/latex/hyperref/hpdftex.def
File: hpdftex.def 2010/06/18 v6.81g Hyperref driver for pdfTeX

(/usr/local/texlive/2010/texmf-dist/tex/latex/oberdiek/atveryend.sty
Package: atveryend 2010/03/24 v1.5 Hooks at very end of document (HO)
)
\Fld@listcount=\count122
\c@bookmark@seq@number=\count123

(/usr/local/texlive/2010/texmf-dist/tex/latex/oberdiek/rerunfilecheck.sty
Package: rerunfilecheck 2010/03/16 v1.6 Rerun checks for auxiliary files (HO)

(/usr/local/texlive/2010/texmf-dist/tex/generic/oberdiek/uniquecounter.sty
Package: uniquecounter 2009/12/18 v1.1 Provides unlimited unique counter (HO)
)
Package uniquecounter Info: New unique counter `rerunfilecheck' on input line 2
71.
)
\Hy@SectionHShift=\skip56
)
(/usr/local/texlive/2010/texmf-dist/tex/latex/lineno/lineno.sty
Package: lineno 2005/11/02 line numbers on paragraphs v4.41
\linenopenalty=\count124
\output=\toks26
\linenoprevgraf=\count125
\linenumbersep=\dimen138
\linenumberwidth=\dimen139
\c@linenumber=\count126
\c@pagewiselinenumber=\count127
\c@LN@truepage=\count128
\c@internallinenumber=\count129
\c@internallinenumbers=\count130
\quotelinenumbersep=\dimen140
\bframerule=\dimen141
\bframesep=\dimen142
\bframebox=\box28
LaTeX Info: Redefining \\ on input line 3056.
)
Package grfext Info: Graphics extension search list:
(grfext)             [.png,.pdf,.jpg,.mps,.jpeg,.jbig2,.jb2,.PNG,.PDF,.JPG,.JPE
G,.JBIG2,.JB2,.eps,.gif]
(grfext)             \AppendGraphicsExtensions on input line 41.
)) (./ch7.aux)
\openout1 = `ch7.aux'.

LaTeX Font Info:    Checking defaults for OML/cmm/m/it on input line 2.
LaTeX Font Info:    ... okay on input line 2.
LaTeX Font Info:    Checking defaults for T1/cmr/m/n on input line 2.
LaTeX Font Info:    ... okay on input line 2.
LaTeX Font Info:    Checking defaults for OT1/cmr/m/n on input line 2.
LaTeX Font Info:    ... okay on input line 2.
LaTeX Font Info:    Checking defaults for OMS/cmsy/m/n on input line 2.
LaTeX Font Info:    ... okay on input line 2.
LaTeX Font Info:    Checking defaults for OMX/cmex/m/n on input line 2.
LaTeX Font Info:    ... okay on input line 2.
LaTeX Font Info:    Checking defaults for U/cmr/m/n on input line 2.
LaTeX Font Info:    ... okay on input line 2.
LaTeX Font Info:    Checking defaults for PD1/pdf/m/n on input line 2.
LaTeX Font Info:    ... okay on input line 2.

(/usr/local/texlive/2010/texmf-dist/tex/context/base/supp-pdf.mkii
[Loading MPS to PDF converter (version 2006.09.02).]
\scratchcounter=\count131
\scratchdimen=\dimen143
\scratchbox=\box29
\nofMPsegments=\count132
\nofMParguments=\count133
\everyMPshowfont=\toks27
\MPscratchCnt=\count134
\MPscratchDim=\dimen144
\MPnumerator=\count135
\everyMPtoPDFconversion=\toks28
)
Package caption Info: Begin \AtBeginDocument code.
Package caption3 Info: subfig package 1.2 or 1.3 is loaded.
LaTeX Info: Redefining \subref on input line 2.
Package caption Info: hyperref package is loaded.
Package caption Info: End \AtBeginDocument code.

*geometry* driver: auto-detecting
*geometry* detected driver: pdftex
*geometry* verbose mode - [ preamble ] result:
* driver: pdftex
* paper: <default>
* layout: <same size as paper>
* layoutoffset:(h,v)=(0.0pt,0.0pt)
* modes: 
* h-part:(L,W,R)=(108.405pt, 433.62001pt, 72.26999pt)
* v-part:(T,H,B)=(72.26999pt, 650.43001pt, 72.26999pt)
* \paperwidth=614.295pt
* \paperheight=794.96999pt
* \textwidth=433.62001pt
* \textheight=650.43001pt
* \oddsidemargin=36.13501pt
* \evensidemargin=36.13501pt
* \topmargin=-37.0pt
* \headheight=12.0pt
* \headsep=25.0pt
* \topskip=12.0pt
* \footskip=30.0pt
* \marginparwidth=44.0pt
* \marginparsep=10.0pt
* \columnsep=10.0pt
* \skip\footins=10.8pt plus 4.0pt minus 2.0pt
* \hoffset=0.0pt
* \voffset=0.0pt
* \mag=1000
* \@twocolumnfalse
* \@twosidefalse
* \@mparswitchfalse
* \@reversemarginfalse
* (1in=72.27pt=25.4mm, 1cm=28.453pt)

\AtBeginShipoutBox=\box30
Package hyperref Info: Link coloring OFF on input line 2.
(/usr/local/texlive/2010/texmf-dist/tex/latex/hyperref/nameref.sty
Package: nameref 2010/04/30 v2.40 Cross-referencing by name of section

(/usr/local/texlive/2010/texmf-dist/tex/latex/oberdiek/refcount.sty
Package: refcount 2008/08/11 v3.1 Data extraction from references (HO)
)
(/usr/local/texlive/2010/texmf-dist/tex/generic/oberdiek/gettitlestring.sty
Package: gettitlestring 2009/12/18 v1.3 Cleanup title references (HO)
)
\c@section@level=\count136
)
LaTeX Info: Redefining \ref on input line 2.
LaTeX Info: Redefining \pageref on input line 2.
LaTeX Info: Redefining \nameref on input line 2.

(./ch7.out) (./ch7.out)
\@outlinefile=\write3
\openout3 = `ch7.out'.


Chapter 1.
LaTeX Font Info:    Try loading font information for U+msa on input line 7.
(/usr/local/texlive/2010/texmf-dist/tex/latex/amsfonts/umsa.fd
File: umsa.fd 2009/06/22 v3.00 AMS symbols A
)
LaTeX Font Info:    Try loading font information for U+msb on input line 7.

(/usr/local/texlive/2010/texmf-dist/tex/latex/amsfonts/umsb.fd
File: umsb.fd 2009/06/22 v3.00 AMS symbols B
)

LaTeX Warning: Reference `sec:MET' on page 1 undefined on input line 7.


LaTeX Warning: Reference `sec:Photons' on page 1 undefined on input line 7.


LaTeX Warning: Reference `sec:Electrons' on page 1 undefined on input line 7.


LaTeX Warning: Reference `sec:Jets' on page 1 undefined on input line 7.


LaTeX Warning: Reference `sec:Event Quality' on page 1 undefined on input line 
7.


LaTeX Warning: Reference `sec:HLT' on page 1 undefined on input line 7.


LaTeX Warning: Citation `DAS' on page 1 undefined on input line 45.

[1


{/usr/local/texlive/2010/texmf-var/fonts/map/pdftex/updmap/pdftex.map}]
LaTeX Font Info:    Try loading font information for OMS+cmr on input line 48.

(/usr/local/texlive/2010/texmf-dist/tex/latex/base/omscmr.fd
File: omscmr.fd 1999/05/25 v2.5h Standard LaTeX font definitions
)
LaTeX Font Info:    Font shape `OMS/cmr/m/n' in size <12> not available
(Font)              Font shape `OMS/cmsy/m/n' tried instead on input line 48.

<dijet_cropped.pdf, id=56, 428.03201pt x 109.824pt>
File: dijet_cropped.pdf Graphic file (type pdf)
 <use dijet_cropped.pdf>
<qg_to_qa.pdf, id=57, 117.33125pt x 100.43553pt>
File: qg_to_qa.pdf Graphic file (type pdf)
 <use qg_to_qa.pdf>
<diphoton_cropped.pdf, id=58, 279.72266pt x 106.06927pt>
File: diphoton_cropped.pdf Graphic file (type pdf)

<use diphoton_cropped.pdf>
<qq_to_W_to_enu_to_enua.pdf, id=59, 132.34966pt x 103.25154pt>
File: qq_to_W_to_enu_to_enua.pdf Graphic file (type pdf)

<use qq_to_W_to_enu_to_enua.pdf>
<qg_to_qW_to_qenu.pdf, id=60, 134.22696pt x 109.82205pt>
File: qg_to_qW_to_qenu.pdf Graphic file (type pdf)

<use qg_to_qW_to_qenu.pdf>
<gg_to_tt_to_WbWb_to_ffbenub_to_ffbenuba.pdf, id=61, 245.92638pt x 194.3005pt>
File: gg_to_tt_to_WbWb_to_ffbenub_to_ffbenuba.pdf Graphic file (type pdf)

<use gg_to_tt_to_WbWb_to_ffbenub_to_ffbenuba.pdf> [2] [3 <./dijet_cropped.pdf> 
<./qg_to_qa.pdf> <./diphoton_cropped.pdf>] [4 <./qq_to_W_to_enu_to_enua.pdf> <.
/qg_to_qW_to_qenu.pdf> <./gg_to_tt_to_WbWb_to_ffbenub_to_ffbenuba.pdf>]
[5] <hadronic_activity_HT.pdf, id=344, 511.9125pt x 739.76375pt>
File: hadronic_activity_HT.pdf Graphic file (type pdf)

<use hadronic_activity_HT.pdf>
<hadronic_activity_Nj.pdf, id=347, 511.9125pt x 739.76375pt>
File: hadronic_activity_Nj.pdf Graphic file (type pdf)

<use hadronic_activity_Nj.pdf>
<hadronic_activity_MHT.pdf, id=350, 511.9125pt x 739.76375pt>
File: hadronic_activity_MHT.pdf Graphic file (type pdf)

<use hadronic_activity_MHT.pdf>
<hadronic_activity_j1ET.pdf, id=353, 511.9125pt x 739.76375pt>
File: hadronic_activity_j1ET.pdf Graphic file (type pdf)

<use hadronic_activity_j1ET.pdf>
<hadronic_activity_rho.pdf, id=356, 511.9125pt x 739.76375pt>
File: hadronic_activity_rho.pdf Graphic file (type pdf)

<use hadronic_activity_rho.pdf>

LaTeX Warning: Reference `sec:Photons' on page 6 undefined on input line 160.


LaTeX Warning: Reference `sec:Photons' on page 6 undefined on input line 160.

<hadronic_activity_nPV.pdf, id=357, 511.9125pt x 739.76375pt>
File: hadronic_activity_nPV.pdf Graphic file (type pdf)

<use hadronic_activity_nPV.pdf>

LaTeX Warning: Reference `sec:Event Quality' on page 6 undefined on input line 
167.


LaTeX Warning: Reference `sec:Event Quality' on page 6 undefined on input line 
167.


LaTeX Warning: Reference `sec:Jets and Missing Transverse Energy' on page 6 und
efined on input line 181.


LaTeX Warning: Citation `CMS_AN-2010/034' on page 6 undefined on input line 199
.


LaTeX Warning: Citation `CMS_CR-2009/347' on page 6 undefined on input line 199
.


Overfull \hbox (25.05408pt too wide) in paragraph at lines 176--202
 [][] 
 []

[6] [7 <./hadronic_activity_HT.pdf>] [8 <./hadronic_activity_Nj.pdf>] [9 <./had
ronic_activity_MHT.pdf>] [10 <./hadronic_activity_j1ET.pdf>] [11 <./hadronic_ac
tivity_rho.pdf>] [12 <./hadronic_activity_nPV.pdf>] [13]
<di-EM_pT_cartoon.pdf, id=671, 543.38904pt x 346.39664pt>
File: di-EM_pT_cartoon.pdf Graphic file (type pdf)

<use di-EM_pT_cartoon.pdf>
<gg_MET_vs_di-EM_pT.pdf, id=672, 569.12625pt x 502.87875pt>
File: gg_MET_vs_di-EM_pT.pdf Graphic file (type pdf)

<use gg_MET_vs_di-EM_pT.pdf>
<ee_MET_vs_di-EM_pT.pdf, id=673, 569.12625pt x 502.87875pt>
File: ee_MET_vs_di-EM_pT.pdf Graphic file (type pdf)

<use ee_MET_vs_di-EM_pT.pdf>
<ff_MET_vs_di-EM_pT.pdf, id=674, 569.12625pt x 502.87875pt>
File: ff_MET_vs_di-EM_pT.pdf Graphic file (type pdf)

<use ff_MET_vs_di-EM_pT.pdf>

LaTeX Warning: Float too large for page by 47.51378pt on input line 227.


LaTeX Warning: Reference `tab:jet_definition_for_Nj_reweighting' on page 14 und
efined on input line 229.


<ee_dijet_pT_and_Nj_vs_dijet_pT_reweighting.pdf, id=678, 569.12625pt x 546.04pt
>
File: ee_dijet_pT_and_Nj_vs_dijet_pT_reweighting.pdf Graphic file (type pdf)
 <use ee_dijet_pT_and_Nj_vs_dijet_pT_reweighting.pdf>
<ff_dijet_pT_and_Nj_vs_dijet_pT_reweighting.pdf, id=679, 569.12625pt x 546.04pt
>
File: ff_dijet_pT_and_Nj_vs_dijet_pT_reweighting.pdf Graphic file (type pdf)
 <use ff_dijet_pT_and_Nj_vs_dijet_pT_reweighting.pdf>
<ee_over_ff_dijet_pT_and_Nj_vs_dijet_pT_reweighting.pdf, id=680, 569.12625pt x 
259.97125pt>
File: ee_over_ff_dijet_pT_and_Nj_vs_dijet_pT_reweighting.pdf Graphic file (type
 pdf)
 <use ee_over_ff_dijet_pT_and_Nj_vs_dijet_pT_reweighting.pdf>
<ee_over_ff_dijet_pT_and_Nj_vs_dijet_pT_reweighting_zoom.pdf, id=681, 569.12625
pt x 259.97125pt>
File: ee_over_ff_dijet_pT_and_Nj_vs_dijet_pT_reweighting_zoom.pdf Graphic file 
(type pdf)

<use ee_over_ff_dijet_pT_and_Nj_vs_dijet_pT_reweighting_zoom.pdf>

LaTeX Warning: Reference `sec:Photons' on page 14 undefined on input line 246.

[14 <./di-EM_pT_cartoon.pdf>] [15 <./gg_MET_vs_di-EM_pT.pdf, page is rotated 90
 degrees> <./ee_MET_vs_di-EM_pT.pdf, page is rotated 90 degrees> <./ff_MET_vs_d
i-EM_pT.pdf, page is rotated 90 degrees>] [16 <./ee_dijet_pT_and_Nj_vs_dijet_pT
_reweighting.pdf, page is rotated 90 degrees> <./ff_dijet_pT_and_Nj_vs_dijet_pT
_reweighting.pdf, page is rotated 90 degrees> <./ee_over_ff_dijet_pT_and_Nj_vs_
dijet_pT_reweighting.pdf, page is rotated 90 degrees> <./ee_over_ff_dijet_pT_an
d_Nj_vs_dijet_pT_reweighting_zoom.pdf, page is rotated 90 degrees>]
<4684pb-1_eLeading_ETBias_log.pdf, id=1058, 569.12625pt x 546.04pt>
File: 4684pb-1_eLeading_ETBias_log.pdf Graphic file (type pdf)

<use 4684pb-1_eLeading_ETBias_log.pdf>
<4684pb-1_eTrailing_ETBias_log.pdf, id=1059, 569.12625pt x 546.04pt>
File: 4684pb-1_eTrailing_ETBias_log.pdf Graphic file (type pdf)

<use 4684pb-1_eTrailing_ETBias_log.pdf>
<4684pb-1_fLeading_ETBias_log.pdf, id=1060, 569.12625pt x 546.04pt>
File: 4684pb-1_fLeading_ETBias_log.pdf Graphic file (type pdf)

<use 4684pb-1_fLeading_ETBias_log.pdf>
<4684pb-1_fTrailing_ETBias_log.pdf, id=1061, 569.12625pt x 546.04pt>
File: 4684pb-1_fTrailing_ETBias_log.pdf Graphic file (type pdf)

<use 4684pb-1_fTrailing_ETBias_log.pdf>
<4684pb-1_gLeading_ETBias_log.pdf, id=1062, 569.12625pt x 546.04pt>
File: 4684pb-1_gLeading_ETBias_log.pdf Graphic file (type pdf)

<use 4684pb-1_gLeading_ETBias_log.pdf>
<4684pb-1_gTrailing_ETBias_log.pdf, id=1063, 569.12625pt x 546.04pt>
File: 4684pb-1_gTrailing_ETBias_log.pdf Graphic file (type pdf)

<use 4684pb-1_gTrailing_ETBias_log.pdf>
<4684pb-1_single_ETBias.pdf, id=1064, 569.12625pt x 546.04pt>
File: 4684pb-1_single_ETBias.pdf Graphic file (type pdf)

<use 4684pb-1_single_ETBias.pdf>
<ee_di-EM_vs_dijet_pT_reweighting.pdf, id=1067, 569.12625pt x 546.04pt>
File: ee_di-EM_vs_dijet_pT_reweighting.pdf Graphic file (type pdf)

<use ee_di-EM_vs_dijet_pT_reweighting.pdf>
<ff_di-EM_vs_dijet_pT_reweighting.pdf, id=1068, 569.12625pt x 546.04pt>
File: ff_di-EM_vs_dijet_pT_reweighting.pdf Graphic file (type pdf)

<use ff_di-EM_vs_dijet_pT_reweighting.pdf>
<ee_over_ff_di-EM_vs_dijet_pT_reweighting.pdf, id=1069, 569.12625pt x 259.97125
pt>
File: ee_over_ff_di-EM_vs_dijet_pT_reweighting.pdf Graphic file (type pdf)
 <use ee_over_ff_di-EM_vs_dijet_pT_reweighting.pdf>
<ee_over_ff_di-EM_vs_dijet_pT_reweighting_zoom.pdf, id=1070, 569.12625pt x 259.
97125pt>
File: ee_over_ff_di-EM_vs_dijet_pT_reweighting_zoom.pdf Graphic file (type pdf)

 <use ee_over_ff_di-EM_vs_dijet_pT_reweighting_zoom.pdf>
<ee_dijet_pT_and_Nj_vs_no_reweighting.pdf, id=1072, 569.12625pt x 546.04pt>
File: ee_dijet_pT_and_Nj_vs_no_reweighting.pdf Graphic file (type pdf)

<use ee_dijet_pT_and_Nj_vs_no_reweighting.pdf>
<ff_dijet_pT_and_Nj_vs_no_reweighting.pdf, id=1073, 569.12625pt x 546.04pt>
File: ff_dijet_pT_and_Nj_vs_no_reweighting.pdf Graphic file (type pdf)

<use ff_dijet_pT_and_Nj_vs_no_reweighting.pdf>
<ee_over_ff_dijet_pT_and_Nj_vs_no_reweighting.pdf, id=1074, 569.12625pt x 259.9
7125pt>
File: ee_over_ff_dijet_pT_and_Nj_vs_no_reweighting.pdf Graphic file (type pdf)
 <use ee_over_ff_dijet_pT_and_Nj_vs_no_reweighting.pdf>
<ee_over_ff_dijet_pT_and_Nj_vs_no_reweighting_zoom.pdf, id=1075, 569.12625pt x 
259.97125pt>
File: ee_over_ff_dijet_pT_and_Nj_vs_no_reweighting_zoom.pdf Graphic file (type 
pdf)
 <use ee_over_ff_dijet_pT_and_Nj_vs_no_reweighting_zoom.pdf>
[17] [18 <./4684pb-1_eLeading_ETBias_log.pdf, page is rotated 90 degrees> <./46
84pb-1_eTrailing_ETBias_log.pdf, page is rotated 90 degrees> <./4684pb-1_fLeadi
ng_ETBias_log.pdf, page is rotated 90 degrees> <./4684pb-1_fTrailing_ETBias_log
.pdf, page is rotated 90 degrees> <./4684pb-1_gLeading_ETBias_log.pdf, page is 
rotated 90 degrees> <./4684pb-1_gTrailing_ETBias_log.pdf, page is rotated 90 de
grees>] [19 <./4684pb-1_single_ETBias.pdf, page is rotated 90 degrees>]
[20 <./ee_di-EM_vs_dijet_pT_reweighting.pdf, page is rotated 90 degrees> <./ff_
di-EM_vs_dijet_pT_reweighting.pdf, page is rotated 90 degrees> <./ee_over_ff_di
-EM_vs_dijet_pT_reweighting.pdf, page is rotated 90 degrees> <./ee_over_ff_di-E
M_vs_dijet_pT_reweighting_zoom.pdf, page is rotated 90 degrees>] [21 <./ee_dije
t_pT_and_Nj_vs_no_reweighting.pdf, page is rotated 90 degrees> <./ff_dijet_pT_a
nd_Nj_vs_no_reweighting.pdf, page is rotated 90 degrees> <./ee_over_ff_dijet_pT
_and_Nj_vs_no_reweighting.pdf, page is rotated 90 degrees> <./ee_over_ff_dijet_
pT_and_Nj_vs_no_reweighting_zoom.pdf, page is rotated 90 degrees>]
<eeLowSideband_0_jet_dijet_pT_weights.pdf, id=1771, 569.12625pt x 546.04pt>
File: eeLowSideband_0_jet_dijet_pT_weights.pdf Graphic file (type pdf)

<use eeLowSideband_0_jet_dijet_pT_weights.pdf>
<eeLowSideband_1_jet_dijet_pT_weights.pdf, id=1772, 569.12625pt x 546.04pt>
File: eeLowSideband_1_jet_dijet_pT_weights.pdf Graphic file (type pdf)

<use eeLowSideband_1_jet_dijet_pT_weights.pdf>
<eeLowSideband_2_jet_dijet_pT_weights.pdf, id=1773, 569.12625pt x 546.04pt>
File: eeLowSideband_2_jet_dijet_pT_weights.pdf Graphic file (type pdf)

<use eeLowSideband_2_jet_dijet_pT_weights.pdf>
<eeHighSideband_0_jet_dijet_pT_weights.pdf, id=1774, 569.12625pt x 546.04pt>
File: eeHighSideband_0_jet_dijet_pT_weights.pdf Graphic file (type pdf)

<use eeHighSideband_0_jet_dijet_pT_weights.pdf>
<eeHighSideband_1_jet_dijet_pT_weights.pdf, id=1775, 569.12625pt x 546.04pt>
File: eeHighSideband_1_jet_dijet_pT_weights.pdf Graphic file (type pdf)

<use eeHighSideband_1_jet_dijet_pT_weights.pdf>
<eeHighSideband_2_jet_dijet_pT_weights.pdf, id=1776, 569.12625pt x 546.04pt>
File: eeHighSideband_2_jet_dijet_pT_weights.pdf Graphic file (type pdf)

<use eeHighSideband_2_jet_dijet_pT_weights.pdf>

LaTeX Warning: Reference `tab:jet_definition_for_Nj_reweighting' on page 22 und
efined on input line 333.


LaTeX Warning: Reference `tab:jet_definition_for_Nj_reweighting' on page 22 und
efined on input line 333.

<all_ee_MET_spectra.pdf, id=1777, 569.12625pt x 546.04pt>
File: all_ee_MET_spectra.pdf Graphic file (type pdf)

<use all_ee_MET_spectra.pdf>

LaTeX Warning: Reference `tab:jet_definition_for_Nj_reweighting' on page 22 und
efined on input line 344.

<0_jet_dijet_pT.pdf, id=1780, 569.12625pt x 546.04pt>
File: 0_jet_dijet_pT.pdf Graphic file (type pdf)
 <use 0_jet_dijet_pT.pdf>
<1_jet_dijet_pT.pdf, id=1781, 569.12625pt x 546.04pt>
File: 1_jet_dijet_pT.pdf Graphic file (type pdf)
 <use 1_jet_dijet_pT.pdf>
<2_jet_dijet_pT.pdf, id=1782, 569.12625pt x 546.04pt>
File: 2_jet_dijet_pT.pdf Graphic file (type pdf)
 <use 2_jet_dijet_pT.pdf>

LaTeX Warning: Reference `tab:jet_definition_for_Nj_reweighting' on page 22 und
efined on input line 354.


LaTeX Warning: Reference `tab:jet_definition_for_Nj_reweighting' on page 22 und
efined on input line 354.

<ee_0_jet_dijet_pT_weights.pdf, id=1783, 569.12625pt x 546.04pt>
File: ee_0_jet_dijet_pT_weights.pdf Graphic file (type pdf)

<use ee_0_jet_dijet_pT_weights.pdf>
<ee_1_jet_dijet_pT_weights.pdf, id=1784, 569.12625pt x 546.04pt>
File: ee_1_jet_dijet_pT_weights.pdf Graphic file (type pdf)

<use ee_1_jet_dijet_pT_weights.pdf>
<ee_2_jet_dijet_pT_weights.pdf, id=1785, 569.12625pt x 546.04pt>
File: ee_2_jet_dijet_pT_weights.pdf Graphic file (type pdf)

<use ee_2_jet_dijet_pT_weights.pdf>
<ff_0_jet_dijet_pT_weights.pdf, id=1786, 569.12625pt x 546.04pt>
File: ff_0_jet_dijet_pT_weights.pdf Graphic file (type pdf)

<use ff_0_jet_dijet_pT_weights.pdf>
<ff_1_jet_dijet_pT_weights.pdf, id=1787, 569.12625pt x 546.04pt>
File: ff_1_jet_dijet_pT_weights.pdf Graphic file (type pdf)

<use ff_1_jet_dijet_pT_weights.pdf>
<ff_2_jet_dijet_pT_weights.pdf, id=1788, 569.12625pt x 546.04pt>
File: ff_2_jet_dijet_pT_weights.pdf Graphic file (type pdf)

<use ff_2_jet_dijet_pT_weights.pdf>

LaTeX Warning: Reference `tab:jet_definition_for_Nj_reweighting' on page 22 und
efined on input line 372.


LaTeX Warning: Reference `tab:jet_definition_for_Nj_reweighting' on page 22 und
efined on input line 372.

[22] [23 <./eeLowSideband_0_jet_dijet_pT_weights.pdf, page is rotated 90 degree
s> <./eeLowSideband_1_jet_dijet_pT_weights.pdf, page is rotated 90 degrees> <./
eeLowSideband_2_jet_dijet_pT_weights.pdf, page is rotated 90 degrees> <./eeHigh
Sideband_0_jet_dijet_pT_weights.pdf, page is rotated 90 degrees> <./eeHighSideb
and_1_jet_dijet_pT_weights.pdf, page is rotated 90 degrees> <./eeHighSideband_2
_jet_dijet_pT_weights.pdf, page is rotated 90 degrees> <./all_ee_MET_spectra.pd
f, page is rotated 90 degrees>] [24 <./0_jet_dijet_pT.pdf, page is rotated 90 d
egrees> <./1_jet_dijet_pT.pdf, page is rotated 90 degrees> <./2_jet_dijet_pT.pd
f, page is rotated 90 degrees>] [25 <./ee_0_jet_dijet_pT_weights.pdf, page is r
otated 90 degrees> <./ee_1_jet_dijet_pT_weights.pdf, page is rotated 90 degrees
> <./ee_2_jet_dijet_pT_weights.pdf, page is rotated 90 degrees> <./ff_0_jet_dij
et_pT_weights.pdf, page is rotated 90 degrees> <./ff_1_jet_dijet_pT_weights.pdf
, page is rotated 90 degrees> <./ff_2_jet_dijet_pT_weights.pdf, page is rotated
 90 degrees>]

LaTeX Warning: Reference `sec:Tag_and_Probe_Method' on page 26 undefined on inp
ut line 411.

[26]
Underfull \hbox (badness 10000) in paragraph at lines 422--422
[]|\OT1/cmr/m/n/12 [86.2,
 []


Underfull \hbox (badness 10000) in paragraph at lines 422--422
[]|\OT1/cmr/m/n/12 [1.0,
 []


Underfull \hbox (badness 10000) in paragraph at lines 424--424
[]|\OT1/cmr/m/n/12 [86.2,
 []


Underfull \hbox (badness 10000) in paragraph at lines 424--424
[]|\OT1/cmr/m/n/12 [1.0,
 []


Underfull \hbox (badness 10000) in paragraph at lines 426--426
[]|$\OML/cmm/m/it/12 ee$
 []


Underfull \hbox (badness 10000) in paragraph at lines 426--426
\OT1/cmr/m/n/12 back-
 []


Underfull \hbox (badness 10000) in paragraph at lines 428--428
[]|$\OML/cmm/m/it/12 e^^M$
 []


Underfull \hbox (badness 10000) in paragraph at lines 428--428
\OT1/cmr/m/n/12 back-
 []

<mee_fit.pdf, id=2531, 569.12625pt x 546.04pt>
File: mee_fit.pdf Graphic file (type pdf)
 <use mee_fit.pdf>
<meg_fit.pdf, id=2532, 569.12625pt x 546.04pt>
File: meg_fit.pdf Graphic file (type pdf)
 <use meg_fit.pdf>
<feg_vs_pT.pdf, id=2535, 569.12625pt x 546.04pt>
File: feg_vs_pT.pdf Graphic file (type pdf)
 <use feg_vs_pT.pdf>
<feg_vs_eta.pdf, id=2538, 569.12625pt x 546.04pt>
File: feg_vs_eta.pdf Graphic file (type pdf)
 <use feg_vs_eta.pdf> [27]
[28 <./mee_fit.pdf, page is rotated 90 degrees> <./meg_fit.pdf, page is rotated
 90 degrees> <./feg_vs_pT.pdf, page is rotated 90 degrees> <./feg_vs_eta.pdf, p
age is rotated 90 degrees>] <eg_MET.pdf, id=2730, 569.12625pt x 546.04pt>
File: eg_MET.pdf Graphic file (type pdf)

<use eg_MET.pdf>

LaTeX Warning: Citation `CMS_GMSB_35pb-1' on page 29 undefined on input line 46
3.

<35pb-1_eg_closure_test.pdf, id=2732, 569.12625pt x 408.52625pt>
File: 35pb-1_eg_closure_test.pdf Graphic file (type pdf)

<use 35pb-1_eg_closure_test.pdf>

LaTeX Warning: Citation `CMS_GMSB_35pb-1' on page 29 undefined on input line 46
8.


LaTeX Warning: Citation `CMS_GMSB_35pb-1' on page 29 undefined on input line 46
8.

[29 <./eg_MET.pdf, page is rotated 90 degrees>] [30 <./35pb-1_eg_closure_test.p
df>] [31] <avg_MET_vs_di-EM_pT.pdf, id=2806, 569.12625pt x 502.87875pt>
File: avg_MET_vs_di-EM_pT.pdf Graphic file (type pdf)

<use avg_MET_vs_di-EM_pT.pdf> [32]
Underfull \hbox (badness 10000) in paragraph at lines 528--528
[][]\OT1/cmr/m/n/12 Added
 []


Underfull \hbox (badness 10000) in paragraph at lines 528--528
\OT1/cmr/m/n/12 this
 []


Underfull \hbox (badness 10000) in paragraph at lines 528--528
\OT1/cmr/m/n/12 para-
 []


LaTeX Warning: Citation `CMS_JES_paper' on page 33 undefined on input line 528.


[33 <./avg_MET_vs_di-EM_pT.pdf, page is rotated 90 degrees>]
<mee_bkg_shape_error.pdf, id=2864, 511.9125pt x 739.76375pt>
File: mee_bkg_shape_error.pdf Graphic file (type pdf)

<use mee_bkg_shape_error.pdf> [34 <./mee_bkg_shape_error.pdf>]
<ee_di-EM_pT_bin_size_comparison.pdf, id=2913, 569.12625pt x 546.04pt>
File: ee_di-EM_pT_bin_size_comparison.pdf Graphic file (type pdf)

<use ee_di-EM_pT_bin_size_comparison.pdf>
<ff_di-EM_pT_bin_size_comparison.pdf, id=2914, 569.12625pt x 546.04pt>
File: ff_di-EM_pT_bin_size_comparison.pdf Graphic file (type pdf)

<use ff_di-EM_pT_bin_size_comparison.pdf>

LaTeX Warning: Citation `CMS_GMSB_5fb-1' on page 35 undefined on input line 544
.


LaTeX Warning: Citation `CMS_GMSB_5fb-1' on page 35 undefined on input line 544
.


LaTeX Warning: Reference `sec:MET' on page 35 undefined on input line 548.


<gg_over_ee_Type-I_MET_corrections_vs_uncorrected_MET_zoom.pdf, id=2918, 569.12
625pt x 259.97125pt>
File: gg_over_ee_Type-I_MET_corrections_vs_uncorrected_MET_zoom.pdf Graphic fil
e (type pdf)

<use gg_over_ee_Type-I_MET_corrections_vs_uncorrected_MET_zoom.pdf>
<gg_over_ff_Type-I_MET_corrections_vs_uncorrected_MET_zoom.pdf, id=2919, 569.12
625pt x 259.97125pt>
File: gg_over_ff_Type-I_MET_corrections_vs_uncorrected_MET_zoom.pdf Graphic fil
e (type pdf)

<use gg_over_ff_Type-I_MET_corrections_vs_uncorrected_MET_zoom.pdf>
<ee_over_ff_Type-I_MET_corrections_vs_uncorrected_MET_zoom.pdf, id=2920, 569.12
625pt x 259.97125pt>
File: ee_over_ff_Type-I_MET_corrections_vs_uncorrected_MET_zoom.pdf Graphic fil
e (type pdf)

<use ee_over_ff_Type-I_MET_corrections_vs_uncorrected_MET_zoom.pdf> [35 <./ee_d
i-EM_pT_bin_size_comparison.pdf, page is rotated 90 degrees> <./ff_di-EM_pT_bin
_size_comparison.pdf, page is rotated 90 degrees>] [36 <./gg_over_ee_Type-I_MET
_corrections_vs_uncorrected_MET_zoom.pdf, page is rotated 90 degrees> <./gg_ove
r_ff_Type-I_MET_corrections_vs_uncorrected_MET_zoom.pdf, page is rotated 90 deg
rees> <./ee_over_ff_Type-I_MET_corrections_vs_uncorrected_MET_zoom.pdf, page is
 rotated 90 degrees>]

LaTeX Warning: Reference `chap:Interpretation of Results in Terms of GMSB Model
s' on page 37 undefined on input line 783.


LaTeX Warning: Reference `chap:Monte Carlo Samples' on page 37 undefined on inp
ut line 783.

<MET_final_ee_ff_eg.pdf, id=3163, 511.9125pt x 739.76375pt>
File: MET_final_ee_ff_eg.pdf Graphic file (type pdf)

<use MET_final_ee_ff_eg.pdf>
<MET_final_ff_eg.pdf, id=3166, 511.9125pt x 739.76375pt>
File: MET_final_ff_eg.pdf Graphic file (type pdf)

<use MET_final_ff_eg.pdf>
<MET_final_ee_ff_eg_geq1.pdf, id=3169, 511.9125pt x 739.76375pt>
File: MET_final_ee_ff_eg_geq1.pdf Graphic file (type pdf)

<use MET_final_ee_ff_eg_geq1.pdf>
<MET_final_ff_eg_geq1.pdf, id=3172, 511.9125pt x 739.76375pt>
File: MET_final_ff_eg_geq1.pdf Graphic file (type pdf)

<use MET_final_ff_eg_geq1.pdf>

LaTeX Warning: Reference `chap:Interpretation of Results in Terms of GMSB Model
s' on page 37 undefined on input line 804.


LaTeX Warning: Reference `chap:Monte Carlo Samples' on page 37 undefined on inp
ut line 804.


LaTeX Warning: Reference `chap:Interpretation of Results in Terms of GMSB Model
s' on page 37 undefined on input line 804.


LaTeX Warning: Reference `chap:Monte Carlo Samples' on page 37 undefined on inp
ut line 804.


Overfull \hbox (1.8265pt too wide) in paragraph at lines 806--823
 [][] 
 []


LaTeX Warning: Reference `chap:Interpretation of Results in Terms of GMSB Model
s' on page 37 undefined on input line 826.


LaTeX Warning: Reference `chap:Monte Carlo Samples' on page 37 undefined on inp
ut line 826.


LaTeX Warning: Reference `chap:Interpretation of Results in Terms of GMSB Model
s' on page 37 undefined on input line 826.


LaTeX Warning: Reference `chap:Monte Carlo Samples' on page 37 undefined on inp
ut line 826.


Overfull \hbox (1.8265pt too wide) in paragraph at lines 828--845
 [][] 
 []

Package atveryend Info: Empty hook `BeforeClearDocument' on input line 849.
[37] [38] [39] [40 <./MET_final_ee_ff_eg.pdf> <./MET_final_ff_eg.pdf>] [41 <./M
ET_final_ee_ff_eg_geq1.pdf> <./MET_final_ff_eg_geq1.pdf>] [42]
Package atveryend Info: Empty hook `AfterLastShipout' on input line 849.
 (./ch7.aux)
Package atveryend Info: Executing hook `AtVeryEndDocument' on input line 849.
Package rerunfilecheck Info: File `ch7.out' has not changed.
(rerunfilecheck)             Checksum: BB9F1CEF9880F14F0E4F718D5DED52EE;604.


LaTeX Warning: There were undefined references.


LaTeX Warning: Label(s) may have changed. Rerun to get cross-references right.

 ) 
Here is how much of TeX's memory you used:
 8587 strings out of 493747
 139629 string characters out of 3143546
 261610 words of memory out of 3000000
 11497 multiletter control sequences out of 15000+200000
 15029 words of font info for 56 fonts, out of 3000000 for 9000
 714 hyphenation exceptions out of 8191
 53i,24n,45p,1620b,463s stack positions out of 5000i,500n,10000p,200000b,50000s
</usr/local/texlive/2010/texmf-dist/fonts/type1/public/amsfonts/cm/cmbx10.pfb
></usr/local/texlive/2010/texmf-dist/fonts/type1/public/amsfonts/cm/cmbx12.pfb>
</usr/local/texlive/2010/texmf-dist/fonts/type1/public/amsfonts/cm/cmex10.pfb><
/usr/local/texlive/2010/texmf-dist/fonts/type1/public/amsfonts/cm/cmmi10.pfb></
usr/local/texlive/2010/texmf-dist/fonts/type1/public/amsfonts/cm/cmmi12.pfb></u
sr/local/texlive/2010/texmf-dist/fonts/type1/public/amsfonts/cm/cmmi6.pfb></usr
/local/texlive/2010/texmf-dist/fonts/type1/public/amsfonts/cm/cmmi7.pfb></usr/l
ocal/texlive/2010/texmf-dist/fonts/type1/public/amsfonts/cm/cmmi8.pfb></usr/loc
al/texlive/2010/texmf-dist/fonts/type1/public/amsfonts/cm/cmr10.pfb></usr/local
/texlive/2010/texmf-dist/fonts/type1/public/amsfonts/cm/cmr12.pfb></usr/local/t
exlive/2010/texmf-dist/fonts/type1/public/amsfonts/cm/cmr6.pfb></usr/local/texl
ive/2010/texmf-dist/fonts/type1/public/amsfonts/cm/cmr7.pfb></usr/local/texlive
/2010/texmf-dist/fonts/type1/public/amsfonts/cm/cmr8.pfb></usr/local/texlive/20
10/texmf-dist/fonts/type1/public/amsfonts/cm/cmsy10.pfb></usr/local/texlive/201
0/texmf-dist/fonts/type1/public/amsfonts/cm/cmsy5.pfb></usr/local/texlive/2010/
texmf-dist/fonts/type1/public/amsfonts/cm/cmsy7.pfb></usr/local/texlive/2010/te
xmf-dist/fonts/type1/public/amsfonts/cm/cmsy8.pfb></usr/local/texlive/2010/texm
f-dist/fonts/type1/public/amsfonts/cm/cmti10.pfb></usr/local/texlive/2010/texmf
-dist/fonts/type1/public/amsfonts/cm/cmti12.pfb></usr/local/texlive/2010/texmf-
dist/fonts/type1/public/amsfonts/cm/cmti7.pfb></usr/local/texlive/2010/texmf-di
st/fonts/type1/public/amsfonts/cm/cmti8.pfb></usr/local/texlive/2010/texmf-dist
/fonts/type1/public/amsfonts/cm/cmtt12.pfb>
Output written on ch7.pdf (42 pages, 1625840 bytes).
PDF statistics:
 3497 PDF objects out of 3580 (max. 8388607)
 1778 compressed objects within 18 object streams
 156 named destinations out of 1000 (max. 500000)
 413 words of extra memory for PDF output out of 10000 (max. 10000000)

