This is pdfTeX, Version 3.1415926-1.40.11 (TeX Live 2010) (format=pdflatex 2010.7.21)  14 JUN 2012 16:53
entering extended mode
 \write18 enabled.
 file:line:error style messages enabled.
 %&-line parsing enabled.
**dissertation_bw.tex
(./dissertation_bw.tex
LaTeX2e <2009/09/24>
Babel <v3.8l> and hyphenation patterns for english, dumylang, nohyphenation, ge
rman-x-2009-06-19, ngerman-x-2009-06-19, ancientgreek, ibycus, arabic, armenian
, basque, bulgarian, catalan, pinyin, coptic, croatian, czech, danish, dutch, u
kenglish, usenglishmax, esperanto, estonian, farsi, finnish, french, galician, 
german, ngerman, swissgerman, monogreek, greek, hungarian, icelandic, assamese,
 bengali, gujarati, hindi, kannada, malayalam, marathi, oriya, panjabi, tamil, 
telugu, indonesian, interlingua, irish, italian, kurmanji, lao, latin, latvian,
 lithuanian, mongolian, mongolianlmc, bokmal, nynorsk, polish, portuguese, roma
nian, russian, sanskrit, serbian, slovak, slovenian, spanish, swedish, turkish,
 turkmen, ukrainian, uppersorbian, welsh, loaded.
(/usr/local/texlive/2010/texmf-dist/tex/latex/base/report.cls
Document Class: report 2007/10/19 v1.4h Standard LaTeX document class
(/usr/local/texlive/2010/texmf-dist/tex/latex/base/size12.clo
File: size12.clo 2007/10/19 v1.4h Standard LaTeX file (size option)
)
\c@part=\count79
\c@chapter=\count80
\c@section=\count81
\c@subsection=\count82
\c@subsubsection=\count83
\c@paragraph=\count84
\c@subparagraph=\count85
\c@figure=\count86
\c@table=\count87
\abovecaptionskip=\skip41
\belowcaptionskip=\skip42
\bibindent=\dimen102
)
(/usr/local/texlive/2010/texmf-dist/tex/latex/graphics/graphicx.sty
Package: graphicx 1999/02/16 v1.0f Enhanced LaTeX Graphics (DPC,SPQR)

(/usr/local/texlive/2010/texmf-dist/tex/latex/graphics/keyval.sty
Package: keyval 1999/03/16 v1.13 key=value parser (DPC)
\KV@toks@=\toks14
)
(/usr/local/texlive/2010/texmf-dist/tex/latex/graphics/graphics.sty
Package: graphics 2009/02/05 v1.0o Standard LaTeX Graphics (DPC,SPQR)

(/usr/local/texlive/2010/texmf-dist/tex/latex/graphics/trig.sty
Package: trig 1999/03/16 v1.09 sin cos tan (DPC)
)
(/usr/local/texlive/2010/texmf-dist/tex/latex/latexconfig/graphics.cfg
File: graphics.cfg 2010/04/23 v1.9 graphics configuration of TeX Live
)
Package graphics Info: Driver file: pdftex.def on input line 91.

(/usr/local/texlive/2010/texmf-dist/tex/latex/pdftex-def/pdftex.def
File: pdftex.def 2010/02/14 v0.04n Graphics/color for pdfTeX
\Gread@gobject=\count88
))
\Gin@req@height=\dimen103
\Gin@req@width=\dimen104
)
(/usr/local/texlive/2010/texmf-dist/tex/latex/oberdiek/epstopdf.sty
Package: epstopdf 2010/02/09 v2.5 Conversion with epstopdf on the fly (HO)

(/usr/local/texlive/2010/texmf-dist/tex/latex/oberdiek/epstopdf-base.sty
Package: epstopdf-base 2010/02/09 v2.5 Base part for package epstopdf

(/usr/local/texlive/2010/texmf-dist/tex/generic/oberdiek/infwarerr.sty
Package: infwarerr 2010/04/08 v1.3 Providing info/warning/message (HO)
)
(/usr/local/texlive/2010/texmf-dist/tex/latex/oberdiek/grfext.sty
Package: grfext 2007/09/30 v1.0 Managing graphics extensions (HO)
)
(/usr/local/texlive/2010/texmf-dist/tex/latex/oberdiek/kvoptions.sty
Package: kvoptions 2010/02/22 v3.7 Keyval support for LaTeX options (HO)

(/usr/local/texlive/2010/texmf-dist/tex/generic/oberdiek/kvsetkeys.sty
Package: kvsetkeys 2010/03/01 v1.9 Key value parser (HO)

(/usr/local/texlive/2010/texmf-dist/tex/generic/oberdiek/etexcmds.sty
Package: etexcmds 2010/01/28 v1.3 Prefix for e-TeX command names (HO)
Package etexcmds Info: Could not find \expanded.
(etexcmds)             That can mean that you are not using pdfTeX 1.50 or
(etexcmds)             that some package has redefined \expanded.
(etexcmds)             In the latter case, load this package earlier.
)))
(/usr/local/texlive/2010/texmf-dist/tex/generic/oberdiek/pdftexcmds.sty
Package: pdftexcmds 2010/04/01 v0.9 Utility functions of pdfTeX for LuaTeX (HO)


(/usr/local/texlive/2010/texmf-dist/tex/generic/oberdiek/ifluatex.sty
Package: ifluatex 2010/03/01 v1.3 Provides the ifluatex switch (HO)
Package ifluatex Info: LuaTeX not detected.
)
(/usr/local/texlive/2010/texmf-dist/tex/generic/oberdiek/ltxcmds.sty
Package: ltxcmds 2010/04/26 v1.7 LaTeX kernel commands for general use (HO)
)
Package pdftexcmds Info: LuaTeX not detected.
Package pdftexcmds Info: \pdf@primitive is available.
Package pdftexcmds Info: \pdf@ifprimitive is available.
)
Package grfext Info: Graphics extension search list:
(grfext)             [.png,.pdf,.jpg,.mps,.jpeg,.jbig2,.jb2,.PNG,.PDF,.JPG,.JPE
G,.JBIG2,.JB2,.eps]
(grfext)             \AppendGraphicsExtensions on input line 436.

(/usr/local/texlive/2010/texmf-dist/tex/latex/latexconfig/epstopdf-sys.cfg
File: epstopdf-sys.cfg 2010/07/13 v1.3 Configuration of (r)epstopdf for TeX Liv
e
)))
(/usr/local/texlive/2010/texmf-dist/tex/latex/subfig/subfig.sty
Package: subfig 2005/06/28 ver: 1.3 subfig package

(/usr/local/texlive/2010/texmf-dist/tex/latex/caption/caption.sty
Package: caption 2010/01/09 v3.1m Customizing captions (AR)

(/usr/local/texlive/2010/texmf-dist/tex/latex/caption/caption3.sty
Package: caption3 2010/01/14 v3.1m caption3 kernel (AR)
\captionmargin=\dimen105
\captionmargin@=\dimen106
\captionwidth=\dimen107
\caption@indent=\dimen108
\caption@parindent=\dimen109
\caption@hangindent=\dimen110
)
\c@ContinuedFloat=\count89
)
\c@KVtest=\count90
\sf@farskip=\skip43
\sf@captopadj=\dimen111
\sf@capskip=\skip44
\sf@nearskip=\skip45
\c@subfigure=\count91
\c@subfigure@save=\count92
\c@lofdepth=\count93
\c@subtable=\count94
\c@subtable@save=\count95
\c@lotdepth=\count96
\sf@top=\skip46
\sf@bottom=\skip47
)
(/usr/local/texlive/2010/texmf-dist/tex/latex/tools/array.sty
Package: array 2008/09/09 v2.4c Tabular extension package (FMi)
\col@sep=\dimen112
\extrarowheight=\dimen113
\NC@list=\toks15
\extratabsurround=\skip48
\backup@length=\skip49
)
(/usr/local/texlive/2010/texmf-dist/tex/latex/url/url.sty
\Urlmuskip=\muskip10
Package: url 2006/04/12  ver 3.3  Verb mode for urls, etc.
)
(/usr/local/texlive/2010/texmf-dist/tex/latex/graphics/color.sty
Package: color 2005/11/14 v1.0j Standard LaTeX Color (DPC)

(/usr/local/texlive/2010/texmf-dist/tex/latex/latexconfig/color.cfg
File: color.cfg 2007/01/18 v1.5 color configuration of teTeX/TeXLive
)
Package color Info: Driver file: pdftex.def on input line 130.
)
(/usr/local/texlive/2010/texmf-dist/tex/latex/amsfonts/amssymb.sty
Package: amssymb 2009/06/22 v3.00

(/usr/local/texlive/2010/texmf-dist/tex/latex/amsfonts/amsfonts.sty
Package: amsfonts 2009/06/22 v3.00 Basic AMSFonts support
\@emptytoks=\toks16
\symAMSa=\mathgroup4
\symAMSb=\mathgroup5
LaTeX Font Info:    Overwriting math alphabet `\mathfrak' in version `bold'
(Font)                  U/euf/m/n --> U/euf/b/n on input line 96.
))
(/usr/local/texlive/2010/texmf-dist/tex/latex/mh/mathtools.sty
Package: mathtools 2010/07/11 v1.08 mathematical typesetting tools (MH)

(/usr/local/texlive/2010/texmf-dist/tex/latex/tools/calc.sty
Package: calc 2007/08/22 v4.3 Infix arithmetic (KKT,FJ)
\calc@Acount=\count97
\calc@Bcount=\count98
\calc@Adimen=\dimen114
\calc@Bdimen=\dimen115
\calc@Askip=\skip50
\calc@Bskip=\skip51
LaTeX Info: Redefining \setlength on input line 76.
LaTeX Info: Redefining \addtolength on input line 77.
\calc@Ccount=\count99
\calc@Cskip=\skip52
)
(/usr/local/texlive/2010/texmf-dist/tex/latex/mh/mhsetup.sty
Package: mhsetup 2010/01/21 v1.2a programming setup (MH)
)
(/usr/local/texlive/2010/texmf-dist/tex/latex/amsmath/amsmath.sty
Package: amsmath 2000/07/18 v2.13 AMS math features
\@mathmargin=\skip53

For additional information on amsmath, use the `?' option.
(/usr/local/texlive/2010/texmf-dist/tex/latex/amsmath/amstext.sty
Package: amstext 2000/06/29 v2.01

(/usr/local/texlive/2010/texmf-dist/tex/latex/amsmath/amsgen.sty
File: amsgen.sty 1999/11/30 v2.0
\@emptytoks=\toks17
\ex@=\dimen116
))
(/usr/local/texlive/2010/texmf-dist/tex/latex/amsmath/amsbsy.sty
Package: amsbsy 1999/11/29 v1.2d
\pmbraise@=\dimen117
)
(/usr/local/texlive/2010/texmf-dist/tex/latex/amsmath/amsopn.sty
Package: amsopn 1999/12/14 v2.01 operator names
)
\inf@bad=\count100
LaTeX Info: Redefining \frac on input line 211.
\uproot@=\count101
\leftroot@=\count102
LaTeX Info: Redefining \overline on input line 307.
\classnum@=\count103
\DOTSCASE@=\count104
LaTeX Info: Redefining \ldots on input line 379.
LaTeX Info: Redefining \dots on input line 382.
LaTeX Info: Redefining \cdots on input line 467.
\Mathstrutbox@=\box26
\strutbox@=\box27
\big@size=\dimen118
LaTeX Font Info:    Redeclaring font encoding OML on input line 567.
LaTeX Font Info:    Redeclaring font encoding OMS on input line 568.
\macc@depth=\count105
\c@MaxMatrixCols=\count106
\dotsspace@=\muskip11
\c@parentequation=\count107
\dspbrk@lvl=\count108
\tag@help=\toks18
\row@=\count109
\column@=\count110
\maxfields@=\count111
\andhelp@=\toks19
\eqnshift@=\dimen119
\alignsep@=\dimen120
\tagshift@=\dimen121
\tagwidth@=\dimen122
\totwidth@=\dimen123
\lineht@=\dimen124
\@envbody=\toks20
\multlinegap=\skip54
\multlinetaggap=\skip55
\mathdisplay@stack=\toks21
LaTeX Info: Redefining \[ on input line 2666.
LaTeX Info: Redefining \] on input line 2667.
)
\g_MT_multlinerow_int=\count112
\l_MT_multwidth_dim=\dimen125
)
(/Users/rachelyohay/Library/texmf/tex/latex/subfiles/subfiles.sty
Package: subfiles 2002/06/08 Federico Garcia

(/usr/local/texlive/2010/texmf-dist/tex/latex/tools/verbatim.sty
Package: verbatim 2003/08/22 v1.5q LaTeX2e package for verbatim enhancements
\every@verbatim=\toks22
\verbatim@line=\toks23
\verbatim@in@stream=\read1
))
(/usr/local/texlive/2010/texmf-dist/tex/latex/geometry/geometry.sty
Package: geometry 2010/07/13 v5.5 Page Geometry

(/usr/local/texlive/2010/texmf-dist/tex/generic/oberdiek/ifpdf.sty
Package: ifpdf 2010/01/28 v2.1 Provides the ifpdf switch (HO)
Package ifpdf Info: pdfTeX in pdf mode detected.
)
(/usr/local/texlive/2010/texmf-dist/tex/generic/oberdiek/ifvtex.sty
Package: ifvtex 2010/03/01 v1.5 Switches for detecting VTeX and its modes (HO)
Package ifvtex Info: VTeX not detected.
)
\Gm@cnth=\count113
\Gm@cntv=\count114
\c@Gm@tempcnt=\count115
\Gm@bindingoffset=\dimen126
\Gm@wd@mp=\dimen127
\Gm@odd@mp=\dimen128
\Gm@even@mp=\dimen129
\Gm@layoutwidth=\dimen130
\Gm@layoutheight=\dimen131
\Gm@layouthoffset=\dimen132
\Gm@layoutvoffset=\dimen133
\Gm@dimlist=\toks24
)
(/usr/local/texlive/2010/texmf-dist/tex/latex/setspace/setspace.sty
Package: setspace 2000/12/01 6.7 Contributed and Supported LaTeX2e package

Package: `setspace' 6.7 <2000/12/01>
) (/usr/local/texlive/2010/texmf-dist/tex/latex/multirow/multirow.sty
\bigstrutjot=\dimen134
)
(/usr/local/texlive/2010/texmf-dist/tex/latex/hyperref/hyperref.sty
Package: hyperref 2010/06/18 v6.81g Hypertext links for LaTeX

(/usr/local/texlive/2010/texmf-dist/tex/generic/oberdiek/pdfescape.sty
Package: pdfescape 2010/03/01 v1.9 Provides hex, PDF name and string conversion
s (HO)
)
(/usr/local/texlive/2010/texmf-dist/tex/generic/ifxetex/ifxetex.sty
Package: ifxetex 2009/01/23 v0.5 Provides ifxetex conditional
)
(/usr/local/texlive/2010/texmf-dist/tex/latex/oberdiek/hycolor.sty
Package: hycolor 2009/12/12 v1.6 Color options of hyperref/bookmark (HO)

(/usr/local/texlive/2010/texmf-dist/tex/latex/oberdiek/xcolor-patch.sty
Package: xcolor-patch 2009/12/12 xcolor patch
))
(/usr/local/texlive/2010/texmf-dist/tex/latex/oberdiek/letltxmacro.sty
Package: letltxmacro 2008/06/24 v1.3 Let assignment for LaTeX macros (HO)
)
\@linkdim=\dimen135
\Hy@linkcounter=\count116
\Hy@pagecounter=\count117

(/usr/local/texlive/2010/texmf-dist/tex/latex/hyperref/pd1enc.def
File: pd1enc.def 2010/06/18 v6.81g Hyperref: PDFDocEncoding definition (HO)
)
(/usr/local/texlive/2010/texmf-dist/tex/generic/oberdiek/intcalc.sty
Package: intcalc 2007/09/27 v1.1 Expandable integer calculations (HO)
)
(/usr/local/texlive/2010/texmf-dist/tex/latex/latexconfig/hyperref.cfg
File: hyperref.cfg 2002/06/06 v1.2 hyperref configuration of TeXLive
)
Package hyperref Info: Hyper figures OFF on input line 3658.
Package hyperref Info: Link nesting OFF on input line 3663.
Package hyperref Info: Hyper index ON on input line 3666.
Package hyperref Info: Plain pages OFF on input line 3673.
Package hyperref Info: Backreferencing OFF on input line 3678.

Implicit mode ON; LaTeX internals redefined
Package hyperref Info: Bookmarks ON on input line 3874.
LaTeX Info: Redefining \url on input line 4159.
(/usr/local/texlive/2010/texmf-dist/tex/generic/oberdiek/bitset.sty
Package: bitset 2007/09/28 v1.0 Data type bit set (HO)

(/usr/local/texlive/2010/texmf-dist/tex/generic/oberdiek/bigintcalc.sty
Package: bigintcalc 2007/11/11 v1.1 Expandable big integer calculations (HO)
))
\Fld@menulength=\count118
\Field@Width=\dimen136
\Fld@charsize=\dimen137
\Field@toks=\toks25
Package hyperref Info: Hyper figures OFF on input line 5137.
Package hyperref Info: Link nesting OFF on input line 5142.
Package hyperref Info: Hyper index ON on input line 5145.
Package hyperref Info: backreferencing OFF on input line 5152.
Package hyperref Info: Link coloring OFF on input line 5157.
Package hyperref Info: Link coloring with OCG OFF on input line 5162.
Package hyperref Info: PDF/A mode OFF on input line 5167.
LaTeX Info: Redefining \ref on input line 5207.
LaTeX Info: Redefining \pageref on input line 5211.

(/usr/local/texlive/2010/texmf-dist/tex/generic/oberdiek/atbegshi.sty
Package: atbegshi 2010/03/25 v1.12 At begin shipout hook (HO)
)
\Hy@abspage=\count119
\c@Item=\count120
\c@Hfootnote=\count121
)
* hyperref using default driver hpdftex *
(/usr/local/texlive/2010/texmf-dist/tex/latex/hyperref/hpdftex.def
File: hpdftex.def 2010/06/18 v6.81g Hyperref driver for pdfTeX

(/usr/local/texlive/2010/texmf-dist/tex/latex/oberdiek/atveryend.sty
Package: atveryend 2010/03/24 v1.5 Hooks at very end of document (HO)
Package atveryend Info: \enddocument detected (standard).
)
\Fld@listcount=\count122
\c@bookmark@seq@number=\count123

(/usr/local/texlive/2010/texmf-dist/tex/latex/oberdiek/rerunfilecheck.sty
Package: rerunfilecheck 2010/03/16 v1.6 Rerun checks for auxiliary files (HO)

(/usr/local/texlive/2010/texmf-dist/tex/generic/oberdiek/uniquecounter.sty
Package: uniquecounter 2009/12/18 v1.1 Provides unlimited unique counter (HO)
)
Package uniquecounter Info: New unique counter `rerunfilecheck' on input line 2
71.
)
\Hy@SectionHShift=\skip56
)
(/usr/local/texlive/2010/texmf-dist/tex/latex/lineno/lineno.sty
Package: lineno 2005/11/02 line numbers on paragraphs v4.41
\linenopenalty=\count124
\output=\toks26
\linenoprevgraf=\count125
\linenumbersep=\dimen138
\linenumberwidth=\dimen139
\c@linenumber=\count126
\c@pagewiselinenumber=\count127
\c@LN@truepage=\count128
\c@internallinenumber=\count129
\c@internallinenumbers=\count130
\quotelinenumbersep=\dimen140
\bframerule=\dimen141
\bframesep=\dimen142
\bframebox=\box28
LaTeX Info: Redefining \\ on input line 3056.
)
Package grfext Info: Graphics extension search list:
(grfext)             [.png,.pdf,.jpg,.mps,.jpeg,.jbig2,.jb2,.PNG,.PDF,.JPG,.JPE
G,.JBIG2,.JB2,.eps,.gif]
(grfext)             \AppendGraphicsExtensions on input line 41.

(./dissertation_bw.aux

LaTeX Warning: Label `fig:total_JEC_50_GeV' multiply defined.


LaTeX Warning: Label `sub@fig:total_JEC_50_GeV' multiply defined.

)
\openout1 = `dissertation_bw.aux'.

LaTeX Font Info:    Checking defaults for OML/cmm/m/it on input line 43.
LaTeX Font Info:    ... okay on input line 43.
LaTeX Font Info:    Checking defaults for T1/cmr/m/n on input line 43.
LaTeX Font Info:    ... okay on input line 43.
LaTeX Font Info:    Checking defaults for OT1/cmr/m/n on input line 43.
LaTeX Font Info:    ... okay on input line 43.
LaTeX Font Info:    Checking defaults for OMS/cmsy/m/n on input line 43.
LaTeX Font Info:    ... okay on input line 43.
LaTeX Font Info:    Checking defaults for OMX/cmex/m/n on input line 43.
LaTeX Font Info:    ... okay on input line 43.
LaTeX Font Info:    Checking defaults for U/cmr/m/n on input line 43.
LaTeX Font Info:    ... okay on input line 43.
LaTeX Font Info:    Checking defaults for PD1/pdf/m/n on input line 43.
LaTeX Font Info:    ... okay on input line 43.
 (/usr/local/texlive/2010/texmf-dist/tex/context/base/supp-pdf.mkii
[Loading MPS to PDF converter (version 2006.09.02).]
\scratchcounter=\count131
\scratchdimen=\dimen143
\scratchbox=\box29
\nofMPsegments=\count132
\nofMParguments=\count133
\everyMPshowfont=\toks27
\MPscratchCnt=\count134
\MPscratchDim=\dimen144
\MPnumerator=\count135
\everyMPtoPDFconversion=\toks28
)
Package caption Info: Begin \AtBeginDocument code.
Package caption3 Info: subfig package 1.2 or 1.3 is loaded.
LaTeX Info: Redefining \subref on input line 43.
Package caption Info: hyperref package is loaded.
Package caption Info: End \AtBeginDocument code.

*geometry* driver: auto-detecting
*geometry* detected driver: pdftex
*geometry* verbose mode - [ preamble ] result:
* driver: pdftex
* paper: letterpaper
* layout: <same size as paper>
* layoutoffset:(h,v)=(0.0pt,0.0pt)
* modes: 
* h-part:(L,W,R)=(108.405pt, 433.62001pt, 72.26999pt)
* v-part:(T,H,B)=(72.26999pt, 650.43001pt, 72.26999pt)
* \paperwidth=614.295pt
* \paperheight=794.96999pt
* \textwidth=433.62001pt
* \textheight=650.43001pt
* \oddsidemargin=36.13501pt
* \evensidemargin=36.13501pt
* \topmargin=-37.0pt
* \headheight=12.0pt
* \headsep=25.0pt
* \topskip=12.0pt
* \footskip=30.0pt
* \marginparwidth=44.0pt
* \marginparsep=10.0pt
* \columnsep=10.0pt
* \skip\footins=10.8pt plus 4.0pt minus 2.0pt
* \hoffset=0.0pt
* \voffset=0.0pt
* \mag=1000
* \@twocolumnfalse
* \@twosidefalse
* \@mparswitchfalse
* \@reversemarginfalse
* (1in=72.27pt=25.4mm, 1cm=28.453pt)

\AtBeginShipoutBox=\box30
Package hyperref Info: Link coloring OFF on input line 43.
(/usr/local/texlive/2010/texmf-dist/tex/latex/hyperref/nameref.sty
Package: nameref 2010/04/30 v2.40 Cross-referencing by name of section

(/usr/local/texlive/2010/texmf-dist/tex/latex/oberdiek/refcount.sty
Package: refcount 2008/08/11 v3.1 Data extraction from references (HO)
)
(/usr/local/texlive/2010/texmf-dist/tex/generic/oberdiek/gettitlestring.sty
Package: gettitlestring 2009/12/18 v1.3 Cleanup title references (HO)
)
\c@section@level=\count136
)
LaTeX Info: Redefining \ref on input line 43.
LaTeX Info: Redefining \pageref on input line 43.
LaTeX Info: Redefining \nameref on input line 43.

(./dissertation_bw.out) (./dissertation_bw.out)
\@outlinefile=\write3
\openout3 = `dissertation_bw.out'.

LaTeX Font Info:    Try loading font information for U+msa on input line 55.

(/usr/local/texlive/2010/texmf-dist/tex/latex/amsfonts/umsa.fd
File: umsa.fd 2009/06/22 v3.00 AMS symbols A
)
LaTeX Font Info:    Try loading font information for U+msb on input line 55.

(/usr/local/texlive/2010/texmf-dist/tex/latex/amsfonts/umsb.fd
File: umsb.fd 2009/06/22 v3.00 AMS symbols B
) [1

{/usr/local/texlive/2010/texmf-var/fonts/map/pdftex/updmap/pdftex.map}]
(./dissertation_bw.tocpdfTeX warning (ext4): destination with the same identifi
er (name{page.1}) has been already used, duplicate ignored
<to be read again> 
                   \relax 
l.19 ...eir Operating Principles}{53}{section.5.1}
                                                   [1

] [2])
\tf@toc=\write4
\openout4 = `dissertation_bw.toc'.

 (./ch1.tex [3]
Chapter 1.
[4

] [5]) (./ch2.tex [6]
Chapter 2.
[7

] <LEP_hadronic_xsec.pdf, id=353, 214.10559pt x 206.36688pt>
File: LEP_hadronic_xsec.pdf Graphic file (type pdf)

<use LEP_hadronic_xsec.pdf>
Underfull \hbox (badness 1097) in paragraph at lines 19--19
\OT1/cmr/m/n/10 a func-tion of col-lider center-of-
 []

<LEP_pair_production_xsecs.pdf, id=354, 199.91791pt x 265.69736pt>
File: LEP_pair_production_xsecs.pdf Graphic file (type pdf)

<use LEP_pair_production_xsecs.pdf>
<LEP_W_pair_production_xsec.pdf, id=355, 211.52596pt x 213.46068pt>
File: LEP_W_pair_production_xsec.pdf Graphic file (type pdf)

<use LEP_W_pair_production_xsec.pdf>
Underfull \hbox (badness 2781) in paragraph at lines 23--23
\OT1/cmr/m/n/10 pen-dence of the $\OML/cmm/m/it/10 W[]W[]$ \OT1/cmr/m/n/10 pair

 []

<LEP_alphaS_running.pdf, id=356, 182.50565pt x 219.90968pt>
File: LEP_alphaS_running.pdf Graphic file (type pdf)

<use LEP_alphaS_running.pdf>
Underfull \hbox (badness 1062) in paragraph at lines 25--25
\OT1/cmr/m/n/10 pling con-stant $\OML/cmm/m/it/10 []$ \OT1/cmr/m/n/10 on LEP
 []


Overfull \hbox (26.90839pt too wide) in paragraph at lines 37--38
\OT1/cmr/m/n/12 All of the el-e-men-tary mat-ter par-ti-cles (fermions)---quark
s, charged lep-tons, and neutrinos---
 []

[8] [9 <./LEP_hadronic_xsec.pdf> <./LEP_pair_production_xsecs.pdf> <./LEP_W_pai
r_production_xsec.pdf> <./LEP_alphaS_running.pdf>]
Underfull \hbox (badness 10000) in paragraph at lines 44--44
[]|\OT1/cmr/m/n/12 Representation un-der
 []

[10] [11] <Higgs_potential.jpg, id=1054, 949.5475pt x 586.19pt>
File: Higgs_potential.jpg Graphic file (type jpg)

<use Higgs_potential.jpg> [12 <./Higgs_potential.jpg>] [13]
<SUSY_RG_evolution.pdf, id=1078, 347.65685pt x 269.54611pt>
File: SUSY_RG_evolution.pdf Graphic file (type pdf)

<use SUSY_RG_evolution.pdf> [14] [15 <./SUSY_RG_evolution.pdf>]
<SUSY_grand_unification.pdf, id=1168, 282.35115pt x 242.01526pt>
File: SUSY_grand_unification.pdf Graphic file (type pdf)

<use SUSY_grand_unification.pdf> [16]) (./ch3.tex [17 <./SUSY_grand_unification
.pdf>]
Chapter 3.
[18

]
Underfull \hbox (badness 10000) in paragraph at lines 31--31
[]|\OT1/cmr/m/n/12 Spin-0
 []


Underfull \hbox (badness 10000) in paragraph at lines 31--31
[]|\OT1/cmr/m/n/12 Spin-1/2
 []


Underfull \hbox (badness 1292) in paragraph at lines 31--32
\OML/cmm/m/it/12 SU\OT1/cmr/m/n/12 (3)[] \OMS/cmsy/m/n/12 
 \OML/cmm/m/it/12 SU\OT1/cmr/m/n/12 (2)[] \OMS/cmsy/m/n/12 

 []


Underfull \hbox (badness 10000) in paragraph at lines 34--34
[]|\OT1/cmr/m/n/12 Left-handed
 []


Underfull \hbox (badness 10000) in paragraph at lines 34--34
\OT1/cmr/m/n/12 quark/squark
 []


Underfull \hbox (badness 10000) in paragraph at lines 34--34
\OT1/cmr/m/n/12 dou-blet ($\OMS/cmsy/m/n/12 ^^B$ \OT1/cmr/m/n/12 3
 []


Underfull \hbox (badness 10000) in paragraph at lines 36--36
[]|\OT1/cmr/m/n/12 Right-handed
 []


Underfull \hbox (badness 10000) in paragraph at lines 36--36
\OT1/cmr/m/n/12 up-type
 []


Underfull \hbox (badness 10000) in paragraph at lines 36--36
\OT1/cmr/m/n/12 quark/squark
 []


Underfull \hbox (badness 10000) in paragraph at lines 36--36
\OT1/cmr/m/n/12 sin-glet ($\OMS/cmsy/m/n/12 ^^B$ \OT1/cmr/m/n/12 3
 []


Underfull \hbox (badness 10000) in paragraph at lines 38--38
[]|\OT1/cmr/m/n/12 Right-handed
 []


Underfull \hbox (badness 10000) in paragraph at lines 38--38
\OT1/cmr/m/n/12 down-type
 []


Underfull \hbox (badness 10000) in paragraph at lines 38--38
\OT1/cmr/m/n/12 quark/squark
 []


Underfull \hbox (badness 10000) in paragraph at lines 38--38
\OT1/cmr/m/n/12 sin-glet ($\OMS/cmsy/m/n/12 ^^B$ \OT1/cmr/m/n/12 3
 []


Underfull \hbox (badness 10000) in paragraph at lines 42--42
[]|\OT1/cmr/m/n/12 Right-handed
 []


Underfull \hbox (badness 10000) in paragraph at lines 42--42
\OT1/cmr/m/n/12 lep-ton/slepton
 []


Underfull \hbox (badness 10000) in paragraph at lines 42--42
\OT1/cmr/m/n/12 sin-glet ($\OMS/cmsy/m/n/12 ^^B$ \OT1/cmr/m/n/12 3
 []


Underfull \hbox (badness 10000) in paragraph at lines 44--44
[]|\OT1/cmr/m/n/12 Up-type
 []


Underfull \hbox (badness 10000) in paragraph at lines 44--44
\OT1/cmr/m/n/12 Higgs/Higgsino
 []


Underfull \hbox (badness 10000) in paragraph at lines 46--46
[]|\OT1/cmr/m/n/12 Down-type
 []


Underfull \hbox (badness 10000) in paragraph at lines 46--46
\OT1/cmr/m/n/12 Higgs/Higgsino
 []


Underfull \hbox (badness 10000) in paragraph at lines 29--50
[][]
 []


Underfull \hbox (badness 10000) in paragraph at lines 56--56
[]|\OT1/cmr/m/n/12 Spin-1/2
 []


Underfull \hbox (badness 10000) in paragraph at lines 56--56
[]|\OT1/cmr/m/n/12 Spin-1
 []


Underfull \hbox (badness 1292) in paragraph at lines 56--57
\OML/cmm/m/it/12 SU\OT1/cmr/m/n/12 (3)[] \OMS/cmsy/m/n/12 
 \OML/cmm/m/it/12 SU\OT1/cmr/m/n/12 (2)[] \OMS/cmsy/m/n/12 

 []


Underfull \hbox (badness 10000) in paragraph at lines 54--67
[][]
 []

[19] [20] [21] [22] [23]
LaTeX Font Info:    Try loading font information for OMS+cmr on input line 170.


(/usr/local/texlive/2010/texmf-dist/tex/latex/base/omscmr.fd
File: omscmr.fd 1999/05/25 v2.5h Standard LaTeX font definitions
)
LaTeX Font Info:    Font shape `OMS/cmr/m/n' in size <12> not available
(Font)              Font shape `OMS/cmsy/m/n' tried instead on input line 170.
 [24]
<fermion_mass_terms.pdf, id=1338, 199.50676pt x 38.54109pt>
File: fermion_mass_terms.pdf Graphic file (type pdf)

<use fermion_mass_terms.pdf>
<sfermion_mass_term.pdf, id=1341, 96.35268pt x 39.10791pt>
File: sfermion_mass_term.pdf Graphic file (type pdf)

<use sfermion_mass_term.pdf>
Underfull \hbox (badness 5985) in paragraph at lines 185--185
[]\OT1/cmr/m/n/10 (b) |Sfermion mass terms.
 []

<Aphiphi_vertex.pdf, id=1344, 68.58052pt x 54.97769pt>
File: Aphiphi_vertex.pdf Graphic file (type pdf)

<use Aphiphi_vertex.pdf> <Apsipsi_vertex.pdf, id=1347, 68.0137pt x 56.67805pt>
File: Apsipsi_vertex.pdf Graphic file (type pdf)

<use Apsipsi_vertex.pdf>
<Alambdalambda_vertex.pdf, id=1350, 68.0137pt x 56.11124pt>
File: Alambdalambda_vertex.pdf Graphic file (type pdf)

<use Alambdalambda_vertex.pdf>
<triple_gauge_boson_vertex.pdf, id=1353, 65.74654pt x 55.54451pt>
File: triple_gauge_boson_vertex.pdf Graphic file (type pdf)

<use triple_gauge_boson_vertex.pdf>
<triple_sfermion_vertices.pdf, id=1356, 181.36972pt x 61.77911pt>
File: triple_sfermion_vertices.pdf Graphic file (type pdf)

<use triple_sfermion_vertices.pdf>
<phipsipsi_vertices.pdf, id=1359, 213.10947pt x 62.34583pt>
File: phipsipsi_vertices.pdf Graphic file (type pdf)

<use phipsipsi_vertices.pdf>
<phipsilambda_vertices.pdf, id=1362, 159.26532pt x 54.9778pt>
File: phipsilambda_vertices.pdf Graphic file (type pdf)

<use phipsilambda_vertices.pdf>
<AAphiphi_vertex.pdf, id=1365, 67.44688pt x 65.74654pt>
File: AAphiphi_vertex.pdf Graphic file (type pdf)

<use AAphiphi_vertex.pdf>
Underfull \hbox (badness 1442) in paragraph at lines 201--201
[]\OT1/cmr/m/n/10 (j) |$\OML/cmm/m/it/10 AA^^^^^^$ \OT1/cmr/m/n/10 ver-tex.
 []


Underfull \hbox (badness 10000) in paragraph at lines 201--201
\OT1/cmr/m/n/10 Reprinted from
 []

<quadruple_gauge_boson_vertex.pdf, id=1368, 65.7466pt x 61.77911pt>
File: quadruple_gauge_boson_vertex.pdf Graphic file (type pdf)

<use quadruple_gauge_boson_vertex.pdf>
Underfull \hbox (badness 10000) in paragraph at lines 203--203
[]\OT1/cmr/m/n/10 (k) |Quadru-ple
 []


Underfull \hbox (badness 10000) in paragraph at lines 203--203
\OT1/cmr/m/n/10 gauge bo-son
 []


Underfull \hbox (badness 1259) in paragraph at lines 203--203
\OT1/cmr/m/n/10 ver-tex. Reprinted
 []

<non-gauge_phi4_vertex.pdf, id=1371, 73.68147pt x 66.88007pt>
File: non-gauge_phi4_vertex.pdf Graphic file (type pdf)

<use non-gauge_phi4_vertex.pdf>
Underfull \hbox (badness 10000) in paragraph at lines 205--205
[]\OT1/cmr/m/n/10 (l) |Non-gauge $\OML/cmm/m/it/10 ^^^[]$
 []


Underfull \hbox (badness 10000) in paragraph at lines 205--205
\OT1/cmr/m/n/10 ver-tex. Reprinted
 []

<gauge_phi4_vertex.pdf, id=1374, 65.74654pt x 65.17972pt>
File: gauge_phi4_vertex.pdf Graphic file (type pdf)

<use gauge_phi4_vertex.pdf>
Underfull \hbox (badness 10000) in paragraph at lines 207--207
[]\OT1/cmr/m/n/10 (m) |Gauge $\OML/cmm/m/it/10 ^^^[]$
 []


Underfull \hbox (badness 1259) in paragraph at lines 207--207
\OT1/cmr/m/n/10 ver-tex. Reprinted
 []


LaTeX Warning: Float too large for page by 43.27156pt on input line 210.

[25] [26 <./fermion_mass_terms.pdf> <./sfermion_mass_term.pdf> <./Aphiphi_verte
x.pdf> <./Apsipsi_vertex.pdf> <./Alambdalambda_vertex.pdf> <./triple_gauge_boso
n_vertex.pdf> <./triple_sfermion_vertices.pdf> <./phipsipsi_vertices.pdf> <./ph
ipsilambda_vertices.pdf> <./AAphiphi_vertex.pdf> <./quadruple_gauge_boson_verte
x.pdf> <./non-gauge_phi4_vertex.pdf> <./gauge_phi4_vertex.pdf>] [27]
<sfermion_GMSB_mass_terms.pdf, id=1779, 370.56622pt x 128.991pt>
File: sfermion_GMSB_mass_terms.pdf Graphic file (type pdf)

<use sfermion_GMSB_mass_terms.pdf>
<gaugino_GMSB_mass_term.pdf, id=1782, 172.55376pt x 106.36096pt>
File: gaugino_GMSB_mass_term.pdf Graphic file (type pdf)

<use gaugino_GMSB_mass_term.pdf> [28] [29 <./sfermion_GMSB_mass_terms.pdf> <./g
augino_GMSB_mass_term.pdf>] <muegamma.pdf, id=1938, 155.01544pt x 68.45575pt>
File: muegamma.pdf Graphic file (type pdf)

<use muegamma.pdf> [30 <./muegamma.pdf>] [31] [32] [33]
<2photons_jets_MET.pdf, id=2086, 482.06343pt x 269.35129pt>
File: 2photons_jets_MET.pdf Graphic file (type pdf)

<use 2photons_jets_MET.pdf>
<bino_photon_jets_MET.pdf, id=2087, 474.51154pt x 258.02351pt>
File: bino_photon_jets_MET.pdf Graphic file (type pdf)

<use bino_photon_jets_MET.pdf>
<lepton_photon_jets_MET.pdf, id=2088, 434.2346pt x 221.52261pt>
File: lepton_photon_jets_MET.pdf Graphic file (type pdf)

<use lepton_photon_jets_MET.pdf>
<wino_photon_jets_MET.pdf, id=2089, 432.976pt x 225.29861pt>
File: wino_photon_jets_MET.pdf Graphic file (type pdf)

<use wino_photon_jets_MET.pdf>

LaTeX Warning: Float too large for page by 3.3169pt on input line 345.

<CMS_SUSY_2011Limits_tanb10.pdf, id=2093, 569.12625pt x 408.52625pt>
File: CMS_SUSY_2011Limits_tanb10.pdf Graphic file (type pdf)

<use CMS_SUSY_2011Limits_tanb10.pdf>
<ATLAS_SPS8_limit.pdf, id=2096, 237.8503pt x 228.18147pt>
File: ATLAS_SPS8_limit.pdf Graphic file (type pdf)

<use ATLAS_SPS8_limit.pdf>
Overfull \hbox (2.83424pt too wide) in paragraph at lines 379--379
[][]\OT1/cmr/m/n/12 Removed
 []


Underfull \hbox (badness 10000) in paragraph at lines 379--379
\OT1/cmr/m/n/12 CMS
 []


Underfull \hbox (badness 10000) in paragraph at lines 379--379
\OT1/cmr/m/n/12 Moriond
 []

[34] [35 <./2photons_jets_MET.pdf> <./bino_photon_jets_MET.pdf> <./lepton_photo
n_jets_MET.pdf> <./wino_photon_jets_MET.pdf>] [36 <./CMS_SUSY_2011Limits_tanb10
.pdf>] <CDF_lifetime_vs_mass.pdf, id=3411, 258.02155pt x 197.83792pt>
File: CDF_lifetime_vs_mass.pdf Graphic file (type pdf)

<use CDF_lifetime_vs_mass.pdf> [37 <./ATLAS_SPS8_limit.pdf>] [38 <./CDF_lifetim
e_vs_mass.pdf>]) (./ch4.tex [39]
Chapter 4.
[40

] <LHC_layout.pdf, id=3641, 1027.84pt x 770.88pt>
File: LHC_layout.pdf Graphic file (type pdf)
 <use LHC_layout.pdf>
[41] [42 <./LHC_layout.pdf>] [43]
<LHC_injector_complex.pdf, id=3724, 782.17218pt x 574.39594pt>
File: LHC_injector_complex.pdf Graphic file (type pdf)

<use LHC_injector_complex.pdf> [44 <./LHC_injector_complex.pdf>]
<LHC_injection_scheme.pdf, id=3742, 429.47993pt x 244.34848pt>
File: LHC_injection_scheme.pdf Graphic file (type pdf)

<use LHC_injection_scheme.pdf> [45 <./LHC_injection_scheme.pdf>]
<LHC_septum_cross_section.pdf, id=3812, 244.34848pt x 192.6115pt>
File: LHC_septum_cross_section.pdf Graphic file (type pdf)

<use LHC_septum_cross_section.pdf>
<MKI_pulse.pdf, id=3815, 258.06192pt x 135.88768pt>
File: MKI_pulse.pdf Graphic file (type pdf)
 <use MKI_pulse.pdf>
[46 <./LHC_septum_cross_section.pdf> <./MKI_pulse.pdf>]
<LHC_dipole_cross_section.pdf, id=3895, 384.59967pt x 324.13586pt>
File: LHC_dipole_cross_section.pdf Graphic file (type pdf)

<use LHC_dipole_cross_section.pdf>
<dipole_field.pdf, id=3900, 173.65025pt x 177.40488pt>
File: dipole_field.pdf Graphic file (type pdf)
 <use dipole_field.pdf>
<coil_windings.pdf, id=3903, 384.6872pt x 286.06876pt>
File: coil_windings.pdf Graphic file (type pdf)
 <use coil_windings.pdf>
[47 <./LHC_dipole_cross_section.pdf>] [48 <./dipole_field.pdf> <./coil_windings
.pdf>] <tunnel_cross_section.pdf, id=4000, 356.1825pt x 252.19229pt>
File: tunnel_cross_section.pdf Graphic file (type pdf)

<use tunnel_cross_section.pdf> [49]) (./ch5.tex [50 <./tunnel_cross_section.pdf
>]
Chapter 5.
[51

] <CMS_coordinate_system.pdf, id=4042, 1027.84pt x 770.88pt>
File: CMS_coordinate_system.pdf Graphic file (type pdf)

<use CMS_coordinate_system.pdf>
Overfull \hbox (80.29874pt too wide) in paragraph at lines 13--14
 [][] 
 []

[52 <./CMS_coordinate_system.pdf>]
<CMS_cutaway.pdf, id=4075, 394.78969pt x 293.29022pt>
File: CMS_cutaway.pdf Graphic file (type pdf)
 <use CMS_cutaway.pdf>
[53 <./CMS_cutaway.pdf>] [54]
<CMS_longitudinal_xsec.pdf, id=4141, 650.43pt x 359.3425pt>
File: CMS_longitudinal_xsec.pdf Graphic file (type pdf)

<use CMS_longitudinal_xsec.pdf> [55 <./CMS_longitudinal_xsec.pdf>]
<pixel_longitudinal_quarter_view.pdf, id=4161, 208.35713pt x 104.1786pt>
File: pixel_longitudinal_quarter_view.pdf Graphic file (type pdf)

<use pixel_longitudinal_quarter_view.pdf>
<BPix_mechanics.pdf, id=4164, 335.0609pt x 240.26775pt>
File: BPix_mechanics.pdf Graphic file (type pdf)

<use BPix_mechanics.pdf>
<FPix_mechanics.pdf, id=4167, 223.37392pt x 255.28444pt>
File: FPix_mechanics.pdf Graphic file (type pdf)

<use FPix_mechanics.pdf>
Underfull \hbox (badness 1655) in paragraph at lines 72--72
[]\OT1/cmr/m/n/10 (b) |Half-disk of the foward
 []


Underfull \hbox (badness 3364) in paragraph at lines 72--72
\OT1/cmr/m/n/10 pixel de-tec-tor, show-ing the
 []

[56] [57 <./pixel_longitudinal_quarter_view.pdf> <./BPix_mechanics.pdf> <./FPix
_mechanics.pdf>] [58] <pixel_readout.pdf, id=4325, 326.61394pt x 268.42403pt>
File: pixel_readout.pdf Graphic file (type pdf)

<use pixel_readout.pdf>
<pixel_results_rphi_res.png, id=4329, 614.295pt x 795.4518pt>
File: pixel_results_rphi_res.png Graphic file (type png)

<use pixel_results_rphi_res.png>
<pixel_results_z_res.pdf, id=4332, 614.295pt x 795.4518pt>
File: pixel_results_z_res.pdf Graphic file (type pdf)

<use pixel_results_z_res.pdf>
<pixel_results_eff.pdf, id=4335, 648.4225pt x 576.1525pt>
File: pixel_results_eff.pdf Graphic file (type pdf)

<use pixel_results_eff.pdf> [59 <./pixel_readout.pdf>] [60 <./pixel_results_rph
i_res.png (PNG copy)> <./pixel_results_z_res.pdf (PNG copy)> <./pixel_results_e
ff.pdf (PNG copy)>]
<strip_longitudinal_xsec.pdf, id=4398, 401.69754pt x 192.40181pt>
File: strip_longitudinal_xsec.pdf Graphic file (type pdf)

<use strip_longitudinal_xsec.pdf>
<tracker_TEC.pdf, id=4401, 209.29575pt x 191.4633pt>
File: tracker_TEC.pdf Graphic file (type pdf)
 <use tracker_TEC.pdf>
[61 <./strip_longitudinal_xsec.pdf>]
<tracker_module.pdf, id=4472, 178.32368pt x 117.31819pt>
File: tracker_module.pdf Graphic file (type pdf)

<use tracker_module.pdf>
<tracker_readout.pdf, id=4475, 220.55821pt x 251.53021pt>
File: tracker_readout.pdf Graphic file (type pdf)

<use tracker_readout.pdf> [62 <./tracker_TEC.pdf>] [63 <./tracker_module.pdf> <
./tracker_readout.pdf>]
Package epstopdf Info: Source file: <tracker_results_TIB_SNR.gif>
(epstopdf)                    date: 2012-05-31 15:48:19
(epstopdf)                    size: 8272 bytes
(epstopdf)             Output file: <tracker_results_TIB_SNR-gif-converted-to.p
ng>
(epstopdf)                    date: 2012-05-31 15:55:20
(epstopdf)                    size: 12303 bytes
(epstopdf)             Command: <convert gif:tracker_results_TIB_SNR.gif png:tr
acker_results_TIB_SNR-gif-converted-to.png>
(epstopdf)             \includegraphics on input line 146.
Package epstopdf Info: Output file is already uptodate.

<tracker_results_TIB_SNR-gif-converted-to.png, id=4609, 503.8825pt x 479.7925pt
>
File: tracker_results_TIB_SNR-gif-converted-to.png Graphic file (type png)
 <use tracker_results_TIB_SNR-gif-converted-to.png>
Package epstopdf Info: Source file: <tracker_results_res.gif>
(epstopdf)                    date: 2012-05-31 15:55:49
(epstopdf)                    size: 13320 bytes
(epstopdf)             Output file: <tracker_results_res-gif-converted-to.png>
(epstopdf)                    date: 2012-05-31 15:56:12
(epstopdf)                    size: 21270 bytes
(epstopdf)             Command: <convert gif:tracker_results_res.gif png:tracke
r_results_res-gif-converted-to.png>
(epstopdf)             \includegraphics on input line 148.
Package epstopdf Info: Output file is already uptodate.

<tracker_results_res-gif-converted-to.png, id=4612, 999.735pt x 680.5425pt>
File: tracker_results_res-gif-converted-to.png Graphic file (type png)

<use tracker_results_res-gif-converted-to.png>
Overfull \hbox (10.7881pt too wide) in paragraph at lines 156--157
\OT1/cmr/m/n/12 The elec-tro-mag-netic calorime-ter (ECAL) is com-posed of 68,5
24 lead tungstate ($[][]$)
 []

<ECAL_layout.pdf, id=4616, 391.37361pt x 267.48553pt>
File: ECAL_layout.pdf Graphic file (type pdf)
 <use ECAL_layout.pdf>
Overfull \hbox (4.46817pt too wide) in paragraph at lines 165--166
[]\OT1/cmr/m/n/12 The elec-tro-mag-netic en-ergy res-o-lu-tion can be parametri
zed as $(\OML/cmm/m/it/12 ^^[=E\OT1/cmr/m/n/12 )[] = (\OML/cmm/m/it/12 S=[]\OT1
/cmr/m/n/12 )[] +
 []

[64] [65 <./tracker_results_TIB_SNR-gif-converted-to.png (PNG copy)> <./tracker
_results_res-gif-converted-to.png (PNG copy)>]
<ECAL_crystals.pdf, id=4635, 422.34555pt x 141.72037pt>
File: ECAL_crystals.pdf Graphic file (type pdf)

<use ECAL_crystals.pdf> [66 <./ECAL_layout.pdf>]
<ECAL_readout.pdf, id=4672, 436.42381pt x 196.15613pt>
File: ECAL_readout.pdf Graphic file (type pdf)
 <use ECAL_readout.pdf>
Overfull \hbox (2.80273pt too wide) in paragraph at lines 178--179
 [][] 
 []

[67 <./ECAL_crystals.pdf> <./ECAL_readout.pdf>]
<ECAL_rad_damage.png, id=4785, 361.35pt x 252.945pt>
File: ECAL_rad_damage.png Graphic file (type png)
 <use ECAL_rad_damage.png>
<ECAL_laser_system.pdf, id=4789, 212.11125pt x 284.37943pt>
File: ECAL_laser_system.pdf Graphic file (type pdf)

<use ECAL_laser_system.pdf>
<ECAL_res_vs_eta_EB.png, id=4793, 849.1725pt x 574.145pt>
File: ECAL_res_vs_eta_EB.png Graphic file (type png)

<use ECAL_res_vs_eta_EB.png>
<ECAL_res_vs_eta_EE.png, id=4796, 849.1725pt x 574.145pt>
File: ECAL_res_vs_eta_EE.png Graphic file (type png)

<use ECAL_res_vs_eta_EE.png>

LaTeX Warning: Citation `long-lived_GMSB_paper' on page 68 undefined on input l
ine 212.

[68] <ECAL_timing_res.png, id=4808, 698.61pt x 674.52pt>
File: ECAL_timing_res.png Graphic file (type png)

<use ECAL_timing_res.png> [69 <./ECAL_rad_damage.png>] [70 <./ECAL_laser_system
.pdf> <./ECAL_res_vs_eta_EB.png (PNG copy)> <./ECAL_res_vs_eta_EE.png (PNG copy
)>] <HCAL_longitudinal_xsec.pdf, id=4903, 385.74234pt x 233.69789pt>
File: HCAL_longitudinal_xsec.pdf Graphic file (type pdf)

<use HCAL_longitudinal_xsec.pdf> [71 <./ECAL_timing_res.png (PNG copy)>]
<HCAL_HB_optics.pdf, id=4914, 379.17247pt x 259.97707pt>
File: HCAL_HB_optics.pdf Graphic file (type pdf)

<use HCAL_HB_optics.pdf> [72 <./HCAL_longitudinal_xsec.pdf>]
<HCAL_HF_xsec.pdf, id=4983, 418.59142pt x 254.34584pt>
File: HCAL_HF_xsec.pdf Graphic file (type pdf)
 <use HCAL_HF_xsec.pdf>
<HCAL_performance_HB_response.pdf, id=4987, 230.88226pt x 239.32913pt>
File: HCAL_performance_HB_response.pdf Graphic file (type pdf)

<use HCAL_performance_HB_response.pdf>
Underfull \hbox (badness 1622) in paragraph at lines 256--256
\OT1/cmr/m/n/10 sponse to charged tracks of 9-11
 []

<HCAL_performance_noise.pdf, id=4990, 275.9325pt x 258.10007pt>
File: HCAL_performance_noise.pdf Graphic file (type pdf)

<use HCAL_performance_noise.pdf>
<HCAL_performance_timing.pdf, id=4995, 353.83171pt x 274.05536pt>
File: HCAL_performance_timing.pdf Graphic file (type pdf)

<use HCAL_performance_timing.pdf>

LaTeX Warning: Float too large for page by 32.10545pt on input line 263.

[73 <./HCAL_HB_optics.pdf>]
<muons_layout_MB.pdf, id=5034, 350.07748pt x 363.21727pt>
File: muons_layout_MB.pdf Graphic file (type pdf)

<use muons_layout_MB.pdf>
<muons_layout_ME.pdf, id=5037, 379.17247pt x 221.49681pt>
File: muons_layout_ME.pdf Graphic file (type pdf)

<use muons_layout_ME.pdf> [74 <./HCAL_HF_xsec.pdf>] [75 <./HCAL_performance_HB_
response.pdf> <./HCAL_performance_noise.pdf> <./HCAL_performance_timing.pdf>]
[76 <./muons_layout_MB.pdf> <./muons_layout_ME.pdf>]
<muons_DT.pdf, id=5379, 323.7983pt x 202.72589pt>
File: muons_DT.pdf Graphic file (type pdf)
 <use muons_DT.pdf>
<muons_CSC_wedge.pdf, id=5383, 137.02763pt x 200.84886pt>
File: muons_CSC_wedge.pdf Graphic file (type pdf)

<use muons_CSC_wedge.pdf> [77 <./muons_DT.pdf>]
<muon_pT_res.pdf, id=5443, 405.47395pt x 273.32423pt>
File: muon_pT_res.pdf Graphic file (type pdf)
 <use muon_pT_res.pdf>
<muon_inv_mass.pdf, id=5446, 569.12625pt x 327.2225pt>
File: muon_inv_mass.pdf Graphic file (type pdf)
 <use muon_inv_mass.pdf>
[78 <./muons_CSC_wedge.pdf>] [79 <./muon_pT_res.pdf> <./muon_inv_mass.pdf, page
 is rotated 90 degrees>]
<L1_trigger_diagram.pdf, id=5631, 280.41524pt x 195.96834pt>
File: L1_trigger_diagram.pdf Graphic file (type pdf)

<use L1_trigger_diagram.pdf> [80]
<RCT_EG_candidate.pdf, id=5642, 223.68756pt x 159.22437pt>
File: RCT_EG_candidate.pdf Graphic file (type pdf)

<use RCT_EG_candidate.pdf> [81 <./L1_trigger_diagram.pdf>] [82 <./RCT_EG_candid
ate.pdf>] <DAQ_overview.pdf, id=5764, 434.54668pt x 264.66989pt>
File: DAQ_overview.pdf Graphic file (type pdf)

<use DAQ_overview.pdf>
Overfull \hbox (0.9256pt too wide) in paragraph at lines 349--350
 [][] 
 []

[83 <./DAQ_overview.pdf>] [84] [85]
<WLCG_diagram.pdf, id=5826, 406.3903pt x 175.5081pt>
File: WLCG_diagram.pdf Graphic file (type pdf)
 <use WLCG_diagram.pdf>)
(./ch6.tex [86] [87 <./WLCG_diagram.pdf>]
Chapter 6.
File: 2photons_jets_MET.pdf Graphic file (type pdf)
<use 2photons_jets_MET.pdf> [88

] [89]
<pulse.jpg, id=5898, 56.3706pt x 52.32349pt>
File: pulse.jpg Graphic file (type jpg)
 <use pulse.jpg> [90 <./pulse.jpg>]
Underfull \hbox (badness 10000) in paragraph at lines 53--53
[][]\OT1/cmr/m/n/12 Added
 []


Underfull \hbox (badness 10000) in paragraph at lines 53--53
\OT1/cmr/m/n/12 this
 []


Underfull \hbox (badness 10000) in paragraph at lines 53--53
\OT1/cmr/m/n/12 para-
 []


Underfull \hbox (badness 10000) in paragraph at lines 53--53
\OT1/cmr/m/n/12 graph
 []


Underfull \hbox (badness 1502) in paragraph at lines 53--53
\OT1/cmr/m/n/12 and the
 []


Underfull \hbox (badness 10000) in paragraph at lines 53--53
\OT1/cmr/m/n/12 next
 []


Underfull \hbox (badness 10000) in paragraph at lines 53--53
\OT1/cmr/m/n/12 about
 []

[91] <intercalibration.pdf, id=5932, 294.95998pt x 269.55705pt>
File: intercalibration.pdf Graphic file (type pdf)

<use intercalibration.pdf>
Underfull \hbox (badness 10000) in paragraph at lines 81--81
[][]\OT1/cmr/m/n/12 Added
 []


Underfull \hbox (badness 10000) in paragraph at lines 81--81
\OT1/cmr/m/n/12 par-en-
 []


Underfull \hbox (badness 10000) in paragraph at lines 81--81
\OT1/cmr/m/n/12 thet-i-cal
 []

[92] [93 <./intercalibration.pdf>]
<hybrid.pdf, id=6063, 426.92136pt x 204.43216pt>
File: hybrid.pdf Graphic file (type pdf)
 <use hybrid.pdf>
<Z_mass_vs_corrections_EB.pdf, id=6067, 221.55426pt x 178.36998pt>
File: Z_mass_vs_corrections_EB.pdf Graphic file (type pdf)

<use Z_mass_vs_corrections_EB.pdf>
<Z_mass_vs_corrections_EE.pdf, id=6068, 223.43184pt x 175.55357pt>
File: Z_mass_vs_corrections_EE.pdf Graphic file (type pdf)

<use Z_mass_vs_corrections_EE.pdf>

LaTeX Warning: Citation `Higgs_AN' on page 94 undefined on input line 114.


LaTeX Warning: Citation `Higgs_AN' on page 94 undefined on input line 114.


LaTeX Warning: Citation `Higgs_AN' on page 94 undefined on input line 114.


LaTeX Warning: Citation `Higgs_AN' on page 94 undefined on input line 114.

[94]
Overfull \hbox (1.0412pt too wide) in paragraph at lines 132--132
[][]\OT1/cmr/m/n/12 Changed[] 
 []

[95 <./hybrid.pdf>] [96 <./Z_mass_vs_corrections_EB.pdf> <./Z_mass_vs_correctio
ns_EE.pdf>]
Overfull \hbox (18.82713pt too wide) in paragraph at lines 142--142
[][]\OT1/cmr/m/n/12 Reorganized
 []


Underfull \hbox (badness 10000) in paragraph at lines 142--142
\OT1/cmr/m/n/12 next 3
 []


Underfull \hbox (badness 10000) in paragraph at lines 142--142
\OT1/cmr/m/n/12 para-
 []


Underfull \hbox (badness 10000) in paragraph at lines 142--142
\OT1/cmr/m/n/12 graphs;
 []


Underfull \hbox (badness 10000) in paragraph at lines 142--142
\OT1/cmr/m/n/12 edited
 []


Underfull \hbox (badness 10000) in paragraph at lines 142--142
\OT1/cmr/m/n/12 Ta-
 []


Underfull \hbox (badness 10000) in paragraph at lines 142--142
\OT1/cmr/m/n/12 ble []6.1[]
 []


Underfull \hbox (badness 10000) in paragraph at lines 166--166
\OT1/cmr/m/n/12 ef-fec-tive
 []

[97] <isolation_cones.pdf, id=6248, 1027.84pt x 770.88pt>
File: isolation_cones.pdf Graphic file (type pdf)

<use isolation_cones.pdf>
Underfull \hbox (badness 10000) in paragraph at lines 181--181
[][]\OT1/cmr/m/n/12 Added
 []


Underfull \hbox (badness 10000) in paragraph at lines 181--181
\OML/cmm/m/it/12 ^^[[]$
 []


Underfull \hbox (badness 10000) in paragraph at lines 181--181
\OT1/cmr/m/n/12 def-i-ni-
 []

[98 <./isolation_cones.pdf>]
Overfull \hbox (1.0412pt too wide) in paragraph at lines 189--189
[][]\OT1/cmr/m/n/12 Changed
 []


Underfull \hbox (badness 10000) in paragraph at lines 189--189
\OT1/cmr/m/n/12 av-er-age
 []


Underfull \hbox (badness 10000) in paragraph at lines 189--189
\OML/cmm/m/it/12 ^^Z$\OT1/cmr/m/n/12 ; up-
 []


Underfull \hbox (badness 10000) in paragraph at lines 189--189
\OT1/cmr/m/n/12 dated
 []

<preselected_rho.pdf, id=6283, 569.12625pt x 502.87875pt>
File: preselected_rho.pdf Graphic file (type pdf)

<use preselected_rho.pdf> [99 <./preselected_rho.pdf, page is rotated 90 degree
s>] <Icomb_optimization.pdf, id=6342, 207.35803pt x 168.12813pt>
File: Icomb_optimization.pdf Graphic file (type pdf)

<use Icomb_optimization.pdf>
<f_comb_iso_upper_bound_optimization_geq0j.pdf, id=6348, 218.51343pt x 156.6169
1pt>
File: f_comb_iso_upper_bound_optimization_geq0j.pdf Graphic file (type pdf)
 <use f_comb_iso_upper_bound_optimization_geq0j.pdf>
<f_comb_iso_upper_bound_optimization_geq1j.pdf, id=6349, 219.45117pt x 153.8034
2pt>
File: f_comb_iso_upper_bound_optimization_geq1j.pdf Graphic file (type pdf)
 <use f_comb_iso_upper_bound_optimization_geq1j.pdf> [100 <./Icomb_optimization
.pdf>] [101 <./f_comb_iso_upper_bound_optimization_geq0j.pdf> <./f_comb_iso_upp
er_bound_optimization_geq1j.pdf>] [102] [103]
Underfull \hbox (badness 10000) in paragraph at lines 271--271
[][]\OT1/cmr/m/n/12 Added
 []


Underfull \hbox (badness 10000) in paragraph at lines 271--271
\OT1/cmr/m/n/12 ref-er-
 []


Underfull \hbox (badness 5490) in paragraph at lines 271--271
\OT1/cmr/m/n/12 ence to
 []

<anti-kT.pdf, id=6816, 208.45914pt x 144.62683pt>
File: anti-kT.pdf Graphic file (type pdf)
 <use anti-kT.pdf> [104]
[105 <./anti-kT.pdf>]
<total_JEC_50_GeV.pdf, id=6920, 191.48268pt x 188.18124pt>
File: total_JEC_50_GeV.pdf Graphic file (type pdf)

<use total_JEC_50_GeV.pdf>
<total_JEC_200_GeV.pdf, id=6921, 188.73149pt x 188.18124pt>
File: total_JEC_200_GeV.pdf Graphic file (type pdf)

<use total_JEC_200_GeV.pdf>
Overfull \hbox (2.83424pt too wide) in paragraph at lines 346--346
[][]\OT1/cmr/m/n/12 Removed
 []


Underfull \hbox (badness 10000) in paragraph at lines 346--346
\OT1/cmr/m/n/12 ital-ics
 []


Underfull \hbox (badness 10000) in paragraph at lines 346--346
\OT1/cmr/m/n/12 tro-mag-
 []


Underfull \hbox (badness 10000) in paragraph at lines 346--346
\OT1/cmr/m/n/12 netic
 []


Underfull \hbox (badness 10000) in paragraph at lines 346--346
\OT1/cmr/m/n/12 frac-
 []

[106 <./total_JEC_50_GeV.pdf> <./total_JEC_200_GeV.pdf>] [107]
<MET_resolution.pdf, id=7094, 255.86049pt x 182.67888pt>
File: MET_resolution.pdf Graphic file (type pdf)

<use MET_resolution.pdf> [108 <./MET_resolution.pdf>]
Underfull \hbox (badness 10000) in paragraph at lines 383--384

 []


Underfull \hbox (badness 10000) in paragraph at lines 383--384

 []


Underfull \hbox (badness 10000) in paragraph at lines 383--384

 []


Overfull \hbox (2.02036pt too wide) in paragraph at lines 392--392
[][]\OT1/cmr/m/n/12 Switched
 []


Underfull \hbox (badness 10000) in paragraph at lines 392--392
\OT1/cmr/m/n/12 HLT
 []


Underfull \hbox (badness 10000) in paragraph at lines 392--392
\OT1/cmr/m/n/12 path
 []


Underfull \hbox (badness 10000) in paragraph at lines 392--392
\OT1/cmr/m/n/12 names
 []


Underfull \hbox (badness 10000) in paragraph at lines 392--392
\OT1/cmr/m/n/12 to ver-
 []


Underfull \hbox (badness 10000) in paragraph at lines 392--392
\OT1/cmr/m/n/12 ba-tim
 []


Underfull \hbox (badness 10000) in paragraph at lines 392--392
\OT1/cmr/m/n/12 added
 []


Underfull \hbox (badness 10000) in paragraph at lines 392--392
\OT1/cmr/m/n/12 ref-er-
 []


Underfull \hbox (badness 10000) in paragraph at lines 392--392
\OT1/cmr/m/n/12 ence
 []


Underfull \hbox (badness 10000) in paragraph at lines 392--392
\OT1/cmr/m/n/12 to L1
 []


Overfull \hbox (2.02036pt too wide) in paragraph at lines 399--399
[][]\OT1/cmr/m/n/12 Switched
 []


Underfull \hbox (badness 10000) in paragraph at lines 399--399
\OT1/cmr/m/n/12 HLT
 []


Underfull \hbox (badness 10000) in paragraph at lines 399--399
\OT1/cmr/m/n/12 path
 []


Underfull \hbox (badness 10000) in paragraph at lines 399--399
\OT1/cmr/m/n/12 names
 []


Underfull \hbox (badness 10000) in paragraph at lines 399--399
\OT1/cmr/m/n/12 to ver-
 []


Underfull \hbox (badness 10000) in paragraph at lines 399--399
\OT1/cmr/m/n/12 ba-tim
 []


LaTeX Warning: Marginpar on page 109 moved.

[109] [110]
Overfull \hbox (2.02036pt too wide) in paragraph at lines 401--401
[][]\OT1/cmr/m/n/12 Switched
 []


Underfull \hbox (badness 10000) in paragraph at lines 401--401
\OT1/cmr/m/n/12 HLT
 []


Underfull \hbox (badness 10000) in paragraph at lines 401--401
\OT1/cmr/m/n/12 path
 []


Underfull \hbox (badness 10000) in paragraph at lines 401--401
\OT1/cmr/m/n/12 names
 []


Underfull \hbox (badness 10000) in paragraph at lines 401--401
\OT1/cmr/m/n/12 to ver-
 []


Underfull \hbox (badness 10000) in paragraph at lines 401--401
\OT1/cmr/m/n/12 ba-tim
 []


Underfull \hbox (badness 10000) in paragraph at lines 403--403
[][]\OT1/cmr/m/n/12 Added
 []


Underfull \hbox (badness 10000) in paragraph at lines 403--403
\OT1/cmr/m/n/12 fi-ciency
 []


Underfull \hbox (badness 10000) in paragraph at lines 403--403
\OT1/cmr/m/n/12 dis-cus-
 []


LaTeX Warning: Marginpar on page 111 moved.

<HLT_efficiency.pdf, id=7180, 447.71896pt x 158.165pt>
File: HLT_efficiency.pdf Graphic file (type pdf)

<use HLT_efficiency.pdf> [111 <./HLT_efficiency.pdf>] [112] [113]
<R45.pdf, id=7364, 1027.84pt x 770.88pt>
File: R45.pdf Graphic file (type pdf)
 <use R45.pdf>
Overfull \hbox (2.83424pt too wide) in paragraph at lines 463--463
[][]\OT1/cmr/m/n/12 Removed
 []


Underfull \hbox (badness 10000) in paragraph at lines 463--463
\OT1/cmr/m/n/12 ref-er-
 []


Underfull \hbox (badness 5490) in paragraph at lines 463--463
\OT1/cmr/m/n/12 ence to
 []

[114 <./R45.pdf>] [115] [116] [117] [118]
Underfull \hbox (badness 10000) in paragraph at lines 596--596
[]|\OT1/cmr/m/n/12 Tag-
 []


Underfull \hbox (badness 10000) in paragraph at lines 596--596
\OT1/cmr/m/n/12 pass
 []


Underfull \hbox (badness 10000) in paragraph at lines 596--596
[]|\OT1/cmr/m/n/12 [-1.0,
 []


Underfull \hbox (badness 10000) in paragraph at lines 596--596
[]|\OT1/cmr/m/n/12 [1.0,
 []


Underfull \hbox (badness 10000) in paragraph at lines 598--598
[]|\OT1/cmr/m/n/12 Tag-
 []


Underfull \hbox (badness 10000) in paragraph at lines 598--598
\OT1/cmr/m/n/12 fail
 []


Underfull \hbox (badness 10000) in paragraph at lines 598--598
[]|\OT1/cmr/m/n/12 [-1.0,
 []


Underfull \hbox (badness 10000) in paragraph at lines 598--598
[]|\OT1/cmr/m/n/12 [1.0,
 []


Underfull \hbox (badness 10000) in paragraph at lines 600--600
[]|\OT1/cmr/m/n/12 Tag-
 []


Underfull \hbox (badness 10000) in paragraph at lines 600--600
\OT1/cmr/m/n/12 pass
 []


Underfull \hbox (badness 10000) in paragraph at lines 600--600
\OT1/cmr/m/n/12 back-
 []


Overfull \hbox (2.94756pt too wide) in paragraph at lines 600--600
[]|\OT1/cmr/m/n/12 0.04750| 
 []


Overfull \hbox (2.94756pt too wide) in paragraph at lines 600--601
[]|\OT1/cmr/m/n/12 0.01908| 
 []


Underfull \hbox (badness 10000) in paragraph at lines 602--602
[]|\OT1/cmr/m/n/12 Tag-
 []


Underfull \hbox (badness 10000) in paragraph at lines 602--602
\OT1/cmr/m/n/12 fail
 []


Underfull \hbox (badness 10000) in paragraph at lines 602--602
\OT1/cmr/m/n/12 back-
 []


Underfull \hbox (badness 10000) in paragraph at lines 602--602
[]|\OT1/cmr/m/n/12 [50.0,
 []


Underfull \hbox (badness 10000) in paragraph at lines 608--608
[][]\OT1/cmr/m/n/12 Added
 []

<low_ET_bin_data.pdf, id=7515, 569.12625pt x 385.44pt>
File: low_ET_bin_data.pdf Graphic file (type pdf)

<use low_ET_bin_data.pdf> <low_ET_bin_MC.pdf, id=7516, 569.12625pt x 385.44pt>
File: low_ET_bin_MC.pdf Graphic file (type pdf)

<use low_ET_bin_MC.pdf>
<mid-eta_bin_data.pdf, id=7517, 569.12625pt x 385.44pt>
File: mid-eta_bin_data.pdf Graphic file (type pdf)

<use mid-eta_bin_data.pdf>
<mid-eta_bin_MC.pdf, id=7518, 569.12625pt x 385.44pt>
File: mid-eta_bin_MC.pdf Graphic file (type pdf)
 <use mid-eta_bin_MC.pdf>
[119] [120 <./low_ET_bin_data.pdf, page is rotated 90 degrees> <./low_ET_bin_MC
.pdf, page is rotated 90 degrees>] [121 <./mid-eta_bin_data.pdf, page is rotate
d 90 degrees> <./mid-eta_bin_MC.pdf, page is rotated 90 degrees>]

Package hyperref Warning: Token not allowed in a PDF string (PDFDocEncoding):
(hyperref)                removing `math shift' on input line 628.


Package hyperref Warning: Token not allowed in a PDF string (PDFDocEncoding):
(hyperref)                removing `\epsilon' on input line 628.


Package hyperref Warning: Token not allowed in a PDF string (PDFDocEncoding):
(hyperref)                removing `subscript' on input line 628.


Package hyperref Warning: Token not allowed in a PDF string (PDFDocEncoding):
(hyperref)                removing `superscript' on input line 628.


Package hyperref Warning: Token not allowed in a PDF string (PDFDocEncoding):
(hyperref)                removing `\epsilon' on input line 628.


Package hyperref Warning: Token not allowed in a PDF string (PDFDocEncoding):
(hyperref)                removing `subscript' on input line 628.


Package hyperref Warning: Token not allowed in a PDF string (PDFDocEncoding):
(hyperref)                removing `superscript' on input line 628.


Package hyperref Warning: Token not allowed in a PDF string (PDFDocEncoding):
(hyperref)                removing `math shift' on input line 628.

<scale_factor_vs_ET.pdf, id=7715, 569.12625pt x 569.12625pt>
File: scale_factor_vs_ET.pdf Graphic file (type pdf)

<use scale_factor_vs_ET.pdf>
<scale_factor_vs_eta.pdf, id=7716, 569.12625pt x 569.12625pt>
File: scale_factor_vs_eta.pdf Graphic file (type pdf)

<use scale_factor_vs_eta.pdf>
<scale_factor_vs_Njet.pdf, id=7717, 569.12625pt x 569.12625pt>
File: scale_factor_vs_Njet.pdf Graphic file (type pdf)

<use scale_factor_vs_Njet.pdf> [122 <./scale_factor_vs_ET.pdf> <./scale_factor_
vs_eta.pdf> <./scale_factor_vs_Njet.pdf>]
<eff_vs_NPV.pdf, id=7858, 569.12625pt x 569.12625pt>
File: eff_vs_NPV.pdf Graphic file (type pdf)
 <use eff_vs_NPV.pdf>
Underfull \hbox (badness 4303) in paragraph at lines 650--650
\OT1/cmr/m/n/10 Blue cir-cles are data, green
 []

<scale_factor_vs_NPV.pdf, id=7859, 569.12625pt x 569.12625pt>
File: scale_factor_vs_NPV.pdf Graphic file (type pdf)

<use scale_factor_vs_NPV.pdf>
Underfull \hbox (badness 10000) in paragraph at lines 657--657
[][]\OT1/cmr/m/n/12 Official
 []


Underfull \hbox (badness 10000) in paragraph at lines 657--657
\OT1/cmr/m/n/12 re-sult
 []


Underfull \hbox (badness 10000) in paragraph at lines 657--657
\OT1/cmr/m/n/12 syst.
 []


Underfull \hbox (badness 10000) in paragraph at lines 657--657
\OT1/cmr/m/n/12 recheck-
 []


Underfull \hbox (badness 10000) in paragraph at lines 657--657
\OT1/cmr/m/n/12 ing
 []


Overfull \hbox (0.22786pt too wide) in paragraph at lines 657--658
[]\OT1/cmr/m/n/12 The scale fac-tor is mea-sured to be $\OML/cmm/m/it/12 ^^O[]=
^^O[] \OT1/cmr/m/n/12 = 0\OML/cmm/m/it/12 :\OT1/cmr/m/n/12 994[] \OMS/cmsy/m/n/
12 ^^F []\OT1/cmr/m/n/12 0\OML/cmm/m/it/12 :\OT1/cmr/m/n/12 002[] \OMS/cmsy/m/n
/12 ^^F []\OT1/cmr/m/n/12 0\OML/cmm/m/it/12 :\OT1/cmr/m/n/12 035$(syst.).
 []


Overfull \hbox (6.26337pt too wide) in paragraph at lines 661--661
[][]\OT1/cmr/m/n/12 Corrected
 []


Underfull \hbox (badness 1755) in paragraph at lines 661--661
\OT1/cmr/m/n/12 some of
 []


Underfull \hbox (badness 10000) in paragraph at lines 661--661
\OT1/cmr/m/n/12 these
 []

[123 <./eff_vs_NPV.pdf> <./scale_factor_vs_NPV.pdf>]) (./ch7_bw.tex [124]
Chapter 7.
[125

] <dijet_cropped.pdf, id=7974, 428.03201pt x 109.824pt>
File: dijet_cropped.pdf Graphic file (type pdf)

<use dijet_cropped.pdf> <qg_to_qa.pdf, id=7975, 117.33125pt x 100.43553pt>
File: qg_to_qa.pdf Graphic file (type pdf)

<use qg_to_qa.pdf> <diphoton_cropped.pdf, id=7976, 279.72266pt x 106.06927pt>
File: diphoton_cropped.pdf Graphic file (type pdf)

<use diphoton_cropped.pdf>
<qq_to_W_to_enu_to_enua.pdf, id=7977, 132.34966pt x 103.25154pt>
File: qq_to_W_to_enu_to_enua.pdf Graphic file (type pdf)

<use qq_to_W_to_enu_to_enua.pdf>
<qg_to_qW_to_qenu.pdf, id=7978, 134.22696pt x 109.82205pt>
File: qg_to_qW_to_qenu.pdf Graphic file (type pdf)

<use qg_to_qW_to_qenu.pdf>
<gg_to_tt_to_WbWb_to_ffbenub_to_ffbenuba.pdf, id=7979, 245.92638pt x 194.3005pt
>
File: gg_to_tt_to_WbWb_to_ffbenub_to_ffbenuba.pdf Graphic file (type pdf)
 <use gg_to_tt_to_WbWb_to_ffbenub_to_ffbenuba.pdf> [126] [127 <./dijet_cropped.
pdf> <./qg_to_qa.pdf> <./diphoton_cropped.pdf>] [128 <./qq_to_W_to_enu_to_enua.
pdf> <./qg_to_qW_to_qenu.pdf> <./gg_to_tt_to_WbWb_to_ffbenub_to_ffbenuba.pdf>] 
[129] <hadronic_activity_HT.pdf, id=8250, 511.9125pt x 739.76375pt>
File: hadronic_activity_HT.pdf Graphic file (type pdf)

<use hadronic_activity_HT.pdf>
<hadronic_activity_Nj.pdf, id=8253, 511.9125pt x 739.76375pt>
File: hadronic_activity_Nj.pdf Graphic file (type pdf)

<use hadronic_activity_Nj.pdf>
<hadronic_activity_MHT.pdf, id=8256, 511.9125pt x 739.76375pt>
File: hadronic_activity_MHT.pdf Graphic file (type pdf)

<use hadronic_activity_MHT.pdf>
<hadronic_activity_j1ET.pdf, id=8259, 511.9125pt x 739.76375pt>
File: hadronic_activity_j1ET.pdf Graphic file (type pdf)

<use hadronic_activity_j1ET.pdf>
<hadronic_activity_rho.pdf, id=8262, 511.9125pt x 739.76375pt>
File: hadronic_activity_rho.pdf Graphic file (type pdf)

<use hadronic_activity_rho.pdf>
<hadronic_activity_nPV.pdf, id=8265, 511.9125pt x 739.76375pt>
File: hadronic_activity_nPV.pdf Graphic file (type pdf)

<use hadronic_activity_nPV.pdf>
Overfull \hbox (36.4566pt too wide) in paragraph at lines 176--202
 [][] 
 []

[130] [131 <./hadronic_activity_HT.pdf>] [132 <./hadronic_activity_Nj.pdf>]
[133 <./hadronic_activity_MHT.pdf>] [134 <./hadronic_activity_j1ET.pdf>]
[135 <./hadronic_activity_rho.pdf>] [136 <./hadronic_activity_nPV.pdf>]
[137] <di-EM_pT_cartoon.pdf, id=8578, 543.38904pt x 346.39664pt>
File: di-EM_pT_cartoon.pdf Graphic file (type pdf)

<use di-EM_pT_cartoon.pdf>
<gg_MET_vs_di-EM_pT_bw.pdf, id=8579, 569.12625pt x 546.04pt>
File: gg_MET_vs_di-EM_pT_bw.pdf Graphic file (type pdf)

<use gg_MET_vs_di-EM_pT_bw.pdf>
<ee_MET_vs_di-EM_pT_bw.pdf, id=8580, 569.12625pt x 546.04pt>
File: ee_MET_vs_di-EM_pT_bw.pdf Graphic file (type pdf)

<use ee_MET_vs_di-EM_pT_bw.pdf>
<ff_MET_vs_di-EM_pT_bw.pdf, id=8581, 569.12625pt x 546.04pt>
File: ff_MET_vs_di-EM_pT_bw.pdf Graphic file (type pdf)

<use ff_MET_vs_di-EM_pT_bw.pdf>
<ee_dijet_pT_and_Nj_vs_dijet_pT_reweighting.pdf, id=8586, 569.12625pt x 546.04p
t>
File: ee_dijet_pT_and_Nj_vs_dijet_pT_reweighting.pdf Graphic file (type pdf)
 <use ee_dijet_pT_and_Nj_vs_dijet_pT_reweighting.pdf>
<ff_dijet_pT_and_Nj_vs_dijet_pT_reweighting.pdf, id=8587, 569.12625pt x 546.04p
t>
File: ff_dijet_pT_and_Nj_vs_dijet_pT_reweighting.pdf Graphic file (type pdf)
 <use ff_dijet_pT_and_Nj_vs_dijet_pT_reweighting.pdf>
<ee_over_ff_dijet_pT_and_Nj_vs_dijet_pT_reweighting.pdf, id=8588, 569.12625pt x
 259.97125pt>
File: ee_over_ff_dijet_pT_and_Nj_vs_dijet_pT_reweighting.pdf Graphic file (type
 pdf)
 <use ee_over_ff_dijet_pT_and_Nj_vs_dijet_pT_reweighting.pdf>
<ee_over_ff_dijet_pT_and_Nj_vs_dijet_pT_reweighting_zoom.pdf, id=8589, 569.1262
5pt x 259.97125pt>
File: ee_over_ff_dijet_pT_and_Nj_vs_dijet_pT_reweighting_zoom.pdf Graphic file 
(type pdf)

<use ee_over_ff_dijet_pT_and_Nj_vs_dijet_pT_reweighting_zoom.pdf> [138 <./di-EM
_pT_cartoon.pdf>] [139 <./gg_MET_vs_di-EM_pT_bw.pdf, page is rotated 90 degrees
> <./ee_MET_vs_di-EM_pT_bw.pdf, page is rotated 90 degrees> <./ff_MET_vs_di-EM_
pT_bw.pdf, page is rotated 90 degrees>] [140 <./ee_dijet_pT_and_Nj_vs_dijet_pT_
reweighting.pdf, page is rotated 90 degrees> <./ff_dijet_pT_and_Nj_vs_dijet_pT_
reweighting.pdf, page is rotated 90 degrees> <./ee_over_ff_dijet_pT_and_Nj_vs_d
ijet_pT_reweighting.pdf, page is rotated 90 degrees> <./ee_over_ff_dijet_pT_and
_Nj_vs_dijet_pT_reweighting_zoom.pdf, page is rotated 90 degrees>]
<4684pb-1_eLeading_ETBias_log_bw.pdf, id=8969, 569.12625pt x 546.04pt>
File: 4684pb-1_eLeading_ETBias_log_bw.pdf Graphic file (type pdf)

<use 4684pb-1_eLeading_ETBias_log_bw.pdf>
<4684pb-1_eTrailing_ETBias_log_bw.pdf, id=8970, 569.12625pt x 546.04pt>
File: 4684pb-1_eTrailing_ETBias_log_bw.pdf Graphic file (type pdf)

<use 4684pb-1_eTrailing_ETBias_log_bw.pdf>
<4684pb-1_fLeading_ETBias_log_bw.pdf, id=8971, 569.12625pt x 546.04pt>
File: 4684pb-1_fLeading_ETBias_log_bw.pdf Graphic file (type pdf)

<use 4684pb-1_fLeading_ETBias_log_bw.pdf>
<4684pb-1_fTrailing_ETBias_log_bw.pdf, id=8972, 569.12625pt x 546.04pt>
File: 4684pb-1_fTrailing_ETBias_log_bw.pdf Graphic file (type pdf)

<use 4684pb-1_fTrailing_ETBias_log_bw.pdf>
<4684pb-1_gLeading_ETBias_log_bw.pdf, id=8973, 569.12625pt x 546.04pt>
File: 4684pb-1_gLeading_ETBias_log_bw.pdf Graphic file (type pdf)

<use 4684pb-1_gLeading_ETBias_log_bw.pdf>
<4684pb-1_gTrailing_ETBias_log_bw.pdf, id=8974, 569.12625pt x 546.04pt>
File: 4684pb-1_gTrailing_ETBias_log_bw.pdf Graphic file (type pdf)

<use 4684pb-1_gTrailing_ETBias_log_bw.pdf>
<4684pb-1_single_ETBias.pdf, id=8975, 569.12625pt x 546.04pt>
File: 4684pb-1_single_ETBias.pdf Graphic file (type pdf)

<use 4684pb-1_single_ETBias.pdf>
<ee_di-EM_vs_dijet_pT_reweighting.pdf, id=8978, 569.12625pt x 546.04pt>
File: ee_di-EM_vs_dijet_pT_reweighting.pdf Graphic file (type pdf)

<use ee_di-EM_vs_dijet_pT_reweighting.pdf>
<ff_di-EM_vs_dijet_pT_reweighting.pdf, id=8979, 569.12625pt x 546.04pt>
File: ff_di-EM_vs_dijet_pT_reweighting.pdf Graphic file (type pdf)

<use ff_di-EM_vs_dijet_pT_reweighting.pdf>
<ee_over_ff_di-EM_vs_dijet_pT_reweighting.pdf, id=8980, 569.12625pt x 259.97125
pt>
File: ee_over_ff_di-EM_vs_dijet_pT_reweighting.pdf Graphic file (type pdf)
 <use ee_over_ff_di-EM_vs_dijet_pT_reweighting.pdf>
<ee_over_ff_di-EM_vs_dijet_pT_reweighting_zoom.pdf, id=8981, 569.12625pt x 259.
97125pt>
File: ee_over_ff_di-EM_vs_dijet_pT_reweighting_zoom.pdf Graphic file (type pdf)

 <use ee_over_ff_di-EM_vs_dijet_pT_reweighting_zoom.pdf>
<ee_dijet_pT_and_Nj_vs_no_reweighting.pdf, id=8983, 569.12625pt x 546.04pt>
File: ee_dijet_pT_and_Nj_vs_no_reweighting.pdf Graphic file (type pdf)

<use ee_dijet_pT_and_Nj_vs_no_reweighting.pdf>
<ff_dijet_pT_and_Nj_vs_no_reweighting.pdf, id=8984, 569.12625pt x 546.04pt>
File: ff_dijet_pT_and_Nj_vs_no_reweighting.pdf Graphic file (type pdf)

<use ff_dijet_pT_and_Nj_vs_no_reweighting.pdf>
<ee_over_ff_dijet_pT_and_Nj_vs_no_reweighting.pdf, id=8985, 569.12625pt x 259.9
7125pt>
File: ee_over_ff_dijet_pT_and_Nj_vs_no_reweighting.pdf Graphic file (type pdf)
 <use ee_over_ff_dijet_pT_and_Nj_vs_no_reweighting.pdf>
<ee_over_ff_dijet_pT_and_Nj_vs_no_reweighting_zoom.pdf, id=8986, 569.12625pt x 
259.97125pt>
File: ee_over_ff_dijet_pT_and_Nj_vs_no_reweighting_zoom.pdf Graphic file (type 
pdf)
 <use ee_over_ff_dijet_pT_and_Nj_vs_no_reweighting_zoom.pdf>
[141] [142 <./4684pb-1_eLeading_ETBias_log_bw.pdf, page is rotated 90 degrees> 
<./4684pb-1_eTrailing_ETBias_log_bw.pdf, page is rotated 90 degrees> <./4684pb-
1_fLeading_ETBias_log_bw.pdf, page is rotated 90 degrees> <./4684pb-1_fTrailing
_ETBias_log_bw.pdf, page is rotated 90 degrees> <./4684pb-1_gLeading_ETBias_log
_bw.pdf, page is rotated 90 degrees> <./4684pb-1_gTrailing_ETBias_log_bw.pdf, p
age is rotated 90 degrees>] [143 <./4684pb-1_single_ETBias.pdf, page is rotated
 90 degrees>] [144 <./ee_di-EM_vs_dijet_pT_reweighting.pdf, page is rotated 90 
degrees> <./ff_di-EM_vs_dijet_pT_reweighting.pdf, page is rotated 90 degrees> <
./ee_over_ff_di-EM_vs_dijet_pT_reweighting.pdf, page is rotated 90 degrees> <./
ee_over_ff_di-EM_vs_dijet_pT_reweighting_zoom.pdf, page is rotated 90 degrees>]
[145 <./ee_dijet_pT_and_Nj_vs_no_reweighting.pdf, page is rotated 90 degrees> <
./ff_dijet_pT_and_Nj_vs_no_reweighting.pdf, page is rotated 90 degrees> <./ee_o
ver_ff_dijet_pT_and_Nj_vs_no_reweighting.pdf, page is rotated 90 degrees> <./ee
_over_ff_dijet_pT_and_Nj_vs_no_reweighting_zoom.pdf, page is rotated 90 degrees
>] <eeLowSideband_0_jet_dijet_pT_weights.pdf, id=9680, 569.12625pt x 546.04pt>
File: eeLowSideband_0_jet_dijet_pT_weights.pdf Graphic file (type pdf)

<use eeLowSideband_0_jet_dijet_pT_weights.pdf>
<eeLowSideband_1_jet_dijet_pT_weights.pdf, id=9681, 569.12625pt x 546.04pt>
File: eeLowSideband_1_jet_dijet_pT_weights.pdf Graphic file (type pdf)

<use eeLowSideband_1_jet_dijet_pT_weights.pdf>
<eeLowSideband_2_jet_dijet_pT_weights.pdf, id=9682, 569.12625pt x 546.04pt>
File: eeLowSideband_2_jet_dijet_pT_weights.pdf Graphic file (type pdf)

<use eeLowSideband_2_jet_dijet_pT_weights.pdf>
<eeHighSideband_0_jet_dijet_pT_weights.pdf, id=9683, 569.12625pt x 546.04pt>
File: eeHighSideband_0_jet_dijet_pT_weights.pdf Graphic file (type pdf)

<use eeHighSideband_0_jet_dijet_pT_weights.pdf>
<eeHighSideband_1_jet_dijet_pT_weights.pdf, id=9684, 569.12625pt x 546.04pt>
File: eeHighSideband_1_jet_dijet_pT_weights.pdf Graphic file (type pdf)

<use eeHighSideband_1_jet_dijet_pT_weights.pdf>
<eeHighSideband_2_jet_dijet_pT_weights.pdf, id=9685, 569.12625pt x 546.04pt>
File: eeHighSideband_2_jet_dijet_pT_weights.pdf Graphic file (type pdf)

<use eeHighSideband_2_jet_dijet_pT_weights.pdf>
<all_ee_MET_spectra.pdf, id=9688, 569.12625pt x 546.04pt>
File: all_ee_MET_spectra.pdf Graphic file (type pdf)

<use all_ee_MET_spectra.pdf>
<0_jet_dijet_pT.pdf, id=9692, 569.12625pt x 546.04pt>
File: 0_jet_dijet_pT.pdf Graphic file (type pdf)
 <use 0_jet_dijet_pT.pdf>
<1_jet_dijet_pT.pdf, id=9693, 569.12625pt x 546.04pt>
File: 1_jet_dijet_pT.pdf Graphic file (type pdf)
 <use 1_jet_dijet_pT.pdf>
<2_jet_dijet_pT.pdf, id=9694, 569.12625pt x 546.04pt>
File: 2_jet_dijet_pT.pdf Graphic file (type pdf)
 <use 2_jet_dijet_pT.pdf>
<ee_0_jet_dijet_pT_weights.pdf, id=9697, 569.12625pt x 546.04pt>
File: ee_0_jet_dijet_pT_weights.pdf Graphic file (type pdf)

<use ee_0_jet_dijet_pT_weights.pdf>
<ee_1_jet_dijet_pT_weights.pdf, id=9698, 569.12625pt x 546.04pt>
File: ee_1_jet_dijet_pT_weights.pdf Graphic file (type pdf)

<use ee_1_jet_dijet_pT_weights.pdf>
<ee_2_jet_dijet_pT_weights.pdf, id=9699, 569.12625pt x 546.04pt>
File: ee_2_jet_dijet_pT_weights.pdf Graphic file (type pdf)

<use ee_2_jet_dijet_pT_weights.pdf>
<ff_0_jet_dijet_pT_weights.pdf, id=9700, 569.12625pt x 546.04pt>
File: ff_0_jet_dijet_pT_weights.pdf Graphic file (type pdf)

<use ff_0_jet_dijet_pT_weights.pdf>
<ff_1_jet_dijet_pT_weights.pdf, id=9701, 569.12625pt x 546.04pt>
File: ff_1_jet_dijet_pT_weights.pdf Graphic file (type pdf)

<use ff_1_jet_dijet_pT_weights.pdf>
<ff_2_jet_dijet_pT_weights.pdf, id=9702, 569.12625pt x 546.04pt>
File: ff_2_jet_dijet_pT_weights.pdf Graphic file (type pdf)

<use ff_2_jet_dijet_pT_weights.pdf> [146] [147 <./eeLowSideband_0_jet_dijet_pT_
weights.pdf, page is rotated 90 degrees> <./eeLowSideband_1_jet_dijet_pT_weight
s.pdf, page is rotated 90 degrees> <./eeLowSideband_2_jet_dijet_pT_weights.pdf,
 page is rotated 90 degrees> <./eeHighSideband_0_jet_dijet_pT_weights.pdf, page
 is rotated 90 degrees> <./eeHighSideband_1_jet_dijet_pT_weights.pdf, page is r
otated 90 degrees> <./eeHighSideband_2_jet_dijet_pT_weights.pdf, page is rotate
d 90 degrees> <./all_ee_MET_spectra.pdf, page is rotated 90 degrees>] [148 <./0
_jet_dijet_pT.pdf, page is rotated 90 degrees> <./1_jet_dijet_pT.pdf, page is r
otated 90 degrees> <./2_jet_dijet_pT.pdf, page is rotated 90 degrees>] [149 <./
ee_0_jet_dijet_pT_weights.pdf, page is rotated 90 degrees> <./ee_1_jet_dijet_pT
_weights.pdf, page is rotated 90 degrees> <./ee_2_jet_dijet_pT_weights.pdf, pag
e is rotated 90 degrees> <./ff_0_jet_dijet_pT_weights.pdf, page is rotated 90 d
egrees> <./ff_1_jet_dijet_pT_weights.pdf, page is rotated 90 degrees> <./ff_2_j
et_dijet_pT_weights.pdf, page is rotated 90 degrees>] [150]
Underfull \hbox (badness 10000) in paragraph at lines 422--422
[]|\OT1/cmr/m/n/12 [86.2,
 []


Underfull \hbox (badness 10000) in paragraph at lines 422--422
[]|\OT1/cmr/m/n/12 [1.0,
 []


Underfull \hbox (badness 10000) in paragraph at lines 424--424
[]|\OT1/cmr/m/n/12 [86.2,
 []


Underfull \hbox (badness 10000) in paragraph at lines 424--424
[]|\OT1/cmr/m/n/12 [1.0,
 []


Underfull \hbox (badness 10000) in paragraph at lines 426--426
[]|$\OML/cmm/m/it/12 ee$
 []


Underfull \hbox (badness 10000) in paragraph at lines 426--426
\OT1/cmr/m/n/12 back-
 []


Underfull \hbox (badness 10000) in paragraph at lines 428--428
[]|$\OML/cmm/m/it/12 e^^M$
 []


Underfull \hbox (badness 10000) in paragraph at lines 428--428
\OT1/cmr/m/n/12 back-
 []

<mee_fit.pdf, id=10447, 569.12625pt x 546.04pt>
File: mee_fit.pdf Graphic file (type pdf)
 <use mee_fit.pdf>
<meg_fit.pdf, id=10448, 569.12625pt x 546.04pt>
File: meg_fit.pdf Graphic file (type pdf)
 <use meg_fit.pdf>
<feg_vs_pT.pdf, id=10451, 569.12625pt x 546.04pt>
File: feg_vs_pT.pdf Graphic file (type pdf)
 <use feg_vs_pT.pdf>
<feg_vs_eta.pdf, id=10454, 569.12625pt x 546.04pt>
File: feg_vs_eta.pdf Graphic file (type pdf)
 <use feg_vs_eta.pdf>
[151] [152 <./mee_fit.pdf, page is rotated 90 degrees> <./meg_fit.pdf, page is 
rotated 90 degrees> <./feg_vs_pT.pdf, page is rotated 90 degrees> <./feg_vs_eta
.pdf, page is rotated 90 degrees>]
<eg_MET.pdf, id=10646, 569.12625pt x 546.04pt>
File: eg_MET.pdf Graphic file (type pdf)
 <use eg_MET.pdf>
<35pb-1_eg_closure_test.pdf, id=10649, 569.12625pt x 408.52625pt>
File: 35pb-1_eg_closure_test.pdf Graphic file (type pdf)

<use 35pb-1_eg_closure_test.pdf> [153 <./eg_MET.pdf, page is rotated 90 degrees
>] [154 <./35pb-1_eg_closure_test.pdf>] [155]
<avg_MET_vs_di-EM_pT.pdf, id=10724, 569.12625pt x 546.04pt>
File: avg_MET_vs_di-EM_pT.pdf Graphic file (type pdf)

<use avg_MET_vs_di-EM_pT.pdf> [156]
Underfull \hbox (badness 10000) in paragraph at lines 528--528
[][]\OT1/cmr/m/n/12 Added
 []


Underfull \hbox (badness 10000) in paragraph at lines 528--528
\OT1/cmr/m/n/12 this
 []


Underfull \hbox (badness 10000) in paragraph at lines 528--528
\OT1/cmr/m/n/12 para-
 []

[157 <./avg_MET_vs_di-EM_pT.pdf, page is rotated 90 degrees>]
<mee_bkg_shape_error.pdf, id=10783, 511.9125pt x 739.76375pt>
File: mee_bkg_shape_error.pdf Graphic file (type pdf)

<use mee_bkg_shape_error.pdf> [158 <./mee_bkg_shape_error.pdf>]
<ee_di-EM_pT_bin_size_comparison.pdf, id=10832, 569.12625pt x 546.04pt>
File: ee_di-EM_pT_bin_size_comparison.pdf Graphic file (type pdf)

<use ee_di-EM_pT_bin_size_comparison.pdf>
<ff_di-EM_pT_bin_size_comparison.pdf, id=10833, 569.12625pt x 546.04pt>
File: ff_di-EM_pT_bin_size_comparison.pdf Graphic file (type pdf)

<use ff_di-EM_pT_bin_size_comparison.pdf>
<gg_over_ee_Type-I_MET_corrections_vs_uncorrected_MET_zoom.pdf, id=10840, 569.1
2625pt x 259.97125pt>
File: gg_over_ee_Type-I_MET_corrections_vs_uncorrected_MET_zoom.pdf Graphic fil
e (type pdf)

<use gg_over_ee_Type-I_MET_corrections_vs_uncorrected_MET_zoom.pdf>
<gg_over_ff_Type-I_MET_corrections_vs_uncorrected_MET_zoom.pdf, id=10841, 569.1
2625pt x 259.97125pt>
File: gg_over_ff_Type-I_MET_corrections_vs_uncorrected_MET_zoom.pdf Graphic fil
e (type pdf)

<use gg_over_ff_Type-I_MET_corrections_vs_uncorrected_MET_zoom.pdf>
<ee_over_ff_Type-I_MET_corrections_vs_uncorrected_MET_zoom.pdf, id=10842, 569.1
2625pt x 259.97125pt>
File: ee_over_ff_Type-I_MET_corrections_vs_uncorrected_MET_zoom.pdf Graphic fil
e (type pdf)

<use ee_over_ff_Type-I_MET_corrections_vs_uncorrected_MET_zoom.pdf> [159 <./ee_
di-EM_pT_bin_size_comparison.pdf, page is rotated 90 degrees> <./ff_di-EM_pT_bi
n_size_comparison.pdf, page is rotated 90 degrees>] [160 <./gg_over_ee_Type-I_M
ET_corrections_vs_uncorrected_MET_zoom.pdf, page is rotated 90 degrees> <./gg_o
ver_ff_Type-I_MET_corrections_vs_uncorrected_MET_zoom.pdf, page is rotated 90 d
egrees> <./ee_over_ff_Type-I_MET_corrections_vs_uncorrected_MET_zoom.pdf, page 
is rotated 90 degrees>]
<MET_final_ee_ff_egbw.pdf, id=11086, 511.9125pt x 739.76375pt>
File: MET_final_ee_ff_egbw.pdf Graphic file (type pdf)

<use MET_final_ee_ff_egbw.pdf>
<MET_final_ff_egbw.pdf, id=11089, 511.9125pt x 739.76375pt>
File: MET_final_ff_egbw.pdf Graphic file (type pdf)

<use MET_final_ff_egbw.pdf>
<MET_final_ee_ff_eg_geq1bw.pdf, id=11092, 511.9125pt x 739.76375pt>
File: MET_final_ee_ff_eg_geq1bw.pdf Graphic file (type pdf)

<use MET_final_ee_ff_eg_geq1bw.pdf>
<MET_final_ff_eg_geq1bw.pdf, id=11095, 511.9125pt x 739.76375pt>
File: MET_final_ff_eg_geq1bw.pdf Graphic file (type pdf)

<use MET_final_ff_eg_geq1bw.pdf>
Overfull \hbox (1.8265pt too wide) in paragraph at lines 806--825
 [][] 
 []


Overfull \hbox (1.8265pt too wide) in paragraph at lines 830--849
 [][] 
 []

) (./ch8_bw.tex [161] [162] [163] [164 <./MET_final_ee_ff_egbw.pdf> <./MET_fina
l_ff_egbw.pdf>] [165 <./MET_final_ee_ff_eg_geq1bw.pdf> <./MET_final_ff_eg_geq1b
w.pdf>] [166]
Chapter 8.
[167

] [168]
<can_xsec_bino_mN375_met100_nojet_bw.pdf, id=11352, 569.12625pt x 408.52625pt>
File: can_xsec_bino_mN375_met100_nojet_bw.pdf Graphic file (type pdf)

<use can_xsec_bino_mN375_met100_nojet_bw.pdf>
<can_xsec_wino_mN375_met100_nojet_bw.pdf, id=11353, 569.12625pt x 408.52625pt>
File: can_xsec_wino_mN375_met100_nojet_bw.pdf Graphic file (type pdf)

<use can_xsec_wino_mN375_met100_nojet_bw.pdf>
<can_xsec_bino_mNScan_met100_nojet_bw.pdf, id=11354, 569.12625pt x 408.52625pt>
File: can_xsec_bino_mNScan_met100_nojet_bw.pdf Graphic file (type pdf)
<use can_xsec_bino_mNScan_met100_nojet_bw.pdf>

Package hyperref Warning: Token not allowed in a PDF string (PDFDocEncoding):
(hyperref)                removing `math shift' on input line 36.


Package hyperref Warning: Token not allowed in a PDF string (PDFDocEncoding):
(hyperref)                removing `\times' on input line 36.


Package hyperref Warning: Token not allowed in a PDF string (PDFDocEncoding):
(hyperref)                removing `math shift' on input line 36.

[169] [170 <./can_xsec_bino_mN375_met100_nojet_bw.pdf, page is rotated 90 degre
es> <./can_xsec_wino_mN375_met100_nojet_bw.pdf, page is rotated 90 degrees> <./
can_xsec_bino_mNScan_met100_nojet_bw.pdf, page is rotated 90 degrees>]
<mgluino_vs_msquark_METGeq50GeV_bino_old_bw.pdf, id=11513, 569.12625pt x 546.04
pt>
File: mgluino_vs_msquark_METGeq50GeV_bino_old_bw.pdf Graphic file (type pdf)
 <use mgluino_vs_msquark_METGeq50GeV_bino_old_bw.pdf>
<mgluino_vs_msquark_METGeq50GeV_bino_old_1jet_bw.pdf, id=11514, 569.12625pt x 5
46.04pt>
File: mgluino_vs_msquark_METGeq50GeV_bino_old_1jet_bw.pdf Graphic file (type pd
f)
 <use mgluino_vs_msquark_METGeq50GeV_bino_old_1jet_bw.pdf>
<mgluino_vs_msquark_METGeq50GeV_wino_old_bw.pdf, id=11515, 569.12625pt x 546.04
pt>
File: mgluino_vs_msquark_METGeq50GeV_wino_old_bw.pdf Graphic file (type pdf)
 <use mgluino_vs_msquark_METGeq50GeV_wino_old_bw.pdf>
<mgluino_vs_msquark_METGeq50GeV_wino_old_1jet_bw.pdf, id=11516, 569.12625pt x 5
46.04pt>
File: mgluino_vs_msquark_METGeq50GeV_wino_old_1jet_bw.pdf Graphic file (type pd
f)
 <use mgluino_vs_msquark_METGeq50GeV_wino_old_1jet_bw.pdf>
<mgluino_vs_mbino_METGeq50GeV_old_bw.pdf, id=11517, 569.12625pt x 546.04pt>
File: mgluino_vs_mbino_METGeq50GeV_old_bw.pdf Graphic file (type pdf)

<use mgluino_vs_mbino_METGeq50GeV_old_bw.pdf>
<mgluino_vs_mbino_METGeq50GeV_old_1jet_bw.pdf, id=11518, 569.12625pt x 546.04pt
>
File: mgluino_vs_mbino_METGeq50GeV_old_1jet_bw.pdf Graphic file (type pdf)
 <use mgluino_vs_mbino_METGeq50GeV_old_1jet_bw.pdf> [171] [172 <./mgluino_vs_ms
quark_METGeq50GeV_bino_old_bw.pdf, page is rotated 90 degrees> <./mgluino_vs_ms
quark_METGeq50GeV_bino_old_1jet_bw.pdf, page is rotated 90 degrees> <./mgluino_
vs_msquark_METGeq50GeV_wino_old_bw.pdf, page is rotated 90 degrees> <./mgluino_
vs_msquark_METGeq50GeV_wino_old_1jet_bw.pdf, page is rotated 90 degrees> <./mgl
uino_vs_mbino_METGeq50GeV_old_bw.pdf, page is rotated 90 degrees> <./mgluino_vs
_mbino_METGeq50GeV_old_1jet_bw.pdf, page is rotated 90 degrees>]
Underfull \hbox (badness 10000) in paragraph at lines 78--78
[][]\OT1/cmr/m/n/12 Added
 []


Underfull \hbox (badness 10000) in paragraph at lines 78--78
\OT1/cmr/m/n/12 sig-nal
 []


Underfull \hbox (badness 10000) in paragraph at lines 78--78
\OT1/cmr/m/n/12 con-tam-
 []


Underfull \hbox (badness 10000) in paragraph at lines 78--78
\OT1/cmr/m/n/12 i-na-tion
 []


Package hyperref Warning: Token not allowed in a PDF string (PDFDocEncoding):
(hyperref)                removing `math shift' on input line 80.


Package hyperref Warning: Token not allowed in a PDF string (PDFDocEncoding):
(hyperref)                removing `subscript' on input line 80.


Package hyperref Warning: Token not allowed in a PDF string (PDFDocEncoding):
(hyperref)                removing `math shift' on input line 80.

[173] [174] [175] [176] [177] [178] [179]
Overfull \hbox (0.39236pt too wide) in paragraph at lines 188--189
\OT1/cmr/m/n/12 pected $[][]$ lim-its us-ing 100 toy MC pseudo-experiments to g
en-er-ate $\OML/cmm/m/it/12 f\OT1/cmr/m/n/12 ([]\OMS/cmsy/m/n/12 j\OML/cmm/m/it
/12 ^^V; []\OT1/cmr/m/n/12 )$
 []


Overfull \hbox (10.25073pt too wide) in paragraph at lines 197--198
[]\OT1/cmr/m/n/12 Determine the ob-served ($\OML/cmm/m/it/12 ^^V[]$\OT1/cmr/m/n
/12 ), me-dian ex-pected ($\OML/cmm/m/it/12 ^^V[]$\OT1/cmr/m/n/12 ), and $\OMS/
cmsy/m/n/12 ^^F\OT1/cmr/m/n/12 1\OML/cmm/m/it/12 ^^[$ \OT1/cmr/m/n/12 ($\OML/cm
m/m/it/12 ^^V[]$\OT1/cmr/m/n/12 )
 []

[180]
<can_limit_bino_mN375_met100_nojet_bw.pdf, id=11873, 569.12625pt x 408.52625pt>
File: can_limit_bino_mN375_met100_nojet_bw.pdf Graphic file (type pdf)
<use can_limit_bino_mN375_met100_nojet_bw.pdf>
<can_limit_bino_mN375_met100_1jet_bw.pdf, id=11874, 569.12625pt x 408.52625pt>
File: can_limit_bino_mN375_met100_1jet_bw.pdf Graphic file (type pdf)

<use can_limit_bino_mN375_met100_1jet_bw.pdf>
<can_limit_wino_mN375_met100_nojet_bw.pdf, id=11875, 569.12625pt x 408.52625pt>
File: can_limit_wino_mN375_met100_nojet_bw.pdf Graphic file (type pdf)
<use can_limit_wino_mN375_met100_nojet_bw.pdf>
<can_limit_wino_mN375_met100_1jet_bw.pdf, id=11876, 569.12625pt x 408.52625pt>
File: can_limit_wino_mN375_met100_1jet_bw.pdf Graphic file (type pdf)

<use can_limit_wino_mN375_met100_1jet_bw.pdf>
<can_limit_bino_mNScan_met100_nojet_bw.pdf, id=11877, 569.12625pt x 408.52625pt
>
File: can_limit_bino_mNScan_met100_nojet_bw.pdf Graphic file (type pdf)
 <use can_limit_bino_mNScan_met100_nojet_bw.pdf>
<can_limit_bino_mNScan_met100_1jet_bw.pdf, id=11878, 569.12625pt x 408.52625pt>
File: can_limit_bino_mNScan_met100_1jet_bw.pdf Graphic file (type pdf)
<use can_limit_bino_mNScan_met100_1jet_bw.pdf>
<UL_estimation_points.pdf, id=11881, 1027.84pt x 770.88pt>
File: UL_estimation_points.pdf Graphic file (type pdf)

<use UL_estimation_points.pdf>
<can_excl02_bino_mN375_met100_nojet_bw.pdf, id=11884, 569.12625pt x 440.64626pt
>
File: can_excl02_bino_mN375_met100_nojet_bw.pdf Graphic file (type pdf)
 <use can_excl02_bino_mN375_met100_nojet_bw.pdf>
<can_excl02_bino_mN375_met100_1jet_bw.pdf, id=11885, 569.12625pt x 440.64626pt>
File: can_excl02_bino_mN375_met100_1jet_bw.pdf Graphic file (type pdf)
<use can_excl02_bino_mN375_met100_1jet_bw.pdf>
<can_excl02_wino_mN375_met100_nojet_bw.pdf, id=11886, 569.12625pt x 440.64626pt
>
File: can_excl02_wino_mN375_met100_nojet_bw.pdf Graphic file (type pdf)
 <use can_excl02_wino_mN375_met100_nojet_bw.pdf>
<can_excl02_wino_mN375_met100_1jet_bw.pdf, id=11887, 569.12625pt x 440.64626pt>
File: can_excl02_wino_mN375_met100_1jet_bw.pdf Graphic file (type pdf)
<use can_excl02_wino_mN375_met100_1jet_bw.pdf>
<can_excl02_bino_mNScan_met100_nojet_bw.pdf, id=11888, 569.12625pt x 440.64626p
t>
File: can_excl02_bino_mNScan_met100_nojet_bw.pdf Graphic file (type pdf)
 <use can_excl02_bino_mNScan_met100_nojet_bw.pdf>
<can_excl02_bino_mNScan_met100_1jet_bw.pdf, id=11889, 569.12625pt x 440.64626pt
>
File: can_excl02_bino_mNScan_met100_1jet_bw.pdf Graphic file (type pdf)
 <use can_excl02_bino_mNScan_met100_1jet_bw.pdf> [181] [182 <./can_limit_bino_m
N375_met100_nojet_bw.pdf, page is rotated 90 degrees> <./can_limit_bino_mN375_m
et100_1jet_bw.pdf, page is rotated 90 degrees> <./can_limit_wino_mN375_met100_n
ojet_bw.pdf, page is rotated 90 degrees> <./can_limit_wino_mN375_met100_1jet_bw
.pdf, page is rotated 90 degrees> <./can_limit_bino_mNScan_met100_nojet_bw.pdf,
 page is rotated 90 degrees> <./can_limit_bino_mNScan_met100_1jet_bw.pdf, page 
is rotated 90 degrees>]

LaTeX Warning: Citation `HERA' on page 183 undefined on input line 274.

[183 <./UL_estimation_points.pdf>] [184 <./can_excl02_bino_mN375_met100_nojet_b
w.pdf, page is rotated 90 degrees> <./can_excl02_bino_mN375_met100_1jet_bw.pdf,
 page is rotated 90 degrees> <./can_excl02_wino_mN375_met100_nojet_bw.pdf, page
 is rotated 90 degrees> <./can_excl02_wino_mN375_met100_1jet_bw.pdf, page is ro
tated 90 degrees> <./can_excl02_bino_mNScan_met100_nojet_bw.pdf, page is rotate
d 90 degrees> <./can_excl02_bino_mNScan_met100_1jet_bw.pdf, page is rotated 90 
degrees>]

LaTeX Warning: Citation `Hessian' on page 185 undefined on input line 276.

[185]) (./ch9.tex [186]
Chapter 9.
[187

]) (./appA.tex [188]
Appendix A.
[189

] [190]) [191] [192

] [193] [194]
Underfull \hbox (badness 10000) in paragraph at lines 139--140
[][]$\OT1/cmtt/m/n/12 http : / / lhc-[]machine-[]outreach . web . cern . ch / l
hc-[]machine-[]outreach /
 []


Underfull \hbox (badness 10000) in paragraph at lines 150--152
[][]$\OT1/cmtt/m/n/12 https : / / twiki . cern . ch / twiki / pub / CMSPublic /
 DPGResultsTRK /
 []

[195]
Underfull \hbox (badness 10000) in paragraph at lines 152--154
[][]$\OT1/cmtt/m/n/12 https : / / twiki . cern . ch / twiki / pub / CMSPublic /
 DPGResultsTRK /
 []


Underfull \hbox (badness 10000) in paragraph at lines 154--156
[][]$\OT1/cmtt/m/n/12 https : / / twiki . cern . ch / twiki / pub / /CMSPublic 
/ DPGResultsTRK / hv11 _ d1 .
 []


Underfull \hbox (badness 10000) in paragraph at lines 156--158
[][]$\OT1/cmtt/m/n/12 https : / / twiki . cern . ch / twiki / pub / CMSPublic /
 DPGResultsTRK /
 []


Underfull \hbox (badness 10000) in paragraph at lines 158--160
[][]$\OT1/cmtt/m/n/12 https : / / twiki . cern . ch / twiki / pub / /CMSPublic 
/ DPGResultsTRK /
 []


Underfull \hbox (badness 10000) in paragraph at lines 160--162
[][]$\OT1/cmtt/m/n/12 https : / / twiki . cern . ch / twiki / pub / /CMSPublic 
/ EcalDPGResults /
 []


Underfull \hbox (badness 10000) in paragraph at lines 162--164
[][]$\OT1/cmtt/m/n/12 https : / / twiki . cern . ch / twiki / pub / /CMSPublic 
/ EcalDPGResults /
 []


Underfull \hbox (badness 10000) in paragraph at lines 164--166
[][]$\OT1/cmtt/m/n/12 https : / / twiki . cern . ch / twiki / pub / /CMSPublic 
/ EcalDPGResults /
 []


Underfull \hbox (badness 10000) in paragraph at lines 166--167
[][]$\OT1/cmtt/m/n/12 https : / / twiki . cern . ch / twiki / pub / /CMSPublic 
/ EcalDPGResults /
 []


Underfull \hbox (badness 10000) in paragraph at lines 171--172
[][]$\OT1/cmtt/m/n/12 https : / / twiki . cern . ch / twiki / pub / CMSPublic /
 PhysicsResultsMUO /
 []

[196]
Underfull \hbox (badness 1210) in paragraph at lines 178--180
[]\OT1/cmr/m/n/12 D. Box, D. Ehneb-uske, G. Kaki-vaya, A. Lay-man, N. Mendel-so
hn, H.F.
 []

[197]
Underfull \hbox (badness 10000) in paragraph at lines 199--201
[]\OT1/cmr/m/n/12 Y. Yang, []$\OT1/cmtt/m/n/12 http : / / www . hep . caltech .
 edu / cms / posters / Pi0Poster _
 []


Overfull \hbox (7.52158pt too wide) in paragraph at lines 204--205
[][]$\OT1/cmtt/m/n/12 https : / / twiki . cern . ch / twiki / bin / view / CMS 
/ ECALEnergyScaleCorrections$[]\OT1/cmr/m/n/12 . 
 []

[198]
Underfull \hbox (badness 10000) in paragraph at lines 228--229
[][]$\OT1/cmtt/m/n/12 http : / / www-[]cdf . fnal . gov / physics / new / top /
 2004 / jets / cdfpublic . html$[]
 []

[199] [200] [201]
Underfull \hbox (badness 10000) in paragraph at lines 288--289
[][]$\OT1/cmtt/m/n/12 http : / / cmslxr . fnal . gov / lxr / source / SimGenera
l / MixingModule / python /
 []


Underfull \hbox (badness 10000) in paragraph at lines 289--290
[][]$\OT1/cmtt/m/n/12 http : / / cmslxr . fnal . gov / lxr / source / Generator
Interface / GenFilters /
 []

Package atveryend Info: Empty hook `BeforeClearDocument' on input line 292.
[202]
Package atveryend Info: Empty hook `AfterLastShipout' on input line 292.
 (./dissertation_bw.aux)
Package atveryend Info: Executing hook `AtVeryEndDocument' on input line 292.
Package rerunfilecheck Info: File `dissertation_bw.out' has not changed.
(rerunfilecheck)             Checksum: 943599215FED34DCF35ACBDE4E14D516;4233.


LaTeX Warning: There were undefined references.


LaTeX Warning: There were multiply-defined labels.

 ) 
Here is how much of TeX's memory you used:
 10356 strings out of 493747
 177628 string characters out of 3143546
 309198 words of memory out of 3000000
 12512 multiletter control sequences out of 15000+200000
 19878 words of font info for 74 fonts, out of 3000000 for 9000
 714 hyphenation exceptions out of 8191
 44i,24n,50p,2965b,640s stack positions out of 5000i,500n,10000p,200000b,50000s
</usr/local/texlive/2010/texmf-dist/fonts/type1/public/amsfonts/cm/cmbx10.pfb
></usr/local/texlive/2010/texmf-dist/fonts/type1/public/amsfonts/cm/cmbx12.pfb>
</usr/local/texlive/2010/texmf-dist/fonts/type1/public/amsfonts/cm/cmbx8.pfb></
usr/local/texlive/2010/texmf-dist/fonts/type1/public/amsfonts/cm/cmex10.pfb></u
sr/local/texlive/2010/texmf-dist/fonts/type1/public/amsfonts/cmextra/cmex8.pfb>
</usr/local/texlive/2010/texmf-dist/fonts/type1/public/amsfonts/cm/cmmi10.pfb><
/usr/local/texlive/2010/texmf-dist/fonts/type1/public/amsfonts/cm/cmmi12.pfb></
usr/local/texlive/2010/texmf-dist/fonts/type1/public/amsfonts/cm/cmmi6.pfb></us
r/local/texlive/2010/texmf-dist/fonts/type1/public/amsfonts/cm/cmmi7.pfb></usr/
local/texlive/2010/texmf-dist/fonts/type1/public/amsfonts/cm/cmmi8.pfb></usr/lo
cal/texlive/2010/texmf-dist/fonts/type1/public/amsfonts/cm/cmmi9.pfb></usr/loca
l/texlive/2010/texmf-dist/fonts/type1/public/amsfonts/cm/cmr10.pfb></usr/local/
texlive/2010/texmf-dist/fonts/type1/public/amsfonts/cm/cmr12.pfb></usr/local/te
xlive/2010/texmf-dist/fonts/type1/public/amsfonts/cm/cmr17.pfb></usr/local/texl
ive/2010/texmf-dist/fonts/type1/public/amsfonts/cm/cmr5.pfb></usr/local/texlive
/2010/texmf-dist/fonts/type1/public/amsfonts/cm/cmr6.pfb></usr/local/texlive/20
10/texmf-dist/fonts/type1/public/amsfonts/cm/cmr7.pfb></usr/local/texlive/2010/
texmf-dist/fonts/type1/public/amsfonts/cm/cmr8.pfb></usr/local/texlive/2010/tex
mf-dist/fonts/type1/public/amsfonts/cm/cmr9.pfb></usr/local/texlive/2010/texmf-
dist/fonts/type1/public/amsfonts/cm/cmss10.pfb></usr/local/texlive/2010/texmf-d
ist/fonts/type1/public/amsfonts/cm/cmss12.pfb></usr/local/texlive/2010/texmf-di
st/fonts/type1/public/amsfonts/cm/cmss8.pfb></usr/local/texlive/2010/texmf-dist
/fonts/type1/public/amsfonts/cm/cmssbx10.pfb></usr/local/texlive/2010/texmf-dis
t/fonts/type1/public/amsfonts/cm/cmssi10.pfb></usr/local/texlive/2010/texmf-dis
t/fonts/type1/public/amsfonts/cm/cmssi12.pfb></usr/local/texlive/2010/texmf-dis
t/fonts/type1/public/amsfonts/cm/cmsy10.pfb></usr/local/texlive/2010/texmf-dist
/fonts/type1/public/amsfonts/cm/cmsy5.pfb></usr/local/texlive/2010/texmf-dist/f
onts/type1/public/amsfonts/cm/cmsy6.pfb></usr/local/texlive/2010/texmf-dist/fon
ts/type1/public/amsfonts/cm/cmsy7.pfb></usr/local/texlive/2010/texmf-dist/fonts
/type1/public/amsfonts/cm/cmsy8.pfb></usr/local/texlive/2010/texmf-dist/fonts/t
ype1/public/amsfonts/cm/cmti10.pfb></usr/local/texlive/2010/texmf-dist/fonts/ty
pe1/public/amsfonts/cm/cmti12.pfb></usr/local/texlive/2010/texmf-dist/fonts/typ
e1/public/amsfonts/cm/cmti7.pfb></usr/local/texlive/2010/texmf-dist/fonts/type1
/public/amsfonts/cm/cmti8.pfb></usr/local/texlive/2010/texmf-dist/fonts/type1/p
ublic/amsfonts/cm/cmtt12.pfb></usr/local/texlive/2010/texmf-dist/fonts/type1/pu
blic/mathpazo/fplmr.pfb></usr/local/texlive/2010/texmf-dist/fonts/type1/public/
mathpazo/fplmri.pfb></usr/local/texlive/2010/texmf-dist/fonts/type1/public/amsf
onts/symbols/msam10.pfb></usr/local/texlive/2010/texmf-dist/fonts/type1/urw/cou
rier/ucrr8a.pfb></usr/local/texlive/2010/texmf-dist/fonts/type1/urw/helvetic/uh
vb8a.pfb></usr/local/texlive/2010/texmf-dist/fonts/type1/urw/helvetic/uhvr8a.pf
b></usr/local/texlive/2010/texmf-dist/fonts/type1/urw/palatino/uplr8a.pfb></usr
/local/texlive/2010/texmf-dist/fonts/type1/urw/palatino/uplri8a.pfb></usr/local
/texlive/2010/texmf-dist/fonts/type1/urw/symbol/usyr.pfb></usr/local/texlive/20
10/texmf-dist/fonts/type1/urw/symbol/usyr.pfb></usr/local/texlive/2010/texmf-di
st/fonts/type1/urw/times/utmb8a.pfb></usr/local/texlive/2010/texmf-dist/fonts/t
ype1/urw/times/utmr8a.pfb></usr/local/texlive/2010/texmf-dist/fonts/type1/urw/t
imes/utmri8a.pfb>
Output written on dissertation_bw.pdf (203 pages, 14153566 bytes).
PDF statistics:
 12900 PDF objects out of 15390 (max. 8388607)
 8846 compressed objects within 89 object streams
 749 named destinations out of 1000 (max. 500000)
 1427 words of extra memory for PDF output out of 10000 (max. 10000000)

