This is pdfTeX, Version 3.1415926-1.40.11 (TeX Live 2010) (format=pdflatex 2010.7.21)  29 MAY 2012 15:24
entering extended mode
 \write18 enabled.
 file:line:error style messages enabled.
 %&-line parsing enabled.
**dissertation.tex
(./dissertation.tex
LaTeX2e <2009/09/24>
Babel <v3.8l> and hyphenation patterns for english, dumylang, nohyphenation, ge
rman-x-2009-06-19, ngerman-x-2009-06-19, ancientgreek, ibycus, arabic, armenian
, basque, bulgarian, catalan, pinyin, coptic, croatian, czech, danish, dutch, u
kenglish, usenglishmax, esperanto, estonian, farsi, finnish, french, galician, 
german, ngerman, swissgerman, monogreek, greek, hungarian, icelandic, assamese,
 bengali, gujarati, hindi, kannada, malayalam, marathi, oriya, panjabi, tamil, 
telugu, indonesian, interlingua, irish, italian, kurmanji, lao, latin, latvian,
 lithuanian, mongolian, mongolianlmc, bokmal, nynorsk, polish, portuguese, roma
nian, russian, sanskrit, serbian, slovak, slovenian, spanish, swedish, turkish,
 turkmen, ukrainian, uppersorbian, welsh, loaded.
(/usr/local/texlive/2010/texmf-dist/tex/latex/base/report.cls
Document Class: report 2007/10/19 v1.4h Standard LaTeX document class
(/usr/local/texlive/2010/texmf-dist/tex/latex/base/size12.clo
File: size12.clo 2007/10/19 v1.4h Standard LaTeX file (size option)
)
\c@part=\count79
\c@chapter=\count80
\c@section=\count81
\c@subsection=\count82
\c@subsubsection=\count83
\c@paragraph=\count84
\c@subparagraph=\count85
\c@figure=\count86
\c@table=\count87
\abovecaptionskip=\skip41
\belowcaptionskip=\skip42
\bibindent=\dimen102
)
(/usr/local/texlive/2010/texmf-dist/tex/latex/graphics/graphicx.sty
Package: graphicx 1999/02/16 v1.0f Enhanced LaTeX Graphics (DPC,SPQR)

(/usr/local/texlive/2010/texmf-dist/tex/latex/graphics/keyval.sty
Package: keyval 1999/03/16 v1.13 key=value parser (DPC)
\KV@toks@=\toks14
)
(/usr/local/texlive/2010/texmf-dist/tex/latex/graphics/graphics.sty
Package: graphics 2009/02/05 v1.0o Standard LaTeX Graphics (DPC,SPQR)

(/usr/local/texlive/2010/texmf-dist/tex/latex/graphics/trig.sty
Package: trig 1999/03/16 v1.09 sin cos tan (DPC)
)
(/usr/local/texlive/2010/texmf-dist/tex/latex/latexconfig/graphics.cfg
File: graphics.cfg 2010/04/23 v1.9 graphics configuration of TeX Live
)
Package graphics Info: Driver file: pdftex.def on input line 91.

(/usr/local/texlive/2010/texmf-dist/tex/latex/pdftex-def/pdftex.def
File: pdftex.def 2010/02/14 v0.04n Graphics/color for pdfTeX
\Gread@gobject=\count88
))
\Gin@req@height=\dimen103
\Gin@req@width=\dimen104
)
(/usr/local/texlive/2010/texmf-dist/tex/latex/oberdiek/epstopdf.sty
Package: epstopdf 2010/02/09 v2.5 Conversion with epstopdf on the fly (HO)

(/usr/local/texlive/2010/texmf-dist/tex/latex/oberdiek/epstopdf-base.sty
Package: epstopdf-base 2010/02/09 v2.5 Base part for package epstopdf

(/usr/local/texlive/2010/texmf-dist/tex/generic/oberdiek/infwarerr.sty
Package: infwarerr 2010/04/08 v1.3 Providing info/warning/message (HO)
)
(/usr/local/texlive/2010/texmf-dist/tex/latex/oberdiek/grfext.sty
Package: grfext 2007/09/30 v1.0 Managing graphics extensions (HO)
)
(/usr/local/texlive/2010/texmf-dist/tex/latex/oberdiek/kvoptions.sty
Package: kvoptions 2010/02/22 v3.7 Keyval support for LaTeX options (HO)

(/usr/local/texlive/2010/texmf-dist/tex/generic/oberdiek/kvsetkeys.sty
Package: kvsetkeys 2010/03/01 v1.9 Key value parser (HO)

(/usr/local/texlive/2010/texmf-dist/tex/generic/oberdiek/etexcmds.sty
Package: etexcmds 2010/01/28 v1.3 Prefix for e-TeX command names (HO)
Package etexcmds Info: Could not find \expanded.
(etexcmds)             That can mean that you are not using pdfTeX 1.50 or
(etexcmds)             that some package has redefined \expanded.
(etexcmds)             In the latter case, load this package earlier.
)))
(/usr/local/texlive/2010/texmf-dist/tex/generic/oberdiek/pdftexcmds.sty
Package: pdftexcmds 2010/04/01 v0.9 Utility functions of pdfTeX for LuaTeX (HO)


(/usr/local/texlive/2010/texmf-dist/tex/generic/oberdiek/ifluatex.sty
Package: ifluatex 2010/03/01 v1.3 Provides the ifluatex switch (HO)
Package ifluatex Info: LuaTeX not detected.
)
(/usr/local/texlive/2010/texmf-dist/tex/generic/oberdiek/ltxcmds.sty
Package: ltxcmds 2010/04/26 v1.7 LaTeX kernel commands for general use (HO)
)
Package pdftexcmds Info: LuaTeX not detected.
Package pdftexcmds Info: \pdf@primitive is available.
Package pdftexcmds Info: \pdf@ifprimitive is available.
)
Package grfext Info: Graphics extension search list:
(grfext)             [.png,.pdf,.jpg,.mps,.jpeg,.jbig2,.jb2,.PNG,.PDF,.JPG,.JPE
G,.JBIG2,.JB2,.eps]
(grfext)             \AppendGraphicsExtensions on input line 436.

(/usr/local/texlive/2010/texmf-dist/tex/latex/latexconfig/epstopdf-sys.cfg
File: epstopdf-sys.cfg 2010/07/13 v1.3 Configuration of (r)epstopdf for TeX Liv
e
)))
(/usr/local/texlive/2010/texmf-dist/tex/latex/subfig/subfig.sty
Package: subfig 2005/06/28 ver: 1.3 subfig package

(/usr/local/texlive/2010/texmf-dist/tex/latex/caption/caption.sty
Package: caption 2010/01/09 v3.1m Customizing captions (AR)

(/usr/local/texlive/2010/texmf-dist/tex/latex/caption/caption3.sty
Package: caption3 2010/01/14 v3.1m caption3 kernel (AR)
\captionmargin=\dimen105
\captionmargin@=\dimen106
\captionwidth=\dimen107
\caption@indent=\dimen108
\caption@parindent=\dimen109
\caption@hangindent=\dimen110
)
\c@ContinuedFloat=\count89
)
\c@KVtest=\count90
\sf@farskip=\skip43
\sf@captopadj=\dimen111
\sf@capskip=\skip44
\sf@nearskip=\skip45
\c@subfigure=\count91
\c@subfigure@save=\count92
\c@lofdepth=\count93
\c@subtable=\count94
\c@subtable@save=\count95
\c@lotdepth=\count96
\sf@top=\skip46
\sf@bottom=\skip47
)
(/usr/local/texlive/2010/texmf-dist/tex/latex/tools/array.sty
Package: array 2008/09/09 v2.4c Tabular extension package (FMi)
\col@sep=\dimen112
\extrarowheight=\dimen113
\NC@list=\toks15
\extratabsurround=\skip48
\backup@length=\skip49
)
(/usr/local/texlive/2010/texmf-dist/tex/latex/url/url.sty
\Urlmuskip=\muskip10
Package: url 2006/04/12  ver 3.3  Verb mode for urls, etc.
)
(/usr/local/texlive/2010/texmf-dist/tex/latex/graphics/color.sty
Package: color 2005/11/14 v1.0j Standard LaTeX Color (DPC)

(/usr/local/texlive/2010/texmf-dist/tex/latex/latexconfig/color.cfg
File: color.cfg 2007/01/18 v1.5 color configuration of teTeX/TeXLive
)
Package color Info: Driver file: pdftex.def on input line 130.
)
(/usr/local/texlive/2010/texmf-dist/tex/latex/amsfonts/amssymb.sty
Package: amssymb 2009/06/22 v3.00

(/usr/local/texlive/2010/texmf-dist/tex/latex/amsfonts/amsfonts.sty
Package: amsfonts 2009/06/22 v3.00 Basic AMSFonts support
\@emptytoks=\toks16
\symAMSa=\mathgroup4
\symAMSb=\mathgroup5
LaTeX Font Info:    Overwriting math alphabet `\mathfrak' in version `bold'
(Font)                  U/euf/m/n --> U/euf/b/n on input line 96.
))
(/usr/local/texlive/2010/texmf-dist/tex/latex/mh/mathtools.sty
Package: mathtools 2010/07/11 v1.08 mathematical typesetting tools (MH)

(/usr/local/texlive/2010/texmf-dist/tex/latex/tools/calc.sty
Package: calc 2007/08/22 v4.3 Infix arithmetic (KKT,FJ)
\calc@Acount=\count97
\calc@Bcount=\count98
\calc@Adimen=\dimen114
\calc@Bdimen=\dimen115
\calc@Askip=\skip50
\calc@Bskip=\skip51
LaTeX Info: Redefining \setlength on input line 76.
LaTeX Info: Redefining \addtolength on input line 77.
\calc@Ccount=\count99
\calc@Cskip=\skip52
)
(/usr/local/texlive/2010/texmf-dist/tex/latex/mh/mhsetup.sty
Package: mhsetup 2010/01/21 v1.2a programming setup (MH)
)
(/usr/local/texlive/2010/texmf-dist/tex/latex/amsmath/amsmath.sty
Package: amsmath 2000/07/18 v2.13 AMS math features
\@mathmargin=\skip53

For additional information on amsmath, use the `?' option.
(/usr/local/texlive/2010/texmf-dist/tex/latex/amsmath/amstext.sty
Package: amstext 2000/06/29 v2.01

(/usr/local/texlive/2010/texmf-dist/tex/latex/amsmath/amsgen.sty
File: amsgen.sty 1999/11/30 v2.0
\@emptytoks=\toks17
\ex@=\dimen116
))
(/usr/local/texlive/2010/texmf-dist/tex/latex/amsmath/amsbsy.sty
Package: amsbsy 1999/11/29 v1.2d
\pmbraise@=\dimen117
)
(/usr/local/texlive/2010/texmf-dist/tex/latex/amsmath/amsopn.sty
Package: amsopn 1999/12/14 v2.01 operator names
)
\inf@bad=\count100
LaTeX Info: Redefining \frac on input line 211.
\uproot@=\count101
\leftroot@=\count102
LaTeX Info: Redefining \overline on input line 307.
\classnum@=\count103
\DOTSCASE@=\count104
LaTeX Info: Redefining \ldots on input line 379.
LaTeX Info: Redefining \dots on input line 382.
LaTeX Info: Redefining \cdots on input line 467.
\Mathstrutbox@=\box26
\strutbox@=\box27
\big@size=\dimen118
LaTeX Font Info:    Redeclaring font encoding OML on input line 567.
LaTeX Font Info:    Redeclaring font encoding OMS on input line 568.
\macc@depth=\count105
\c@MaxMatrixCols=\count106
\dotsspace@=\muskip11
\c@parentequation=\count107
\dspbrk@lvl=\count108
\tag@help=\toks18
\row@=\count109
\column@=\count110
\maxfields@=\count111
\andhelp@=\toks19
\eqnshift@=\dimen119
\alignsep@=\dimen120
\tagshift@=\dimen121
\tagwidth@=\dimen122
\totwidth@=\dimen123
\lineht@=\dimen124
\@envbody=\toks20
\multlinegap=\skip54
\multlinetaggap=\skip55
\mathdisplay@stack=\toks21
LaTeX Info: Redefining \[ on input line 2666.
LaTeX Info: Redefining \] on input line 2667.
)
\g_MT_multlinerow_int=\count112
\l_MT_multwidth_dim=\dimen125
)
(/Users/rachelyohay/Library/texmf/tex/latex/subfiles/subfiles.sty
Package: subfiles 2002/06/08 Federico Garcia

(/usr/local/texlive/2010/texmf-dist/tex/latex/tools/verbatim.sty
Package: verbatim 2003/08/22 v1.5q LaTeX2e package for verbatim enhancements
\every@verbatim=\toks22
\verbatim@line=\toks23
\verbatim@in@stream=\read1
))
(/usr/local/texlive/2010/texmf-dist/tex/latex/geometry/geometry.sty
Package: geometry 2010/07/13 v5.5 Page Geometry

(/usr/local/texlive/2010/texmf-dist/tex/generic/oberdiek/ifpdf.sty
Package: ifpdf 2010/01/28 v2.1 Provides the ifpdf switch (HO)
Package ifpdf Info: pdfTeX in pdf mode detected.
)
(/usr/local/texlive/2010/texmf-dist/tex/generic/oberdiek/ifvtex.sty
Package: ifvtex 2010/03/01 v1.5 Switches for detecting VTeX and its modes (HO)
Package ifvtex Info: VTeX not detected.
)
\Gm@cnth=\count113
\Gm@cntv=\count114
\c@Gm@tempcnt=\count115
\Gm@bindingoffset=\dimen126
\Gm@wd@mp=\dimen127
\Gm@odd@mp=\dimen128
\Gm@even@mp=\dimen129
\Gm@layoutwidth=\dimen130
\Gm@layoutheight=\dimen131
\Gm@layouthoffset=\dimen132
\Gm@layoutvoffset=\dimen133
\Gm@dimlist=\toks24
)
(/usr/local/texlive/2010/texmf-dist/tex/latex/setspace/setspace.sty
Package: setspace 2000/12/01 6.7 Contributed and Supported LaTeX2e package

Package: `setspace' 6.7 <2000/12/01>
) (/usr/local/texlive/2010/texmf-dist/tex/latex/multirow/multirow.sty
\bigstrutjot=\dimen134
)
(/usr/local/texlive/2010/texmf-dist/tex/latex/hyperref/hyperref.sty
Package: hyperref 2010/06/18 v6.81g Hypertext links for LaTeX

(/usr/local/texlive/2010/texmf-dist/tex/generic/oberdiek/pdfescape.sty
Package: pdfescape 2010/03/01 v1.9 Provides hex, PDF name and string conversion
s (HO)
)
(/usr/local/texlive/2010/texmf-dist/tex/generic/ifxetex/ifxetex.sty
Package: ifxetex 2009/01/23 v0.5 Provides ifxetex conditional
)
(/usr/local/texlive/2010/texmf-dist/tex/latex/oberdiek/hycolor.sty
Package: hycolor 2009/12/12 v1.6 Color options of hyperref/bookmark (HO)

(/usr/local/texlive/2010/texmf-dist/tex/latex/oberdiek/xcolor-patch.sty
Package: xcolor-patch 2009/12/12 xcolor patch
))
(/usr/local/texlive/2010/texmf-dist/tex/latex/oberdiek/letltxmacro.sty
Package: letltxmacro 2008/06/24 v1.3 Let assignment for LaTeX macros (HO)
)
\@linkdim=\dimen135
\Hy@linkcounter=\count116
\Hy@pagecounter=\count117

(/usr/local/texlive/2010/texmf-dist/tex/latex/hyperref/pd1enc.def
File: pd1enc.def 2010/06/18 v6.81g Hyperref: PDFDocEncoding definition (HO)
)
(/usr/local/texlive/2010/texmf-dist/tex/generic/oberdiek/intcalc.sty
Package: intcalc 2007/09/27 v1.1 Expandable integer calculations (HO)
)
(/usr/local/texlive/2010/texmf-dist/tex/latex/latexconfig/hyperref.cfg
File: hyperref.cfg 2002/06/06 v1.2 hyperref configuration of TeXLive
)
Package hyperref Info: Hyper figures OFF on input line 3658.
Package hyperref Info: Link nesting OFF on input line 3663.
Package hyperref Info: Hyper index ON on input line 3666.
Package hyperref Info: Plain pages OFF on input line 3673.
Package hyperref Info: Backreferencing OFF on input line 3678.

Implicit mode ON; LaTeX internals redefined
Package hyperref Info: Bookmarks ON on input line 3874.
LaTeX Info: Redefining \url on input line 4159.
(/usr/local/texlive/2010/texmf-dist/tex/generic/oberdiek/bitset.sty
Package: bitset 2007/09/28 v1.0 Data type bit set (HO)

(/usr/local/texlive/2010/texmf-dist/tex/generic/oberdiek/bigintcalc.sty
Package: bigintcalc 2007/11/11 v1.1 Expandable big integer calculations (HO)
))
\Fld@menulength=\count118
\Field@Width=\dimen136
\Fld@charsize=\dimen137
\Field@toks=\toks25
Package hyperref Info: Hyper figures OFF on input line 5137.
Package hyperref Info: Link nesting OFF on input line 5142.
Package hyperref Info: Hyper index ON on input line 5145.
Package hyperref Info: backreferencing OFF on input line 5152.
Package hyperref Info: Link coloring OFF on input line 5157.
Package hyperref Info: Link coloring with OCG OFF on input line 5162.
Package hyperref Info: PDF/A mode OFF on input line 5167.
LaTeX Info: Redefining \ref on input line 5207.
LaTeX Info: Redefining \pageref on input line 5211.

(/usr/local/texlive/2010/texmf-dist/tex/generic/oberdiek/atbegshi.sty
Package: atbegshi 2010/03/25 v1.12 At begin shipout hook (HO)
)
\Hy@abspage=\count119
\c@Item=\count120
\c@Hfootnote=\count121
)
* hyperref using default driver hpdftex *
(/usr/local/texlive/2010/texmf-dist/tex/latex/hyperref/hpdftex.def
File: hpdftex.def 2010/06/18 v6.81g Hyperref driver for pdfTeX

(/usr/local/texlive/2010/texmf-dist/tex/latex/oberdiek/atveryend.sty
Package: atveryend 2010/03/24 v1.5 Hooks at very end of document (HO)
Package atveryend Info: \enddocument detected (standard).
)
\Fld@listcount=\count122
\c@bookmark@seq@number=\count123

(/usr/local/texlive/2010/texmf-dist/tex/latex/oberdiek/rerunfilecheck.sty
Package: rerunfilecheck 2010/03/16 v1.6 Rerun checks for auxiliary files (HO)

(/usr/local/texlive/2010/texmf-dist/tex/generic/oberdiek/uniquecounter.sty
Package: uniquecounter 2009/12/18 v1.1 Provides unlimited unique counter (HO)
)
Package uniquecounter Info: New unique counter `rerunfilecheck' on input line 2
71.
)
\Hy@SectionHShift=\skip56
)
(/usr/local/texlive/2010/texmf-dist/tex/latex/lineno/lineno.sty
Package: lineno 2005/11/02 line numbers on paragraphs v4.41
\linenopenalty=\count124
\output=\toks26
\linenoprevgraf=\count125
\linenumbersep=\dimen138
\linenumberwidth=\dimen139
\c@linenumber=\count126
\c@pagewiselinenumber=\count127
\c@LN@truepage=\count128
\c@internallinenumber=\count129
\c@internallinenumbers=\count130
\quotelinenumbersep=\dimen140
\bframerule=\dimen141
\bframesep=\dimen142
\bframebox=\box28
LaTeX Info: Redefining \\ on input line 3056.
)
(./dissertation.aux

LaTeX Warning: Label `fig:total_JEC_50_GeV' multiply defined.


LaTeX Warning: Label `sub@fig:total_JEC_50_GeV' multiply defined.

)
\openout1 = `dissertation.aux'.

LaTeX Font Info:    Checking defaults for OML/cmm/m/it on input line 37.
LaTeX Font Info:    ... okay on input line 37.
LaTeX Font Info:    Checking defaults for T1/cmr/m/n on input line 37.
LaTeX Font Info:    ... okay on input line 37.
LaTeX Font Info:    Checking defaults for OT1/cmr/m/n on input line 37.
LaTeX Font Info:    ... okay on input line 37.
LaTeX Font Info:    Checking defaults for OMS/cmsy/m/n on input line 37.
LaTeX Font Info:    ... okay on input line 37.
LaTeX Font Info:    Checking defaults for OMX/cmex/m/n on input line 37.
LaTeX Font Info:    ... okay on input line 37.
LaTeX Font Info:    Checking defaults for U/cmr/m/n on input line 37.
LaTeX Font Info:    ... okay on input line 37.
LaTeX Font Info:    Checking defaults for PD1/pdf/m/n on input line 37.
LaTeX Font Info:    ... okay on input line 37.
 (/usr/local/texlive/2010/texmf-dist/tex/context/base/supp-pdf.mkii
[Loading MPS to PDF converter (version 2006.09.02).]
\scratchcounter=\count131
\scratchdimen=\dimen143
\scratchbox=\box29
\nofMPsegments=\count132
\nofMParguments=\count133
\everyMPshowfont=\toks27
\MPscratchCnt=\count134
\MPscratchDim=\dimen144
\MPnumerator=\count135
\everyMPtoPDFconversion=\toks28
)
Package caption Info: Begin \AtBeginDocument code.
Package caption3 Info: subfig package 1.2 or 1.3 is loaded.
LaTeX Info: Redefining \subref on input line 37.
Package caption Info: hyperref package is loaded.
Package caption Info: End \AtBeginDocument code.

*geometry* driver: auto-detecting
*geometry* detected driver: pdftex
*geometry* verbose mode - [ preamble ] result:
* driver: pdftex
* paper: letterpaper
* layout: <same size as paper>
* layoutoffset:(h,v)=(0.0pt,0.0pt)
* modes: 
* h-part:(L,W,R)=(108.405pt, 433.62001pt, 72.26999pt)
* v-part:(T,H,B)=(72.26999pt, 650.43001pt, 72.26999pt)
* \paperwidth=614.295pt
* \paperheight=794.96999pt
* \textwidth=433.62001pt
* \textheight=650.43001pt
* \oddsidemargin=36.13501pt
* \evensidemargin=36.13501pt
* \topmargin=-37.0pt
* \headheight=12.0pt
* \headsep=25.0pt
* \topskip=12.0pt
* \footskip=30.0pt
* \marginparwidth=44.0pt
* \marginparsep=10.0pt
* \columnsep=10.0pt
* \skip\footins=10.8pt plus 4.0pt minus 2.0pt
* \hoffset=0.0pt
* \voffset=0.0pt
* \mag=1000
* \@twocolumnfalse
* \@twosidefalse
* \@mparswitchfalse
* \@reversemarginfalse
* (1in=72.27pt=25.4mm, 1cm=28.453pt)

\AtBeginShipoutBox=\box30
Package hyperref Info: Link coloring OFF on input line 37.
(/usr/local/texlive/2010/texmf-dist/tex/latex/hyperref/nameref.sty
Package: nameref 2010/04/30 v2.40 Cross-referencing by name of section

(/usr/local/texlive/2010/texmf-dist/tex/latex/oberdiek/refcount.sty
Package: refcount 2008/08/11 v3.1 Data extraction from references (HO)
)
(/usr/local/texlive/2010/texmf-dist/tex/generic/oberdiek/gettitlestring.sty
Package: gettitlestring 2009/12/18 v1.3 Cleanup title references (HO)
)
\c@section@level=\count136
)
LaTeX Info: Redefining \ref on input line 37.
LaTeX Info: Redefining \pageref on input line 37.
LaTeX Info: Redefining \nameref on input line 37.

(./dissertation.out) (./dissertation.out)
\@outlinefile=\write3
\openout3 = `dissertation.out'.

LaTeX Font Info:    Try loading font information for U+msa on input line 49.

(/usr/local/texlive/2010/texmf-dist/tex/latex/amsfonts/umsa.fd
File: umsa.fd 2009/06/22 v3.00 AMS symbols A
)
LaTeX Font Info:    Try loading font information for U+msb on input line 49.

(/usr/local/texlive/2010/texmf-dist/tex/latex/amsfonts/umsb.fd
File: umsb.fd 2009/06/22 v3.00 AMS symbols B
) [1

{/usr/local/texlive/2010/texmf-var/fonts/map/pdftex/updmap/pdftex.map}] (./diss
ertation.tocpdfTeX warning (ext4): destination with the same identifier (name{p
age.1}) has been already used, duplicate ignored
<to be read again> 
                   \relax 
l.29 ...ne of the Procedure}{60}{subsection.3.1.1}
                                                   [1

])
\tf@toc=\write4
\openout4 = `dissertation.toc'.

 (./ch3.tex [2]
Chapter 1.
[3

]
Underfull \hbox (badness 10000) in paragraph at lines 32--32
[]|\OT1/cmr/m/n/12 Spin-0
 []


Underfull \hbox (badness 10000) in paragraph at lines 32--32
[]|\OT1/cmr/m/n/12 Spin-1/2
 []


Underfull \hbox (badness 1292) in paragraph at lines 32--33
\OML/cmm/m/it/12 SU\OT1/cmr/m/n/12 (3)[] \OMS/cmsy/m/n/12 
 \OML/cmm/m/it/12 SU\OT1/cmr/m/n/12 (2)[] \OMS/cmsy/m/n/12 

 []


Underfull \hbox (badness 10000) in paragraph at lines 35--35
[]|\OT1/cmr/m/n/12 Left-handed
 []


Underfull \hbox (badness 10000) in paragraph at lines 35--35
\OT1/cmr/m/n/12 quark/squark
 []


Underfull \hbox (badness 10000) in paragraph at lines 35--35
\OT1/cmr/m/n/12 dou-blet ($\OMS/cmsy/m/n/12 ^^B$ \OT1/cmr/m/n/12 3
 []


Underfull \hbox (badness 10000) in paragraph at lines 37--37
[]|\OT1/cmr/m/n/12 Right-handed
 []


Underfull \hbox (badness 10000) in paragraph at lines 37--37
\OT1/cmr/m/n/12 up-type
 []


Underfull \hbox (badness 10000) in paragraph at lines 37--37
\OT1/cmr/m/n/12 quark/squark
 []


Underfull \hbox (badness 10000) in paragraph at lines 37--37
\OT1/cmr/m/n/12 sin-glet ($\OMS/cmsy/m/n/12 ^^B$ \OT1/cmr/m/n/12 3
 []


Underfull \hbox (badness 10000) in paragraph at lines 39--39
[]|\OT1/cmr/m/n/12 Right-handed
 []


Underfull \hbox (badness 10000) in paragraph at lines 39--39
\OT1/cmr/m/n/12 down-type
 []


Underfull \hbox (badness 10000) in paragraph at lines 39--39
\OT1/cmr/m/n/12 quark/squark
 []


Underfull \hbox (badness 10000) in paragraph at lines 39--39
\OT1/cmr/m/n/12 sin-glet ($\OMS/cmsy/m/n/12 ^^B$ \OT1/cmr/m/n/12 3
 []


Underfull \hbox (badness 10000) in paragraph at lines 43--43
[]|\OT1/cmr/m/n/12 Right-handed
 []


Underfull \hbox (badness 10000) in paragraph at lines 43--43
\OT1/cmr/m/n/12 lep-ton/slepton
 []


Underfull \hbox (badness 10000) in paragraph at lines 43--43
\OT1/cmr/m/n/12 sin-glet ($\OMS/cmsy/m/n/12 ^^B$ \OT1/cmr/m/n/12 3
 []


Underfull \hbox (badness 10000) in paragraph at lines 45--45
[]|\OT1/cmr/m/n/12 Up-type
 []


Underfull \hbox (badness 10000) in paragraph at lines 45--45
\OT1/cmr/m/n/12 Higgs/Higgsino
 []


Underfull \hbox (badness 10000) in paragraph at lines 47--47
[]|\OT1/cmr/m/n/12 Down-type
 []


Underfull \hbox (badness 10000) in paragraph at lines 47--47
\OT1/cmr/m/n/12 Higgs/Higgsino
 []


Underfull \hbox (badness 10000) in paragraph at lines 30--51
[][]
 []


Underfull \hbox (badness 10000) in paragraph at lines 57--57
[]|\OT1/cmr/m/n/12 Spin-1/2
 []


Underfull \hbox (badness 10000) in paragraph at lines 57--57
[]|\OT1/cmr/m/n/12 Spin-1
 []


Underfull \hbox (badness 1292) in paragraph at lines 57--58
\OML/cmm/m/it/12 SU\OT1/cmr/m/n/12 (3)[] \OMS/cmsy/m/n/12 
 \OML/cmm/m/it/12 SU\OT1/cmr/m/n/12 (2)[] \OMS/cmsy/m/n/12 

 []


Underfull \hbox (badness 10000) in paragraph at lines 55--68
[][]
 []

[4] [5] [6] [7] [8]
LaTeX Font Info:    Try loading font information for OMS+cmr on input line 171.


(/usr/local/texlive/2010/texmf-dist/tex/latex/base/omscmr.fd
File: omscmr.fd 1999/05/25 v2.5h Standard LaTeX font definitions
)
LaTeX Font Info:    Font shape `OMS/cmr/m/n' in size <12> not available
(Font)              Font shape `OMS/cmsy/m/n' tried instead on input line 171.
 [9]
<fermion_mass_terms.pdf, id=284, 199.50676pt x 38.54109pt>
File: fermion_mass_terms.pdf Graphic file (type pdf)

<use fermion_mass_terms.pdf>
<sfermion_mass_term.pdf, id=287, 96.35268pt x 39.10791pt>
File: sfermion_mass_term.pdf Graphic file (type pdf)

<use sfermion_mass_term.pdf>
Underfull \hbox (badness 5985) in paragraph at lines 187--187
[]\OT1/cmr/m/n/10 (b) |Sfermion mass terms.
 []

<Aphiphi_vertex.pdf, id=290, 68.58052pt x 54.97769pt>
File: Aphiphi_vertex.pdf Graphic file (type pdf)
 <use Aphiphi_vertex.pdf>
<Apsipsi_vertex.pdf, id=293, 68.0137pt x 56.67805pt>
File: Apsipsi_vertex.pdf Graphic file (type pdf)
 <use Apsipsi_vertex.pdf>
<Alambdalambda_vertex.pdf, id=296, 68.0137pt x 56.11124pt>
File: Alambdalambda_vertex.pdf Graphic file (type pdf)

<use Alambdalambda_vertex.pdf>
<triple_gauge_boson_vertex.pdf, id=299, 65.74654pt x 55.54451pt>
File: triple_gauge_boson_vertex.pdf Graphic file (type pdf)

<use triple_gauge_boson_vertex.pdf>
<triple_sfermion_vertices.pdf, id=302, 181.36972pt x 61.77911pt>
File: triple_sfermion_vertices.pdf Graphic file (type pdf)

<use triple_sfermion_vertices.pdf>
<phipsipsi_vertices.pdf, id=305, 213.10947pt x 62.34583pt>
File: phipsipsi_vertices.pdf Graphic file (type pdf)

<use phipsipsi_vertices.pdf>
<phipsilambda_vertices.pdf, id=308, 159.26532pt x 54.9778pt>
File: phipsilambda_vertices.pdf Graphic file (type pdf)

<use phipsilambda_vertices.pdf>
<AAphiphi_vertex.pdf, id=311, 67.44688pt x 65.74654pt>
File: AAphiphi_vertex.pdf Graphic file (type pdf)

<use AAphiphi_vertex.pdf>
Underfull \hbox (badness 1442) in paragraph at lines 203--203
[]\OT1/cmr/m/n/10 (j) |$\OML/cmm/m/it/10 AA^^^^^^$ \OT1/cmr/m/n/10 ver-tex.
 []


Underfull \hbox (badness 10000) in paragraph at lines 203--203
\OT1/cmr/m/n/10 Reprinted from
 []

<quadruple_gauge_boson_vertex.pdf, id=314, 65.7466pt x 61.77911pt>
File: quadruple_gauge_boson_vertex.pdf Graphic file (type pdf)

<use quadruple_gauge_boson_vertex.pdf>
Underfull \hbox (badness 10000) in paragraph at lines 205--205
[]\OT1/cmr/m/n/10 (k) |Quadru-ple
 []


Underfull \hbox (badness 10000) in paragraph at lines 205--205
\OT1/cmr/m/n/10 gauge bo-son
 []


Underfull \hbox (badness 1259) in paragraph at lines 205--205
\OT1/cmr/m/n/10 ver-tex. Reprinted
 []

<non-gauge_phi4_vertex.pdf, id=317, 73.68147pt x 66.88007pt>
File: non-gauge_phi4_vertex.pdf Graphic file (type pdf)

<use non-gauge_phi4_vertex.pdf>
Underfull \hbox (badness 10000) in paragraph at lines 207--207
[]\OT1/cmr/m/n/10 (l) |Non-gauge $\OML/cmm/m/it/10 ^^^[]$
 []


Underfull \hbox (badness 10000) in paragraph at lines 207--207
\OT1/cmr/m/n/10 ver-tex. Reprinted
 []

<gauge_phi4_vertex.pdf, id=320, 65.74654pt x 65.17972pt>
File: gauge_phi4_vertex.pdf Graphic file (type pdf)

<use gauge_phi4_vertex.pdf>
Underfull \hbox (badness 10000) in paragraph at lines 209--209
[]\OT1/cmr/m/n/10 (m) |Gauge $\OML/cmm/m/it/10 ^^^[]$
 []


Underfull \hbox (badness 1259) in paragraph at lines 209--209
\OT1/cmr/m/n/10 ver-tex. Reprinted
 []


LaTeX Warning: Float too large for page by 43.27156pt on input line 212.

[10] [11 <./fermion_mass_terms.pdf> <./sfermion_mass_term.pdf> <./Aphiphi_verte
x.pdf> <./Apsipsi_vertex.pdf> <./Alambdalambda_vertex.pdf> <./triple_gauge_boso
n_vertex.pdf> <./triple_sfermion_vertices.pdf> <./phipsipsi_vertices.pdf> <./ph
ipsilambda_vertices.pdf> <./AAphiphi_vertex.pdf> <./quadruple_gauge_boson_verte
x.pdf> <./non-gauge_phi4_vertex.pdf> <./gauge_phi4_vertex.pdf>] [12]
<sfermion_GMSB_mass_terms.pdf, id=741, 370.56622pt x 128.991pt>
File: sfermion_GMSB_mass_terms.pdf Graphic file (type pdf)

<use sfermion_GMSB_mass_terms.pdf>
<gaugino_GMSB_mass_term.pdf, id=744, 172.55376pt x 106.36096pt>
File: gaugino_GMSB_mass_term.pdf Graphic file (type pdf)

<use gaugino_GMSB_mass_term.pdf> [13 <./sfermion_GMSB_mass_terms.pdf> <./gaugin
o_GMSB_mass_term.pdf>] <muegamma.pdf, id=902, 155.01544pt x 68.45575pt>
File: muegamma.pdf Graphic file (type pdf)

<use muegamma.pdf> [14 <./muegamma.pdf>] [15] [16] [17]
<2photons_jets_MET.pdf, id=1052, 482.06343pt x 269.35129pt>
File: 2photons_jets_MET.pdf Graphic file (type pdf)

<use 2photons_jets_MET.pdf>
<bino_photon_jets_MET.pdf, id=1053, 474.51154pt x 258.02351pt>
File: bino_photon_jets_MET.pdf Graphic file (type pdf)

<use bino_photon_jets_MET.pdf>
<lepton_photon_jets_MET.pdf, id=1054, 434.2346pt x 221.52261pt>
File: lepton_photon_jets_MET.pdf Graphic file (type pdf)

<use lepton_photon_jets_MET.pdf>
<wino_photon_jets_MET.pdf, id=1055, 432.976pt x 225.29861pt>
File: wino_photon_jets_MET.pdf Graphic file (type pdf)

<use wino_photon_jets_MET.pdf> [18 <./2photons_jets_MET.pdf> <./bino_photon_jet
s_MET.pdf> <./lepton_photon_jets_MET.pdf> <./wino_photon_jets_MET.pdf>]
<CMS_SUSY_2011Limits_tanb10.pdf, id=2306, 569.12625pt x 408.52625pt>
File: CMS_SUSY_2011Limits_tanb10.pdf Graphic file (type pdf)

<use CMS_SUSY_2011Limits_tanb10.pdf>
<ATLAS_SPS8_limit.pdf, id=2309, 237.8503pt x 228.18147pt>
File: ATLAS_SPS8_limit.pdf Graphic file (type pdf)

<use ATLAS_SPS8_limit.pdf>
Overfull \hbox (2.83424pt too wide) in paragraph at lines 379--379
[][]\OT1/cmr/m/n/12 Removed
 []


Underfull \hbox (badness 10000) in paragraph at lines 379--379
\OT1/cmr/m/n/12 CMS
 []


Underfull \hbox (badness 10000) in paragraph at lines 379--379
\OT1/cmr/m/n/12 Moriond
 []


LaTeX Warning: Reference `fig:ATLAS_GGM_limit' on page 19 undefined on input li
ne 379.

[19 <./CMS_SUSY_2011Limits_tanb10.pdf>]
<CDF_lifetime_vs_mass.pdf, id=2371, 258.02155pt x 197.83792pt>
File: CDF_lifetime_vs_mass.pdf Graphic file (type pdf)

<use CDF_lifetime_vs_mass.pdf> [20 <./ATLAS_SPS8_limit.pdf>] [21 <./CDF_lifetim
e_vs_mass.pdf>]) (./ch6.tex [22]
Chapter 2.
[23

]

LaTeX Warning: Reference `sec:Level 1 and High Level Trigger Systems' on page 2
4 undefined on input line 16.


LaTeX Warning: Reference `sec:Electromagnetic Calorimeter' on page 24 undefined
 on input line 24.

<pulse.jpg, id=2603, 56.3706pt x 52.32349pt>
File: pulse.jpg Graphic file (type jpg)
 <use pulse.jpg> [24]
Underfull \hbox (badness 10000) in paragraph at lines 46--46
[][]\OT1/cmr/m/n/12 Added
 []


Underfull \hbox (badness 10000) in paragraph at lines 46--46
\OT1/cmr/m/n/12 this
 []


Underfull \hbox (badness 10000) in paragraph at lines 46--46
\OT1/cmr/m/n/12 para-
 []


Underfull \hbox (badness 10000) in paragraph at lines 46--46
\OT1/cmr/m/n/12 graph
 []


Underfull \hbox (badness 1502) in paragraph at lines 46--46
\OT1/cmr/m/n/12 and the
 []


Underfull \hbox (badness 10000) in paragraph at lines 46--46
\OT1/cmr/m/n/12 next
 []


Underfull \hbox (badness 10000) in paragraph at lines 46--46
\OT1/cmr/m/n/12 about
 []

[25 <./pulse.jpg>] [26]
<intercalibration.pdf, id=2645, 294.95998pt x 269.55705pt>
File: intercalibration.pdf Graphic file (type pdf)

<use intercalibration.pdf>
Underfull \hbox (badness 10000) in paragraph at lines 76--76
[][]\OT1/cmr/m/n/12 Added
 []


Underfull \hbox (badness 10000) in paragraph at lines 76--76
\OT1/cmr/m/n/12 par-en-
 []


Underfull \hbox (badness 10000) in paragraph at lines 76--76
\OT1/cmr/m/n/12 thet-i-cal
 []

[27 <./intercalibration.pdf>] <hybrid.pdf, id=2766, 426.92136pt x 204.43216pt>
File: hybrid.pdf Graphic file (type pdf)

<use hybrid.pdf>
<Z_mass_vs_corrections.pdf, id=2770, 450.59053pt x 176.26874pt>
File: Z_mass_vs_corrections.pdf Graphic file (type pdf)

<use Z_mass_vs_corrections.pdf>

LaTeX Warning: Citation `Higgs_AN' on page 28 undefined on input line 107.


LaTeX Warning: Citation `Higgs_AN' on page 28 undefined on input line 107.


LaTeX Warning: Citation `Higgs_AN' on page 28 undefined on input line 107.


LaTeX Warning: Citation `Higgs_AN' on page 28 undefined on input line 107.

[28] [29 <./hybrid.pdf> <./Z_mass_vs_corrections.pdf>]
Overfull \hbox (1.0412pt too wide) in paragraph at lines 125--125
[][]\OT1/cmr/m/n/12 Changed[] 
 []

[30]
Overfull \hbox (18.82713pt too wide) in paragraph at lines 135--135
[][]\OT1/cmr/m/n/12 Reorganized
 []


Underfull \hbox (badness 10000) in paragraph at lines 135--135
\OT1/cmr/m/n/12 next 3
 []


Underfull \hbox (badness 10000) in paragraph at lines 135--135
\OT1/cmr/m/n/12 para-
 []


Underfull \hbox (badness 10000) in paragraph at lines 135--135
\OT1/cmr/m/n/12 graphs;
 []


Underfull \hbox (badness 10000) in paragraph at lines 135--135
\OT1/cmr/m/n/12 edited
 []


Underfull \hbox (badness 10000) in paragraph at lines 135--135
\OT1/cmr/m/n/12 Ta-
 []


Underfull \hbox (badness 10000) in paragraph at lines 135--135
\OT1/cmr/m/n/12 ble []2.1[]
 []


Underfull \hbox (badness 10000) in paragraph at lines 159--159
\OT1/cmr/m/n/12 ef-fec-tive
 []

<isolation_cones.pdf, id=2898, 1027.84pt x 770.88pt>
File: isolation_cones.pdf Graphic file (type pdf)
 <use isolation_cones.pdf>
Underfull \hbox (badness 10000) in paragraph at lines 174--174
[][]\OT1/cmr/m/n/12 Added
 []


Underfull \hbox (badness 10000) in paragraph at lines 174--174
\OML/cmm/m/it/12 ^^[[]$
 []


Underfull \hbox (badness 10000) in paragraph at lines 174--174
\OT1/cmr/m/n/12 def-i-ni-
 []

[31]
Overfull \hbox (1.0412pt too wide) in paragraph at lines 182--182
[][]\OT1/cmr/m/n/12 Changed
 []


Underfull \hbox (badness 10000) in paragraph at lines 182--182
\OT1/cmr/m/n/12 av-er-age
 []


Underfull \hbox (badness 10000) in paragraph at lines 182--182
\OML/cmm/m/it/12 ^^Z$\OT1/cmr/m/n/12 ; up-
 []


Underfull \hbox (badness 10000) in paragraph at lines 182--182
\OT1/cmr/m/n/12 dated
 []

[32 <./isolation_cones.pdf>]
<preselected_rho.pdf, id=2943, 569.12625pt x 502.87875pt>
File: preselected_rho.pdf Graphic file (type pdf)

<use preselected_rho.pdf>
<Icomb_optimization.pdf, id=2951, 207.35803pt x 168.12813pt>
File: Icomb_optimization.pdf Graphic file (type pdf)

<use Icomb_optimization.pdf> [33 <./preselected_rho.pdf, page is rotated 90 deg
rees> <./Icomb_optimization.pdf>]
<f_comb_iso_upper_bound_optimization.pdf, id=3137, 443.52649pt x 156.13623pt>
File: f_comb_iso_upper_bound_optimization.pdf Graphic file (type pdf)

<use f_comb_iso_upper_bound_optimization.pdf> [34 <./f_comb_iso_upper_bound_opt
imization.pdf>] [35]
Underfull \hbox (badness 10000) in paragraph at lines 246--246
[][]\OT1/cmr/m/n/12 Fixed
 []

[36]
Underfull \hbox (badness 10000) in paragraph at lines 262--262
[][]\OT1/cmr/m/n/12 Added
 []


Underfull \hbox (badness 10000) in paragraph at lines 262--262
\OT1/cmr/m/n/12 ref-er-
 []


Underfull \hbox (badness 5490) in paragraph at lines 262--262
\OT1/cmr/m/n/12 ence to
 []

<anti-kT.pdf, id=3327, 208.45914pt x 144.62683pt>
File: anti-kT.pdf Graphic file (type pdf)
 <use anti-kT.pdf> [37 <./anti-kT.pdf>] <total_JEC_50_GeV.pdf, id=3424, 191.482
68pt x 188.18124pt>
File: total_JEC_50_GeV.pdf Graphic file (type pdf)

<use total_JEC_50_GeV.pdf>
<total_JEC_200_GeV.pdf, id=3425, 188.73149pt x 188.18124pt>
File: total_JEC_200_GeV.pdf Graphic file (type pdf)

<use total_JEC_200_GeV.pdf>
Overfull \hbox (2.83424pt too wide) in paragraph at lines 337--337
[][]\OT1/cmr/m/n/12 Removed
 []


Underfull \hbox (badness 10000) in paragraph at lines 337--337
\OT1/cmr/m/n/12 ital-ics
 []


Underfull \hbox (badness 10000) in paragraph at lines 337--337
\OT1/cmr/m/n/12 tro-mag-
 []


Underfull \hbox (badness 10000) in paragraph at lines 337--337
\OT1/cmr/m/n/12 netic
 []


Underfull \hbox (badness 10000) in paragraph at lines 337--337
\OT1/cmr/m/n/12 frac-
 []


LaTeX Warning: Reference `sec:Systematic Errors' on page 38 undefined on input 
line 337.

[38] [39] [40 <./total_JEC_50_GeV.pdf> <./total_JEC_200_GeV.pdf>]
<MET_resolution.pdf, id=3613, 255.86049pt x 182.67888pt>
File: MET_resolution.pdf Graphic file (type pdf)

<use MET_resolution.pdf> [41 <./MET_resolution.pdf>]
Underfull \hbox (badness 10000) in paragraph at lines 374--375

 []


Underfull \hbox (badness 10000) in paragraph at lines 374--375

 []


Underfull \hbox (badness 10000) in paragraph at lines 374--375

 []


LaTeX Warning: Reference `sec:Level 1 and High Level Trigger Systems' on page 4
2 undefined on input line 383.


Overfull \hbox (2.02036pt too wide) in paragraph at lines 383--383
[][]\OT1/cmr/m/n/12 Switched
 []


Underfull \hbox (badness 10000) in paragraph at lines 383--383
\OT1/cmr/m/n/12 HLT
 []


Underfull \hbox (badness 10000) in paragraph at lines 383--383
\OT1/cmr/m/n/12 path
 []


Underfull \hbox (badness 10000) in paragraph at lines 383--383
\OT1/cmr/m/n/12 names
 []


Underfull \hbox (badness 10000) in paragraph at lines 383--383
\OT1/cmr/m/n/12 to ver-
 []


Underfull \hbox (badness 10000) in paragraph at lines 383--383
\OT1/cmr/m/n/12 ba-tim
 []


Underfull \hbox (badness 10000) in paragraph at lines 383--383
\OT1/cmr/m/n/12 added
 []


Underfull \hbox (badness 10000) in paragraph at lines 383--383
\OT1/cmr/m/n/12 ref-er-
 []


Underfull \hbox (badness 10000) in paragraph at lines 383--383
\OT1/cmr/m/n/12 ence
 []


Underfull \hbox (badness 10000) in paragraph at lines 383--383
\OT1/cmr/m/n/12 to L1
 []


LaTeX Warning: Reference `sec:Level 1 and High Level Trigger Systems' on page 4
2 undefined on input line 383.

[42]
Overfull \hbox (2.02036pt too wide) in paragraph at lines 390--390
[][]\OT1/cmr/m/n/12 Switched
 []


Underfull \hbox (badness 10000) in paragraph at lines 390--390
\OT1/cmr/m/n/12 HLT
 []


Underfull \hbox (badness 10000) in paragraph at lines 390--390
\OT1/cmr/m/n/12 path
 []


Underfull \hbox (badness 10000) in paragraph at lines 390--390
\OT1/cmr/m/n/12 names
 []


Underfull \hbox (badness 10000) in paragraph at lines 390--390
\OT1/cmr/m/n/12 to ver-
 []


Underfull \hbox (badness 10000) in paragraph at lines 390--390
\OT1/cmr/m/n/12 ba-tim
 []


LaTeX Warning: Marginpar on page 43 moved.


Overfull \hbox (2.02036pt too wide) in paragraph at lines 392--392
[][]\OT1/cmr/m/n/12 Switched
 []


Underfull \hbox (badness 10000) in paragraph at lines 392--392
\OT1/cmr/m/n/12 HLT
 []


Underfull \hbox (badness 10000) in paragraph at lines 392--392
\OT1/cmr/m/n/12 path
 []


Underfull \hbox (badness 10000) in paragraph at lines 392--392
\OT1/cmr/m/n/12 names
 []


Underfull \hbox (badness 10000) in paragraph at lines 392--392
\OT1/cmr/m/n/12 to ver-
 []


Underfull \hbox (badness 10000) in paragraph at lines 392--392
\OT1/cmr/m/n/12 ba-tim
 []


LaTeX Warning: Marginpar on page 43 moved.


Underfull \hbox (badness 10000) in paragraph at lines 394--394
[][]\OT1/cmr/m/n/12 Added
 []


Underfull \hbox (badness 10000) in paragraph at lines 394--394
\OT1/cmr/m/n/12 fi-ciency
 []


Underfull \hbox (badness 10000) in paragraph at lines 394--394
\OT1/cmr/m/n/12 dis-cus-
 []


LaTeX Warning: Marginpar on page 43 moved.

<HLT_efficiency.pdf, id=3693, 447.71896pt x 158.165pt>
File: HLT_efficiency.pdf Graphic file (type pdf)

<use HLT_efficiency.pdf> [43] [44 <./HLT_efficiency.pdf>] [45]
<R45.pdf, id=3879, 1027.84pt x 770.88pt>
File: R45.pdf Graphic file (type pdf)
 <use R45.pdf> [46 <./R45.pdf>]
Overfull \hbox (2.83424pt too wide) in paragraph at lines 454--454
[][]\OT1/cmr/m/n/12 Removed
 []


Underfull \hbox (badness 10000) in paragraph at lines 454--454
\OT1/cmr/m/n/12 ref-er-
 []


Underfull \hbox (badness 5490) in paragraph at lines 454--454
\OT1/cmr/m/n/12 ence to
 []

[47] [48] [49] [50]
Underfull \hbox (badness 10000) in paragraph at lines 587--587
[]|\OT1/cmr/m/n/12 Tag-
 []


Underfull \hbox (badness 10000) in paragraph at lines 587--587
\OT1/cmr/m/n/12 pass
 []


Underfull \hbox (badness 10000) in paragraph at lines 587--587
[]|\OT1/cmr/m/n/12 [-1.0,
 []


Underfull \hbox (badness 10000) in paragraph at lines 587--587
[]|\OT1/cmr/m/n/12 [1.0,
 []


Underfull \hbox (badness 10000) in paragraph at lines 589--589
[]|\OT1/cmr/m/n/12 Tag-
 []


Underfull \hbox (badness 10000) in paragraph at lines 589--589
\OT1/cmr/m/n/12 fail
 []


Underfull \hbox (badness 10000) in paragraph at lines 589--589
[]|\OT1/cmr/m/n/12 [-1.0,
 []


Underfull \hbox (badness 10000) in paragraph at lines 589--589
[]|\OT1/cmr/m/n/12 [1.0,
 []


Underfull \hbox (badness 10000) in paragraph at lines 591--591
[]|\OT1/cmr/m/n/12 Tag-
 []


Underfull \hbox (badness 10000) in paragraph at lines 591--591
\OT1/cmr/m/n/12 pass
 []


Underfull \hbox (badness 10000) in paragraph at lines 591--591
\OT1/cmr/m/n/12 back-
 []


Overfull \hbox (2.94756pt too wide) in paragraph at lines 591--591
[]|\OT1/cmr/m/n/12 0.04750| 
 []


Overfull \hbox (2.94756pt too wide) in paragraph at lines 591--592
[]|\OT1/cmr/m/n/12 0.01908| 
 []


Underfull \hbox (badness 10000) in paragraph at lines 593--593
[]|\OT1/cmr/m/n/12 Tag-
 []


Underfull \hbox (badness 10000) in paragraph at lines 593--593
\OT1/cmr/m/n/12 fail
 []


Underfull \hbox (badness 10000) in paragraph at lines 593--593
\OT1/cmr/m/n/12 back-
 []


Underfull \hbox (badness 10000) in paragraph at lines 593--593
[]|\OT1/cmr/m/n/12 [50.0,
 []


Underfull \hbox (badness 10000) in paragraph at lines 599--599
[][]\OT1/cmr/m/n/12 Added
 []

<low_ET_bin_data.pdf, id=4029, 569.12625pt x 385.44pt>
File: low_ET_bin_data.pdf Graphic file (type pdf)

<use low_ET_bin_data.pdf> <low_ET_bin_MC.pdf, id=4030, 569.12625pt x 385.44pt>
File: low_ET_bin_MC.pdf Graphic file (type pdf)

<use low_ET_bin_MC.pdf>
<mid-eta_bin_data.pdf, id=4031, 569.12625pt x 385.44pt>
File: mid-eta_bin_data.pdf Graphic file (type pdf)

<use mid-eta_bin_data.pdf>
<mid-eta_bin_MC.pdf, id=4032, 569.12625pt x 385.44pt>
File: mid-eta_bin_MC.pdf Graphic file (type pdf)
 <use mid-eta_bin_MC.pdf>

Package hyperref Warning: Token not allowed in a PDF string (PDFDocEncoding):
(hyperref)                removing `math shift' on input line 619.


Package hyperref Warning: Token not allowed in a PDF string (PDFDocEncoding):
(hyperref)                removing `\epsilon' on input line 619.


Package hyperref Warning: Token not allowed in a PDF string (PDFDocEncoding):
(hyperref)                removing `subscript' on input line 619.


Package hyperref Warning: Token not allowed in a PDF string (PDFDocEncoding):
(hyperref)                removing `superscript' on input line 619.


Package hyperref Warning: Token not allowed in a PDF string (PDFDocEncoding):
(hyperref)                removing `\epsilon' on input line 619.


Package hyperref Warning: Token not allowed in a PDF string (PDFDocEncoding):
(hyperref)                removing `subscript' on input line 619.


Package hyperref Warning: Token not allowed in a PDF string (PDFDocEncoding):
(hyperref)                removing `superscript' on input line 619.


Package hyperref Warning: Token not allowed in a PDF string (PDFDocEncoding):
(hyperref)                removing `math shift' on input line 619.

[51] [52 <./low_ET_bin_data.pdf, page is rotated 90 degrees> <./low_ET_bin_MC.p
df, page is rotated 90 degrees>]
<scale_factor_vs_ET.pdf, id=4137, 569.12625pt x 569.12625pt>
File: scale_factor_vs_ET.pdf Graphic file (type pdf)

<use scale_factor_vs_ET.pdf>
<scale_factor_vs_eta.pdf, id=4138, 569.12625pt x 569.12625pt>
File: scale_factor_vs_eta.pdf Graphic file (type pdf)

<use scale_factor_vs_eta.pdf>
<scale_factor_vs_Njet.pdf, id=4139, 569.12625pt x 569.12625pt>
File: scale_factor_vs_Njet.pdf Graphic file (type pdf)

<use scale_factor_vs_Njet.pdf>
<eff_vs_NPV.pdf, id=4142, 569.12625pt x 569.12625pt>
File: eff_vs_NPV.pdf Graphic file (type pdf)
 <use eff_vs_NPV.pdf>
<scale_factor_vs_NPV.pdf, id=4143, 569.12625pt x 569.12625pt>
File: scale_factor_vs_NPV.pdf Graphic file (type pdf)

<use scale_factor_vs_NPV.pdf>
Underfull \hbox (badness 10000) in paragraph at lines 648--648
[][]\OT1/cmr/m/n/12 Official
 []


Underfull \hbox (badness 10000) in paragraph at lines 648--648
\OT1/cmr/m/n/12 re-sult
 []


Underfull \hbox (badness 10000) in paragraph at lines 648--648
\OT1/cmr/m/n/12 syst.
 []


Underfull \hbox (badness 10000) in paragraph at lines 648--648
\OT1/cmr/m/n/12 recheck-
 []


Underfull \hbox (badness 10000) in paragraph at lines 648--648
\OT1/cmr/m/n/12 ing
 []


Overfull \hbox (0.22786pt too wide) in paragraph at lines 648--649
[]\OT1/cmr/m/n/12 The scale fac-tor is mea-sured to be $\OML/cmm/m/it/12 ^^O[]=
^^O[] \OT1/cmr/m/n/12 = 0\OML/cmm/m/it/12 :\OT1/cmr/m/n/12 994[] \OMS/cmsy/m/n/
12 ^^F []\OT1/cmr/m/n/12 0\OML/cmm/m/it/12 :\OT1/cmr/m/n/12 002[] \OMS/cmsy/m/n
/12 ^^F []\OT1/cmr/m/n/12 0\OML/cmm/m/it/12 :\OT1/cmr/m/n/12 035$(syst.).
 []

[53 <./mid-eta_bin_data.pdf, page is rotated 90 degrees> <./mid-eta_bin_MC.pdf,
 page is rotated 90 degrees>] [54 <./scale_factor_vs_ET.pdf> <./scale_factor_vs
_eta.pdf> <./scale_factor_vs_Njet.pdf> <./eff_vs_NPV.pdf> <./scale_factor_vs_NP
V.pdf>]
Overfull \hbox (6.26337pt too wide) in paragraph at lines 652--652
[][]\OT1/cmr/m/n/12 Corrected
 []


Underfull \hbox (badness 1755) in paragraph at lines 652--652
\OT1/cmr/m/n/12 some of
 []


Underfull \hbox (badness 10000) in paragraph at lines 652--652
\OT1/cmr/m/n/12 these
 []

) (./ch7.tex [55]
Chapter 3.
[56

] <dijet_cropped.pdf, id=4485, 428.03201pt x 109.824pt>
File: dijet_cropped.pdf Graphic file (type pdf)

<use dijet_cropped.pdf> <qg_to_qa.pdf, id=4486, 117.33125pt x 100.43553pt>
File: qg_to_qa.pdf Graphic file (type pdf)

<use qg_to_qa.pdf> <diphoton_cropped.pdf, id=4487, 279.72266pt x 106.06927pt>
File: diphoton_cropped.pdf Graphic file (type pdf)

<use diphoton_cropped.pdf>
<Zgamma_cropped.pdf, id=4488, 288.17068pt x 109.824pt>
File: Zgamma_cropped.pdf Graphic file (type pdf)

<use Zgamma_cropped.pdf>
<qq_to_W_to_enu_to_enua.pdf, id=4489, 132.34966pt x 103.25154pt>
File: qq_to_W_to_enu_to_enua.pdf Graphic file (type pdf)

<use qq_to_W_to_enu_to_enua.pdf>
<qg_to_qW_to_qenu.pdf, id=4490, 134.22696pt x 109.82205pt>
File: qg_to_qW_to_qenu.pdf Graphic file (type pdf)

<use qg_to_qW_to_qenu.pdf>
<gg_to_tt_to_WbWb_to_ffbenub_to_ffbenuba.pdf, id=4491, 245.92638pt x 194.3005pt
>
File: gg_to_tt_to_WbWb_to_ffbenub_to_ffbenuba.pdf Graphic file (type pdf)
 <use gg_to_tt_to_WbWb_to_ffbenub_to_ffbenuba.pdf> [57] [58 <./dijet_cropped.pd
f> <./qg_to_qa.pdf> <./diphoton_cropped.pdf> <./Zgamma_cropped.pdf>] [59 <./qq_
to_W_to_enu_to_enua.pdf> <./qg_to_qW_to_qenu.pdf> <./gg_to_tt_to_WbWb_to_ffbenu
b_to_ffbenuba.pdf>] [60]
<hadronic_activity_HT.pdf, id=4834, 511.9125pt x 739.76375pt>
File: hadronic_activity_HT.pdf Graphic file (type pdf)

<use hadronic_activity_HT.pdf>
<hadronic_activity_Nj.pdf, id=4837, 511.9125pt x 739.76375pt>
File: hadronic_activity_Nj.pdf Graphic file (type pdf)

<use hadronic_activity_Nj.pdf>
Underfull \hbox (badness 1571) in paragraph at lines 130--130
\OT1/cmr/m/n/10 for jets de-fined as in Ta-
 []

<hadronic_activity_MHT.pdf, id=4840, 511.9125pt x 739.76375pt>
File: hadronic_activity_MHT.pdf Graphic file (type pdf)

<use hadronic_activity_MHT.pdf>
<hadronic_activity_j1ET.pdf, id=4843, 511.9125pt x 739.76375pt>
File: hadronic_activity_j1ET.pdf Graphic file (type pdf)

<use hadronic_activity_j1ET.pdf>
<hadronic_activity_rho.pdf, id=4846, 511.9125pt x 739.76375pt>
File: hadronic_activity_rho.pdf Graphic file (type pdf)

<use hadronic_activity_rho.pdf>
Underfull \hbox (badness 1275) in paragraph at lines 136--136
\OT1/cmr/m/n/10 den-sity in the calorime-ters
 []

<hadronic_activity_nPV.pdf, id=4849, 511.9125pt x 739.76375pt>
File: hadronic_activity_nPV.pdf Graphic file (type pdf)

<use hadronic_activity_nPV.pdf>
Overfull \hbox (36.4566pt too wide) in paragraph at lines 148--174
 [][] 
 []

<di-EM_pT_cartoon.pdf, id=4860, 543.38904pt x 346.39664pt>
File: di-EM_pT_cartoon.pdf Graphic file (type pdf)

<use di-EM_pT_cartoon.pdf>
<gg_MET_vs_di-EM_pT.pdf, id=4861, 569.12625pt x 502.87875pt>
File: gg_MET_vs_di-EM_pT.pdf Graphic file (type pdf)

<use gg_MET_vs_di-EM_pT.pdf>
<ee_MET_vs_di-EM_pT.pdf, id=4862, 569.12625pt x 502.87875pt>
File: ee_MET_vs_di-EM_pT.pdf Graphic file (type pdf)

<use ee_MET_vs_di-EM_pT.pdf>
<ff_MET_vs_di-EM_pT.pdf, id=4863, 569.12625pt x 502.87875pt>
File: ff_MET_vs_di-EM_pT.pdf Graphic file (type pdf)

<use ff_MET_vs_di-EM_pT.pdf> [61] [62 <./hadronic_activity_HT.pdf> <./hadronic_
activity_Nj.pdf> <./hadronic_activity_MHT.pdf> <./hadronic_activity_j1ET.pdf> <
./hadronic_activity_rho.pdf> <./hadronic_activity_nPV.pdf>] [63 <./di-EM_pT_car
toon.pdf>]
<ee_dijet_pT_and_Nj_vs_dijet_pT_reweighting.pdf, id=5194, 569.12625pt x 546.04p
t>
File: ee_dijet_pT_and_Nj_vs_dijet_pT_reweighting.pdf Graphic file (type pdf)
 <use ee_dijet_pT_and_Nj_vs_dijet_pT_reweighting.pdf>
<ff_dijet_pT_and_Nj_vs_dijet_pT_reweighting.pdf, id=5195, 569.12625pt x 546.04p
t>
File: ff_dijet_pT_and_Nj_vs_dijet_pT_reweighting.pdf Graphic file (type pdf)
 <use ff_dijet_pT_and_Nj_vs_dijet_pT_reweighting.pdf>
<ee_over_ff_dijet_pT_and_Nj_vs_dijet_pT_reweighting.pdf, id=5196, 569.12625pt x
 259.97125pt>
File: ee_over_ff_dijet_pT_and_Nj_vs_dijet_pT_reweighting.pdf Graphic file (type
 pdf)
 <use ee_over_ff_dijet_pT_and_Nj_vs_dijet_pT_reweighting.pdf>
<ee_over_ff_dijet_pT_and_Nj_vs_dijet_pT_reweighting_zoom.pdf, id=5197, 569.1262
5pt x 259.97125pt>
File: ee_over_ff_dijet_pT_and_Nj_vs_dijet_pT_reweighting_zoom.pdf Graphic file 
(type pdf)

<use ee_over_ff_dijet_pT_and_Nj_vs_dijet_pT_reweighting_zoom.pdf>
<4684pb-1_eLeading_ETBias_log.pdf, id=5205, 569.12625pt x 546.04pt>
File: 4684pb-1_eLeading_ETBias_log.pdf Graphic file (type pdf)

<use 4684pb-1_eLeading_ETBias_log.pdf>
<4684pb-1_eTrailing_ETBias_log.pdf, id=5206, 569.12625pt x 546.04pt>
File: 4684pb-1_eTrailing_ETBias_log.pdf Graphic file (type pdf)

<use 4684pb-1_eTrailing_ETBias_log.pdf>
<4684pb-1_fLeading_ETBias_log.pdf, id=5207, 569.12625pt x 546.04pt>
File: 4684pb-1_fLeading_ETBias_log.pdf Graphic file (type pdf)

<use 4684pb-1_fLeading_ETBias_log.pdf>
<4684pb-1_fTrailing_ETBias_log.pdf, id=5208, 569.12625pt x 546.04pt>
File: 4684pb-1_fTrailing_ETBias_log.pdf Graphic file (type pdf)

<use 4684pb-1_fTrailing_ETBias_log.pdf>
<4684pb-1_gLeading_ETBias_log.pdf, id=5209, 569.12625pt x 546.04pt>
File: 4684pb-1_gLeading_ETBias_log.pdf Graphic file (type pdf)

<use 4684pb-1_gLeading_ETBias_log.pdf>
<4684pb-1_gTrailing_ETBias_log.pdf, id=5210, 569.12625pt x 546.04pt>
File: 4684pb-1_gTrailing_ETBias_log.pdf Graphic file (type pdf)

<use 4684pb-1_gTrailing_ETBias_log.pdf>
<4684pb-1_single_ETBias.pdf, id=5211, 569.12625pt x 546.04pt>
File: 4684pb-1_single_ETBias.pdf Graphic file (type pdf)

<use 4684pb-1_single_ETBias.pdf>
<ee_di-EM_vs_dijet_pT_reweighting.pdf, id=5214, 569.12625pt x 546.04pt>
File: ee_di-EM_vs_dijet_pT_reweighting.pdf Graphic file (type pdf)

<use ee_di-EM_vs_dijet_pT_reweighting.pdf>
<ff_di-EM_vs_dijet_pT_reweighting.pdf, id=5215, 569.12625pt x 546.04pt>
File: ff_di-EM_vs_dijet_pT_reweighting.pdf Graphic file (type pdf)

<use ff_di-EM_vs_dijet_pT_reweighting.pdf>
<ee_over_ff_di-EM_vs_dijet_pT_reweighting.pdf, id=5216, 569.12625pt x 259.97125
pt>
File: ee_over_ff_di-EM_vs_dijet_pT_reweighting.pdf Graphic file (type pdf)
 <use ee_over_ff_di-EM_vs_dijet_pT_reweighting.pdf>
<ee_over_ff_di-EM_vs_dijet_pT_reweighting_zoom.pdf, id=5217, 569.12625pt x 259.
97125pt>
File: ee_over_ff_di-EM_vs_dijet_pT_reweighting_zoom.pdf Graphic file (type pdf)

 <use ee_over_ff_di-EM_vs_dijet_pT_reweighting_zoom.pdf> [64 <./gg_MET_vs_di-EM
_pT.pdf, page is rotated 90 degrees> <./ee_MET_vs_di-EM_pT.pdf, page is rotated
 90 degrees> <./ff_MET_vs_di-EM_pT.pdf, page is rotated 90 degrees>]
[65 <./ee_dijet_pT_and_Nj_vs_dijet_pT_reweighting.pdf, page is rotated 90 degre
es> <./ff_dijet_pT_and_Nj_vs_dijet_pT_reweighting.pdf, page is rotated 90 degre
es> <./ee_over_ff_dijet_pT_and_Nj_vs_dijet_pT_reweighting.pdf, page is rotated 
90 degrees> <./ee_over_ff_dijet_pT_and_Nj_vs_dijet_pT_reweighting_zoom.pdf, pag
e is rotated 90 degrees>] [66 <./4684pb-1_eLeading_ETBias_log.pdf, page is rota
ted 90 degrees> <./4684pb-1_eTrailing_ETBias_log.pdf, page is rotated 90 degree
s> <./4684pb-1_fLeading_ETBias_log.pdf, page is rotated 90 degrees> <./4684pb-1
_fTrailing_ETBias_log.pdf, page is rotated 90 degrees> <./4684pb-1_gLeading_ETB
ias_log.pdf, page is rotated 90 degrees> <./4684pb-1_gTrailing_ETBias_log.pdf, 
page is rotated 90 degrees>] [67 <./4684pb-1_single_ETBias.pdf, page is rotated
 90 degrees>] [68 <./ee_di-EM_vs_dijet_pT_reweighting.pdf, page is rotated 90 d
egrees> <./ff_di-EM_vs_dijet_pT_reweighting.pdf, page is rotated 90 degrees> <.
/ee_over_ff_di-EM_vs_dijet_pT_reweighting.pdf, page is rotated 90 degrees> <./e
e_over_ff_di-EM_vs_dijet_pT_reweighting_zoom.pdf, page is rotated 90 degrees>]
<ee_dijet_pT_and_Nj_vs_no_reweighting.pdf, id=6040, 569.12625pt x 546.04pt>
File: ee_dijet_pT_and_Nj_vs_no_reweighting.pdf Graphic file (type pdf)

<use ee_dijet_pT_and_Nj_vs_no_reweighting.pdf>
<ff_dijet_pT_and_Nj_vs_no_reweighting.pdf, id=6041, 569.12625pt x 546.04pt>
File: ff_dijet_pT_and_Nj_vs_no_reweighting.pdf Graphic file (type pdf)

<use ff_dijet_pT_and_Nj_vs_no_reweighting.pdf>
<ee_over_ff_dijet_pT_and_Nj_vs_no_reweighting.pdf, id=6042, 569.12625pt x 259.9
7125pt>
File: ee_over_ff_dijet_pT_and_Nj_vs_no_reweighting.pdf Graphic file (type pdf)
 <use ee_over_ff_dijet_pT_and_Nj_vs_no_reweighting.pdf>
<ee_over_ff_dijet_pT_and_Nj_vs_no_reweighting_zoom.pdf, id=6043, 569.12625pt x 
259.97125pt>
File: ee_over_ff_dijet_pT_and_Nj_vs_no_reweighting_zoom.pdf Graphic file (type 
pdf)
 <use ee_over_ff_dijet_pT_and_Nj_vs_no_reweighting_zoom.pdf>
[69 <./ee_dijet_pT_and_Nj_vs_no_reweighting.pdf, page is rotated 90 degrees> <.
/ff_dijet_pT_and_Nj_vs_no_reweighting.pdf, page is rotated 90 degrees> <./ee_ov
er_ff_dijet_pT_and_Nj_vs_no_reweighting.pdf, page is rotated 90 degrees> <./ee_
over_ff_dijet_pT_and_Nj_vs_no_reweighting_zoom.pdf, page is rotated 90 degrees>
] <eeLowSideband_0_jet_dijet_pT_weights.pdf, id=6233, 569.12625pt x 546.04pt>
File: eeLowSideband_0_jet_dijet_pT_weights.pdf Graphic file (type pdf)

<use eeLowSideband_0_jet_dijet_pT_weights.pdf>
<eeLowSideband_1_jet_dijet_pT_weights.pdf, id=6234, 569.12625pt x 546.04pt>
File: eeLowSideband_1_jet_dijet_pT_weights.pdf Graphic file (type pdf)

<use eeLowSideband_1_jet_dijet_pT_weights.pdf>
<eeLowSideband_2_jet_dijet_pT_weights.pdf, id=6235, 569.12625pt x 546.04pt>
File: eeLowSideband_2_jet_dijet_pT_weights.pdf Graphic file (type pdf)

<use eeLowSideband_2_jet_dijet_pT_weights.pdf>
<eeHighSideband_0_jet_dijet_pT_weights.pdf, id=6236, 569.12625pt x 546.04pt>
File: eeHighSideband_0_jet_dijet_pT_weights.pdf Graphic file (type pdf)

<use eeHighSideband_0_jet_dijet_pT_weights.pdf>
<eeHighSideband_1_jet_dijet_pT_weights.pdf, id=6237, 569.12625pt x 546.04pt>
File: eeHighSideband_1_jet_dijet_pT_weights.pdf Graphic file (type pdf)

<use eeHighSideband_1_jet_dijet_pT_weights.pdf>
<eeHighSideband_2_jet_dijet_pT_weights.pdf, id=6238, 569.12625pt x 546.04pt>
File: eeHighSideband_2_jet_dijet_pT_weights.pdf Graphic file (type pdf)

<use eeHighSideband_2_jet_dijet_pT_weights.pdf>
<all_ee_MET_spectra.pdf, id=6241, 569.12625pt x 546.04pt>
File: all_ee_MET_spectra.pdf Graphic file (type pdf)

<use all_ee_MET_spectra.pdf> [70] [71 <./eeLowSideband_0_jet_dijet_pT_weights.p
df, page is rotated 90 degrees> <./eeLowSideband_1_jet_dijet_pT_weights.pdf, pa
ge is rotated 90 degrees> <./eeLowSideband_2_jet_dijet_pT_weights.pdf, page is 
rotated 90 degrees> <./eeHighSideband_0_jet_dijet_pT_weights.pdf, page is rotat
ed 90 degrees> <./eeHighSideband_1_jet_dijet_pT_weights.pdf, page is rotated 90
 degrees> <./eeHighSideband_2_jet_dijet_pT_weights.pdf, page is rotated 90 degr
ees> <./all_ee_MET_spectra.pdf, page is rotated 90 degrees>]
<0_jet_dijet_pT.pdf, id=6564, 569.12625pt x 546.04pt>
File: 0_jet_dijet_pT.pdf Graphic file (type pdf)
 <use 0_jet_dijet_pT.pdf>
<1_jet_dijet_pT.pdf, id=6565, 569.12625pt x 546.04pt>
File: 1_jet_dijet_pT.pdf Graphic file (type pdf)
 <use 1_jet_dijet_pT.pdf>
<2_jet_dijet_pT.pdf, id=6566, 569.12625pt x 546.04pt>
File: 2_jet_dijet_pT.pdf Graphic file (type pdf)
 <use 2_jet_dijet_pT.pdf>
<ee_0_jet_dijet_pT_weights.pdf, id=6569, 569.12625pt x 546.04pt>
File: ee_0_jet_dijet_pT_weights.pdf Graphic file (type pdf)

<use ee_0_jet_dijet_pT_weights.pdf>
<ee_1_jet_dijet_pT_weights.pdf, id=6570, 569.12625pt x 546.04pt>
File: ee_1_jet_dijet_pT_weights.pdf Graphic file (type pdf)

<use ee_1_jet_dijet_pT_weights.pdf>
<ee_2_jet_dijet_pT_weights.pdf, id=6571, 569.12625pt x 546.04pt>
File: ee_2_jet_dijet_pT_weights.pdf Graphic file (type pdf)

<use ee_2_jet_dijet_pT_weights.pdf>
<ff_0_jet_dijet_pT_weights.pdf, id=6572, 569.12625pt x 546.04pt>
File: ff_0_jet_dijet_pT_weights.pdf Graphic file (type pdf)

<use ff_0_jet_dijet_pT_weights.pdf>
<ff_1_jet_dijet_pT_weights.pdf, id=6573, 569.12625pt x 546.04pt>
File: ff_1_jet_dijet_pT_weights.pdf Graphic file (type pdf)

<use ff_1_jet_dijet_pT_weights.pdf>
<ff_2_jet_dijet_pT_weights.pdf, id=6574, 569.12625pt x 546.04pt>
File: ff_2_jet_dijet_pT_weights.pdf Graphic file (type pdf)

<use ff_2_jet_dijet_pT_weights.pdf> [72 <./0_jet_dijet_pT.pdf, page is rotated 
90 degrees> <./1_jet_dijet_pT.pdf, page is rotated 90 degrees> <./2_jet_dijet_p
T.pdf, page is rotated 90 degrees>] [73 <./ee_0_jet_dijet_pT_weights.pdf, page 
is rotated 90 degrees> <./ee_1_jet_dijet_pT_weights.pdf, page is rotated 90 deg
rees> <./ee_2_jet_dijet_pT_weights.pdf, page is rotated 90 degrees> <./ff_0_jet
_dijet_pT_weights.pdf, page is rotated 90 degrees> <./ff_1_jet_dijet_pT_weights
.pdf, page is rotated 90 degrees> <./ff_2_jet_dijet_pT_weights.pdf, page is rot
ated 90 degrees>]
Underfull \hbox (badness 10000) in paragraph at lines 394--394
[]|\OT1/cmr/m/n/12 [86.2,
 []


Underfull \hbox (badness 10000) in paragraph at lines 394--394
[]|\OT1/cmr/m/n/12 [1.0,
 []


Underfull \hbox (badness 10000) in paragraph at lines 396--396
[]|\OT1/cmr/m/n/12 [86.2,
 []


Underfull \hbox (badness 10000) in paragraph at lines 396--396
[]|\OT1/cmr/m/n/12 [1.0,
 []


Underfull \hbox (badness 10000) in paragraph at lines 398--398
[]|$\OML/cmm/m/it/12 ee$
 []


Underfull \hbox (badness 10000) in paragraph at lines 398--398
\OT1/cmr/m/n/12 back-
 []


Underfull \hbox (badness 10000) in paragraph at lines 400--400
[]|$\OML/cmm/m/it/12 e^^M$
 []


Underfull \hbox (badness 10000) in paragraph at lines 400--400
\OT1/cmr/m/n/12 back-
 []

[74] <mee_fit.pdf, id=7002, 569.12625pt x 546.04pt>
File: mee_fit.pdf Graphic file (type pdf)
 <use mee_fit.pdf>
<meg_fit.pdf, id=7003, 569.12625pt x 546.04pt>
File: meg_fit.pdf Graphic file (type pdf)
 <use meg_fit.pdf>
<feg_vs_pT.pdf, id=7006, 569.12625pt x 546.04pt>
File: feg_vs_pT.pdf Graphic file (type pdf)
 <use feg_vs_pT.pdf>
<feg_vs_eta.pdf, id=7009, 569.12625pt x 546.04pt>
File: feg_vs_eta.pdf Graphic file (type pdf)
 <use feg_vs_eta.pdf>
<eg_MET.pdf, id=7013, 569.12625pt x 546.04pt>
File: eg_MET.pdf Graphic file (type pdf)
 <use eg_MET.pdf>
<35pb-1_eg_closure_test.pdf, id=7016, 569.12625pt x 408.52625pt>
File: 35pb-1_eg_closure_test.pdf Graphic file (type pdf)

<use 35pb-1_eg_closure_test.pdf> [75 <./mee_fit.pdf, page is rotated 90 degrees
> <./meg_fit.pdf, page is rotated 90 degrees>] [76 <./feg_vs_pT.pdf, page is ro
tated 90 degrees> <./feg_vs_eta.pdf, page is rotated 90 degrees>] [77 <./eg_MET
.pdf, page is rotated 90 degrees> <./35pb-1_eg_closure_test.pdf>] [78] [79]
<avg_MET_vs_di-EM_pT.pdf, id=7276, 569.12625pt x 502.87875pt>
File: avg_MET_vs_di-EM_pT.pdf Graphic file (type pdf)

<use avg_MET_vs_di-EM_pT.pdf> [80]
Underfull \hbox (badness 10000) in paragraph at lines 500--500
[][]\OT1/cmr/m/n/12 Added
 []


Underfull \hbox (badness 10000) in paragraph at lines 500--500
\OT1/cmr/m/n/12 this
 []


Underfull \hbox (badness 10000) in paragraph at lines 500--500
\OT1/cmr/m/n/12 para-
 []

[81 <./avg_MET_vs_di-EM_pT.pdf, page is rotated 90 degrees>]
<mee_bkg_shape_error.pdf, id=7334, 511.9125pt x 739.76375pt>
File: mee_bkg_shape_error.pdf Graphic file (type pdf)

<use mee_bkg_shape_error.pdf>
<ee_di-EM_pT_bin_size_comparison.pdf, id=7336, 569.12625pt x 546.04pt>
File: ee_di-EM_pT_bin_size_comparison.pdf Graphic file (type pdf)

<use ee_di-EM_pT_bin_size_comparison.pdf>
<ff_di-EM_pT_bin_size_comparison.pdf, id=7337, 569.12625pt x 546.04pt>
File: ff_di-EM_pT_bin_size_comparison.pdf Graphic file (type pdf)

<use ff_di-EM_pT_bin_size_comparison.pdf> [82 <./mee_bkg_shape_error.pdf>]
[83 <./ee_di-EM_pT_bin_size_comparison.pdf, page is rotated 90 degrees> <./ff_d
i-EM_pT_bin_size_comparison.pdf, page is rotated 90 degrees>]
<gg_over_ee_Type-I_MET_corrections_vs_uncorrected_MET_zoom.pdf, id=7485, 569.12
625pt x 259.97125pt>
File: gg_over_ee_Type-I_MET_corrections_vs_uncorrected_MET_zoom.pdf Graphic fil
e (type pdf)

<use gg_over_ee_Type-I_MET_corrections_vs_uncorrected_MET_zoom.pdf>
<gg_over_ff_Type-I_MET_corrections_vs_uncorrected_MET_zoom.pdf, id=7486, 569.12
625pt x 259.97125pt>
File: gg_over_ff_Type-I_MET_corrections_vs_uncorrected_MET_zoom.pdf Graphic fil
e (type pdf)

<use gg_over_ff_Type-I_MET_corrections_vs_uncorrected_MET_zoom.pdf>
<ee_over_ff_Type-I_MET_corrections_vs_uncorrected_MET_zoom.pdf, id=7487, 569.12
625pt x 259.97125pt>
File: ee_over_ff_Type-I_MET_corrections_vs_uncorrected_MET_zoom.pdf Graphic fil
e (type pdf)

<use ee_over_ff_Type-I_MET_corrections_vs_uncorrected_MET_zoom.pdf> [84 <./gg_o
ver_ee_Type-I_MET_corrections_vs_uncorrected_MET_zoom.pdf, page is rotated 90 d
egrees> <./gg_over_ff_Type-I_MET_corrections_vs_uncorrected_MET_zoom.pdf, page 
is rotated 90 degrees> <./ee_over_ff_Type-I_MET_corrections_vs_uncorrected_MET_
zoom.pdf, page is rotated 90 degrees>] [85]
<MET_final_ee_ff_eg.pdf, id=7647, 511.9125pt x 739.76375pt>
File: MET_final_ee_ff_eg.pdf Graphic file (type pdf)

<use MET_final_ee_ff_eg.pdf>
<MET_final_ff_eg.pdf, id=7650, 511.9125pt x 739.76375pt>
File: MET_final_ff_eg.pdf Graphic file (type pdf)

<use MET_final_ff_eg.pdf>
<MET_final_ee_ff_eg_geq1.pdf, id=7653, 511.9125pt x 739.76375pt>
File: MET_final_ee_ff_eg_geq1.pdf Graphic file (type pdf)

<use MET_final_ee_ff_eg_geq1.pdf>
<MET_final_ff_eg_geq1.pdf, id=7656, 511.9125pt x 739.76375pt>
File: MET_final_ff_eg_geq1.pdf Graphic file (type pdf)

<use MET_final_ff_eg_geq1.pdf>
Overfull \hbox (1.8265pt too wide) in paragraph at lines 778--795
 [][] 
 []


Overfull \hbox (1.8265pt too wide) in paragraph at lines 800--817
 [][] 
 []

) (./ch8.tex [86 <./MET_final_ee_ff_eg.pdf> <./MET_final_ff_eg.pdf>] [87]
[88 <./MET_final_ee_ff_eg_geq1.pdf> <./MET_final_ff_eg_geq1.pdf>] [89]
Chapter 4.
[90

] [91]
<can_xsec_bino_mN375_met100_nojet.pdf, id=7906, 569.12625pt x 440.64626pt>
File: can_xsec_bino_mN375_met100_nojet.pdf Graphic file (type pdf)

<use can_xsec_bino_mN375_met100_nojet.pdf>
<can_xsec_wino_mN375_met100_nojet.pdf, id=7907, 569.12625pt x 440.64626pt>
File: can_xsec_wino_mN375_met100_nojet.pdf Graphic file (type pdf)

<use can_xsec_wino_mN375_met100_nojet.pdf>
<can_xsec_bino_mNScan_met100_nojet.pdf, id=7908, 569.12625pt x 440.64626pt>
File: can_xsec_bino_mNScan_met100_nojet.pdf Graphic file (type pdf)

<use can_xsec_bino_mNScan_met100_nojet.pdf>

Package hyperref Warning: Token not allowed in a PDF string (PDFDocEncoding):
(hyperref)                removing `math shift' on input line 36.


Package hyperref Warning: Token not allowed in a PDF string (PDFDocEncoding):
(hyperref)                removing `\times' on input line 36.


Package hyperref Warning: Token not allowed in a PDF string (PDFDocEncoding):
(hyperref)                removing `math shift' on input line 36.


<mgluino_vs_msquark_METGeq50GeV_bino_old.pdf, id=7916, 569.12625pt x 546.04pt>
File: mgluino_vs_msquark_METGeq50GeV_bino_old.pdf Graphic file (type pdf)

<use mgluino_vs_msquark_METGeq50GeV_bino_old.pdf>
<mgluino_vs_msquark_METGeq50GeV_bino_old_1jet.pdf, id=7917, 569.12625pt x 546.0
4pt>
File: mgluino_vs_msquark_METGeq50GeV_bino_old_1jet.pdf Graphic file (type pdf)
 <use mgluino_vs_msquark_METGeq50GeV_bino_old_1jet.pdf>
<mgluino_vs_msquark_METGeq50GeV_wino_old.pdf, id=7918, 569.12625pt x 546.04pt>
File: mgluino_vs_msquark_METGeq50GeV_wino_old.pdf Graphic file (type pdf)

<use mgluino_vs_msquark_METGeq50GeV_wino_old.pdf>
<mgluino_vs_msquark_METGeq50GeV_wino_old_1jet.pdf, id=7919, 569.12625pt x 546.0
4pt>
File: mgluino_vs_msquark_METGeq50GeV_wino_old_1jet.pdf Graphic file (type pdf)
 <use mgluino_vs_msquark_METGeq50GeV_wino_old_1jet.pdf>
<mgluino_vs_mbino_METGeq50GeV_old.pdf, id=7920, 569.12625pt x 546.04pt>
File: mgluino_vs_mbino_METGeq50GeV_old.pdf Graphic file (type pdf)

<use mgluino_vs_mbino_METGeq50GeV_old.pdf>
<mgluino_vs_mbino_METGeq50GeV_old_1jet.pdf, id=7921, 569.12625pt x 546.04pt>
File: mgluino_vs_mbino_METGeq50GeV_old_1jet.pdf Graphic file (type pdf)

<use mgluino_vs_mbino_METGeq50GeV_old_1jet.pdf> [92] [93 <./can_xsec_bino_mN375
_met100_nojet.pdf, page is rotated 90 degrees> <./can_xsec_wino_mN375_met100_no
jet.pdf, page is rotated 90 degrees> <./can_xsec_bino_mNScan_met100_nojet.pdf, 
page is rotated 90 degrees>] [94 <./mgluino_vs_msquark_METGeq50GeV_bino_old.pdf
, page is rotated 90 degrees> <./mgluino_vs_msquark_METGeq50GeV_bino_old_1jet.p
df, page is rotated 90 degrees> <./mgluino_vs_msquark_METGeq50GeV_wino_old.pdf,
 page is rotated 90 degrees> <./mgluino_vs_msquark_METGeq50GeV_wino_old_1jet.pd
f, page is rotated 90 degrees> <./mgluino_vs_mbino_METGeq50GeV_old.pdf, page is
 rotated 90 degrees> <./mgluino_vs_mbino_METGeq50GeV_old_1jet.pdf, page is rota
ted 90 degrees>] [95]
Underfull \hbox (badness 10000) in paragraph at lines 78--78
[][]\OT1/cmr/m/n/12 Added
 []


Underfull \hbox (badness 10000) in paragraph at lines 78--78
\OT1/cmr/m/n/12 sig-nal
 []


Underfull \hbox (badness 10000) in paragraph at lines 78--78
\OT1/cmr/m/n/12 con-tam-
 []


Underfull \hbox (badness 10000) in paragraph at lines 78--78
\OT1/cmr/m/n/12 i-na-tion
 []


Package hyperref Warning: Token not allowed in a PDF string (PDFDocEncoding):
(hyperref)                removing `math shift' on input line 80.


Package hyperref Warning: Token not allowed in a PDF string (PDFDocEncoding):
(hyperref)                removing `subscript' on input line 80.


Package hyperref Warning: Token not allowed in a PDF string (PDFDocEncoding):
(hyperref)                removing `math shift' on input line 80.

[96] [97] [98] [99] [100] [101]
Overfull \hbox (0.39236pt too wide) in paragraph at lines 188--189
\OT1/cmr/m/n/12 pected $[][]$ lim-its us-ing 100 toy MC pseudo-experiments to g
en-er-ate $\OML/cmm/m/it/12 f\OT1/cmr/m/n/12 ([]\OMS/cmsy/m/n/12 j\OML/cmm/m/it
/12 ^^V; []\OT1/cmr/m/n/12 )$
 []

[102]
Overfull \hbox (10.25073pt too wide) in paragraph at lines 197--198
[]\OT1/cmr/m/n/12 Determine the ob-served ($\OML/cmm/m/it/12 ^^V[]$\OT1/cmr/m/n
/12 ), me-dian ex-pected ($\OML/cmm/m/it/12 ^^V[]$\OT1/cmr/m/n/12 ), and $\OMS/
cmsy/m/n/12 ^^F\OT1/cmr/m/n/12 1\OML/cmm/m/it/12 ^^[$ \OT1/cmr/m/n/12 ($\OML/cm
m/m/it/12 ^^V[]$\OT1/cmr/m/n/12 )
 []

[103]
<can_limit_bino_mN375_met100_nojet.pdf, id=8428, 569.12625pt x 440.64626pt>
File: can_limit_bino_mN375_met100_nojet.pdf Graphic file (type pdf)

<use can_limit_bino_mN375_met100_nojet.pdf>
<can_limit_bino_mN375_met100_1jet.pdf, id=8429, 569.12625pt x 440.64626pt>
File: can_limit_bino_mN375_met100_1jet.pdf Graphic file (type pdf)

<use can_limit_bino_mN375_met100_1jet.pdf>
<can_limit_wino_mN375_met100_nojet.pdf, id=8430, 569.12625pt x 440.64626pt>
File: can_limit_wino_mN375_met100_nojet.pdf Graphic file (type pdf)

<use can_limit_wino_mN375_met100_nojet.pdf>
<can_limit_wino_mN375_met100_1jet.pdf, id=8431, 569.12625pt x 440.64626pt>
File: can_limit_wino_mN375_met100_1jet.pdf Graphic file (type pdf)

<use can_limit_wino_mN375_met100_1jet.pdf>
<can_limit_bino_mNScan_met100_nojet.pdf, id=8432, 569.12625pt x 440.64626pt>
File: can_limit_bino_mNScan_met100_nojet.pdf Graphic file (type pdf)

<use can_limit_bino_mNScan_met100_nojet.pdf>
<can_limit_bino_mNScan_met100_1jet.pdf, id=8433, 569.12625pt x 440.64626pt>
File: can_limit_bino_mNScan_met100_1jet.pdf Graphic file (type pdf)

<use can_limit_bino_mNScan_met100_1jet.pdf>
<UL_estimation_points.pdf, id=8436, 1027.84pt x 770.88pt>
File: UL_estimation_points.pdf Graphic file (type pdf)

<use UL_estimation_points.pdf>
<can_excl02_bino_mN375_met100_nojet.pdf, id=8439, 569.12625pt x 440.64626pt>
File: can_excl02_bino_mN375_met100_nojet.pdf Graphic file (type pdf)

<use can_excl02_bino_mN375_met100_nojet.pdf>
<can_excl02_bino_mN375_met100_1jet.pdf, id=8440, 569.12625pt x 440.64626pt>
File: can_excl02_bino_mN375_met100_1jet.pdf Graphic file (type pdf)

<use can_excl02_bino_mN375_met100_1jet.pdf>
<can_excl02_wino_mN375_met100_nojet.pdf, id=8441, 569.12625pt x 440.64626pt>
File: can_excl02_wino_mN375_met100_nojet.pdf Graphic file (type pdf)

<use can_excl02_wino_mN375_met100_nojet.pdf>
<can_excl02_wino_mN375_met100_1jet.pdf, id=8442, 569.12625pt x 440.64626pt>
File: can_excl02_wino_mN375_met100_1jet.pdf Graphic file (type pdf)

<use can_excl02_wino_mN375_met100_1jet.pdf>
<can_excl02_bino_mNScan_met100_nojet.pdf, id=8443, 569.12625pt x 440.64626pt>
File: can_excl02_bino_mNScan_met100_nojet.pdf Graphic file (type pdf)

<use can_excl02_bino_mNScan_met100_nojet.pdf>
<can_excl02_bino_mNScan_met100_1jet.pdf, id=8444, 569.12625pt x 440.64626pt>
File: can_excl02_bino_mNScan_met100_1jet.pdf Graphic file (type pdf)

<use can_excl02_bino_mNScan_met100_1jet.pdf> [104] [105 <./can_limit_bino_mN375
_met100_nojet.pdf, page is rotated 90 degrees> <./can_limit_bino_mN375_met100_1
jet.pdf, page is rotated 90 degrees> <./can_limit_wino_mN375_met100_nojet.pdf, 
page is rotated 90 degrees> <./can_limit_wino_mN375_met100_1jet.pdf, page is ro
tated 90 degrees> <./can_limit_bino_mNScan_met100_nojet.pdf, page is rotated 90
 degrees> <./can_limit_bino_mNScan_met100_1jet.pdf, page is rotated 90 degrees>
]

LaTeX Warning: Citation `HERA' on page 106 undefined on input line 274.


LaTeX Warning: Citation `Hessian' on page 106 undefined on input line 276.

[106 <./UL_estimation_points.pdf>] [107 <./can_excl02_bino_mN375_met100_nojet.p
df, page is rotated 90 degrees> <./can_excl02_bino_mN375_met100_1jet.pdf, page 
is rotated 90 degrees> <./can_excl02_wino_mN375_met100_nojet.pdf, page is rotat
ed 90 degrees> <./can_excl02_wino_mN375_met100_1jet.pdf, page is rotated 90 deg
rees> <./can_excl02_bino_mNScan_met100_nojet.pdf, page is rotated 90 degrees> <
./can_excl02_bino_mNScan_met100_1jet.pdf, page is rotated 90 degrees>])
(./appA.tex [108]
Appendix A.

Package hyperref Warning: Difference (2) between bookmark levels is greater 
(hyperref)                than one, level fixed on input line 34.

[109

] [110]) [111] [112

] [113]
Underfull \hbox (badness 10000) in paragraph at lines 127--129
[]\OT1/cmr/m/n/12 Y. Yang, []$\OT1/cmtt/m/n/12 http : / / www . hep . caltech .
 edu / cms / posters / Pi0Poster _
 []


Overfull \hbox (7.52158pt too wide) in paragraph at lines 132--133
[][]$\OT1/cmtt/m/n/12 https : / / twiki . cern . ch / twiki / bin / view / CMS 
/ ECALEnergyScaleCorrections$[]\OT1/cmr/m/n/12 . 
 []

[114]
Underfull \hbox (badness 10000) in paragraph at lines 156--157
[][]$\OT1/cmtt/m/n/12 http : / / www-[]cdf . fnal . gov / physics / new / top /
 2004 / jets / cdfpublic . html$[]
 []

[115] [116] [117]
Package atveryend Info: Empty hook `BeforeClearDocument' on input line 214.
 [118]
Package atveryend Info: Empty hook `AfterLastShipout' on input line 214.
 (./dissertation.aux)
Package atveryend Info: Executing hook `AtVeryEndDocument' on input line 214.
Package rerunfilecheck Info: File `dissertation.out' has not changed.
(rerunfilecheck)             Checksum: 489134454243C12AD3E5B3881F7406CB;2546.


LaTeX Warning: There were undefined references.


LaTeX Warning: There were multiply-defined labels.

 ) 
Here is how much of TeX's memory you used:
 9639 strings out of 493747
 162365 string characters out of 3143546
 271568 words of memory out of 3000000
 12102 multiletter control sequences out of 15000+200000
 19878 words of font info for 74 fonts, out of 3000000 for 9000
 714 hyphenation exceptions out of 8191
 44i,24n,50p,2675b,573s stack positions out of 5000i,500n,10000p,200000b,50000s
</usr/local/texlive/2010/texmf-dist/fonts/type1/public/amsfonts/cm/cmbx10.pfb
></usr/local/texlive/2010/texmf-dist/fonts/type1/public/amsfonts/cm/cmbx12.pfb>
</usr/local/texlive/2010/texmf-dist/fonts/type1/public/amsfonts/cm/cmbx8.pfb></
usr/local/texlive/2010/texmf-dist/fonts/type1/public/amsfonts/cm/cmex10.pfb></u
sr/local/texlive/2010/texmf-dist/fonts/type1/public/amsfonts/cmextra/cmex8.pfb>
</usr/local/texlive/2010/texmf-dist/fonts/type1/public/amsfonts/cm/cmmi10.pfb><
/usr/local/texlive/2010/texmf-dist/fonts/type1/public/amsfonts/cm/cmmi12.pfb></
usr/local/texlive/2010/texmf-dist/fonts/type1/public/amsfonts/cm/cmmi6.pfb></us
r/local/texlive/2010/texmf-dist/fonts/type1/public/amsfonts/cm/cmmi7.pfb></usr/
local/texlive/2010/texmf-dist/fonts/type1/public/amsfonts/cm/cmmi8.pfb></usr/lo
cal/texlive/2010/texmf-dist/fonts/type1/public/amsfonts/cm/cmmi9.pfb></usr/loca
l/texlive/2010/texmf-dist/fonts/type1/public/amsfonts/cm/cmr10.pfb></usr/local/
texlive/2010/texmf-dist/fonts/type1/public/amsfonts/cm/cmr12.pfb></usr/local/te
xlive/2010/texmf-dist/fonts/type1/public/amsfonts/cm/cmr17.pfb></usr/local/texl
ive/2010/texmf-dist/fonts/type1/public/amsfonts/cm/cmr5.pfb></usr/local/texlive
/2010/texmf-dist/fonts/type1/public/amsfonts/cm/cmr6.pfb></usr/local/texlive/20
10/texmf-dist/fonts/type1/public/amsfonts/cm/cmr7.pfb></usr/local/texlive/2010/
texmf-dist/fonts/type1/public/amsfonts/cm/cmr8.pfb></usr/local/texlive/2010/tex
mf-dist/fonts/type1/public/amsfonts/cm/cmr9.pfb></usr/local/texlive/2010/texmf-
dist/fonts/type1/public/amsfonts/cm/cmss10.pfb></usr/local/texlive/2010/texmf-d
ist/fonts/type1/public/amsfonts/cm/cmss12.pfb></usr/local/texlive/2010/texmf-di
st/fonts/type1/public/amsfonts/cm/cmss8.pfb></usr/local/texlive/2010/texmf-dist
/fonts/type1/public/amsfonts/cm/cmssbx10.pfb></usr/local/texlive/2010/texmf-dis
t/fonts/type1/public/amsfonts/cm/cmssi10.pfb></usr/local/texlive/2010/texmf-dis
t/fonts/type1/public/amsfonts/cm/cmssi12.pfb></usr/local/texlive/2010/texmf-dis
t/fonts/type1/public/amsfonts/cm/cmsy10.pfb></usr/local/texlive/2010/texmf-dist
/fonts/type1/public/amsfonts/cm/cmsy5.pfb></usr/local/texlive/2010/texmf-dist/f
onts/type1/public/amsfonts/cm/cmsy6.pfb></usr/local/texlive/2010/texmf-dist/fon
ts/type1/public/amsfonts/cm/cmsy7.pfb></usr/local/texlive/2010/texmf-dist/fonts
/type1/public/amsfonts/cm/cmsy8.pfb></usr/local/texlive/2010/texmf-dist/fonts/t
ype1/public/amsfonts/cm/cmti10.pfb></usr/local/texlive/2010/texmf-dist/fonts/ty
pe1/public/amsfonts/cm/cmti12.pfb></usr/local/texlive/2010/texmf-dist/fonts/typ
e1/public/amsfonts/cm/cmti7.pfb></usr/local/texlive/2010/texmf-dist/fonts/type1
/public/amsfonts/cm/cmti8.pfb></usr/local/texlive/2010/texmf-dist/fonts/type1/p
ublic/amsfonts/cm/cmtt12.pfb></usr/local/texlive/2010/texmf-dist/fonts/type1/pu
blic/mathpazo/fplmr.pfb></usr/local/texlive/2010/texmf-dist/fonts/type1/public/
mathpazo/fplmri.pfb></usr/local/texlive/2010/texmf-dist/fonts/type1/public/amsf
onts/symbols/msam10.pfb></usr/local/texlive/2010/texmf-dist/fonts/type1/urw/cou
rier/ucrr8a.pfb></usr/local/texlive/2010/texmf-dist/fonts/type1/urw/helvetic/uh
vb8a.pfb></usr/local/texlive/2010/texmf-dist/fonts/type1/urw/helvetic/uhvr8a.pf
b></usr/local/texlive/2010/texmf-dist/fonts/type1/urw/palatino/uplr8a.pfb></usr
/local/texlive/2010/texmf-dist/fonts/type1/urw/palatino/uplri8a.pfb></usr/local
/texlive/2010/texmf-dist/fonts/type1/urw/symbol/usyr.pfb></usr/local/texlive/20
10/texmf-dist/fonts/type1/urw/times/utmb8a.pfb></usr/local/texlive/2010/texmf-d
ist/fonts/type1/urw/times/utmr8a.pfb></usr/local/texlive/2010/texmf-dist/fonts/
type1/urw/times/utmri8a.pfb>
Output written on dissertation.pdf (119 pages, 6814443 bytes).
PDF statistics:
 9305 PDF objects out of 10688 (max. 8388607)
 6055 compressed objects within 61 object streams
 515 named destinations out of 1000 (max. 500000)
 966 words of extra memory for PDF output out of 10000 (max. 10000000)

