\BOOKMARK [0][-]{chapter.1}{Introduction}{}% 1
\BOOKMARK [0][-]{chapter.2}{Motivation for Physics Beyond the Standard Model}{}% 2
\BOOKMARK [1][-]{section.2.1}{The Standard Model and Electroweak Symmetry Breaking}{chapter.2}% 3
\BOOKMARK [1][-]{section.2.2}{Implications of the Higgs Mechanism}{chapter.2}% 4
\BOOKMARK [1][-]{section.2.3}{Addressing Problems of the Standard Model with Supersymmetry}{chapter.2}% 5
\BOOKMARK [0][-]{chapter.3}{The Supersymmetric Extension to the Standard Model}{}% 6
\BOOKMARK [1][-]{section.3.1}{Supermultiplet Representation}{chapter.3}% 7
\BOOKMARK [1][-]{section.3.2}{The Unbroken SUSY Lagrangian}{chapter.3}% 8
\BOOKMARK [1][-]{section.3.3}{Soft SUSY Breaking}{chapter.3}% 9
\BOOKMARK [1][-]{section.3.4}{Gauge-Mediated SUSY Breaking}{chapter.3}% 10
\BOOKMARK [1][-]{section.3.5}{Phenomenology of General Gauge Mediation}{chapter.3}% 11
\BOOKMARK [1][-]{section.3.6}{Experimental Status of SUSY}{chapter.3}% 12
\BOOKMARK [0][-]{chapter.4}{The Large Hadron Collider}{}% 13
\BOOKMARK [1][-]{section.4.1}{Design Considerations and Performance Limitations}{chapter.4}% 14
\BOOKMARK [1][-]{section.4.2}{Beam Injection}{chapter.4}% 15
\BOOKMARK [1][-]{section.4.3}{Magnets and Cryogenics}{chapter.4}% 16
\BOOKMARK [1][-]{section.4.4}{Radiofrequency Cavities}{chapter.4}% 17
\BOOKMARK [0][-]{chapter.5}{The Compact Muon Solenoid Experiment}{}% 18
\BOOKMARK [1][-]{section.5.1}{The Detectors and Their Operating Principles}{chapter.5}% 19
\BOOKMARK [2][-]{subsection.5.1.1}{Tracking System}{section.5.1}% 20
\BOOKMARK [2][-]{subsection.5.1.2}{Electromagnetic Calorimeter}{section.5.1}% 21
\BOOKMARK [2][-]{subsection.5.1.3}{Hadronic Calorimeter}{section.5.1}% 22
\BOOKMARK [2][-]{subsection.5.1.4}{Muon System}{section.5.1}% 23
\BOOKMARK [1][-]{section.5.2}{Triggering, Data Acquisition, and Data Transfer}{chapter.5}% 24
\BOOKMARK [2][-]{subsection.5.2.1}{Level 1 and High Level Trigger Systems}{section.5.2}% 25
\BOOKMARK [2][-]{subsection.5.2.2}{Data Acquisition System}{section.5.2}% 26
\BOOKMARK [2][-]{subsection.5.2.3}{Data Processing and Transfer to Computing Centers}{section.5.2}% 27
\BOOKMARK [0][-]{chapter.6}{Event Selection}{}% 28
\BOOKMARK [1][-]{section.6.1}{Object Reconstruction}{chapter.6}% 29
\BOOKMARK [2][-]{subsection.6.1.1}{Photons}{section.6.1}% 30
\BOOKMARK [2][-]{subsection.6.1.2}{Electrons}{section.6.1}% 31
\BOOKMARK [2][-]{subsection.6.1.3}{Jets and Missing Transverse Energy}{section.6.1}% 32
\BOOKMARK [1][-]{section.6.2}{HLT}{chapter.6}% 33
\BOOKMARK [1][-]{section.6.3}{Event Quality}{chapter.6}% 34
\BOOKMARK [1][-]{section.6.4}{Photon Identification Efficiency}{chapter.6}% 35
\BOOKMARK [2][-]{subsection.6.4.1}{Tag and Probe Method}{section.6.4}% 36
\BOOKMARK [2][-]{subsection.6.4.2}{Photon Efficiency Scale Factor edata/eMC}{section.6.4}% 37
\BOOKMARK [0][-]{chapter.7}{Data Analysis}{}% 38
\BOOKMARK [1][-]{section.7.1}{Control Samples}{chapter.7}% 39
\BOOKMARK [1][-]{section.7.2}{Modeling the QCD Background}{chapter.7}% 40
\BOOKMARK [2][-]{subsection.7.2.1}{Outline of the Procedure}{section.7.2}% 41
\BOOKMARK [2][-]{subsection.7.2.2}{Reweighting}{section.7.2}% 42
\BOOKMARK [2][-]{subsection.7.2.3}{Normalization}{section.7.2}% 43
\BOOKMARK [1][-]{section.7.3}{Modeling the Electroweak Background}{chapter.7}% 44
\BOOKMARK [1][-]{section.7.4}{Errors on the Background Prediction}{chapter.7}% 45
\BOOKMARK [1][-]{section.7.5}{Results}{chapter.7}% 46
\BOOKMARK [0][-]{chapter.8}{Interpretation of Results in Terms of GMSB Models}{}% 47
\BOOKMARK [1][-]{section.8.1}{Simplified Models}{chapter.8}% 48
\BOOKMARK [1][-]{section.8.2}{Upper Limit Calculation and Model Exclusion}{chapter.8}% 49
\BOOKMARK [2][-]{subsection.8.2.1}{Signal Acceptance \040Efficiency}{section.8.2}% 50
\BOOKMARK [2][-]{subsection.8.2.2}{CLs and the Profile Likelihood Test Statistic}{section.8.2}% 51
\BOOKMARK [1][-]{section.8.3}{Cross Section Upper Limits}{chapter.8}% 52
\BOOKMARK [1][-]{section.8.4}{Exclusion Contours}{chapter.8}% 53
\BOOKMARK [0][-]{chapter.9}{Conclusion}{}% 54
\BOOKMARK [0][-]{appendix.A}{Monte Carlo Samples}{}% 55
\BOOKMARK [1][-]{section.A.1}{List of Samples}{appendix.A}% 56
\BOOKMARK [1][-]{section.A.2}{Explanation of Naming Conventions}{appendix.A}% 57
